2025-07-22T14:47:59.883660262Z ==> Cloning from https://github.com/chainsyncstore/ChainSync
2025-07-22T14:48:03.122794111Z ==> Checking out commit 2766efdff8917b65f730ee30376d9a82311f5992 in branch main
2025-07-22T14:48:04.977920489Z ==> Using Node.js version 18.20.0 via /opt/render/project/src/.node-version
2025-07-22T14:48:05.003358112Z ==> Node.js version 18.20.0 has reached end-of-life.
2025-07-22T14:48:05.003379033Z ==> Upgrade to a maintained version to receive important security updates.
2025-07-22T14:48:05.003382053Z ==> Information on maintained Node.js versions: https://nodejs.org/en/about/previous-releases
2025-07-22T14:48:05.003403453Z ==> Docs on specifying a Node.js version: https://render.com/docs/node-version
2025-07-22T14:48:06.665159697Z ==> Using Bun version 1.1.0 (default)
2025-07-22T14:48:06.665180137Z ==> Docs on specifying a Bun version: https://render.com/docs/bun-version
2025-07-22T14:48:06.735948977Z ==> Running build command './render-build.sh'...
2025-07-22T14:48:06.741902925Z + npm ci
2025-07-22T14:48:30.762039375Z 
2025-07-22T14:48:30.762066485Z > rest-express@1.0.0 postinstall
2025-07-22T14:48:30.762072455Z > npm run build
2025-07-22T14:48:30.762075715Z 
2025-07-22T14:48:31.055686327Z 
2025-07-22T14:48:31.055710407Z > rest-express@1.0.0 build
2025-07-22T14:48:31.055715507Z > npm run build:client && npm run build:server
2025-07-22T14:48:31.055718987Z 
2025-07-22T14:48:31.400958469Z 
2025-07-22T14:48:31.40097735Z > rest-express@1.0.0 build:client
2025-07-22T14:48:31.40098058Z > npx vite build
2025-07-22T14:48:31.40098339Z 
2025-07-22T14:48:35.257460886Z failed to load config from /opt/render/project/src/vite.config.ts
2025-07-22T14:48:35.257611129Z error during build:
2025-07-22T14:48:35.257620339Z Error [ERR_MODULE_NOT_FOUND]: Cannot find package 'vite' imported from /opt/render/project/src/node_modules/.vite-temp/vite.config.ts.timestamp-1753195715254-f69888b0811ef.mjs
2025-07-22T14:48:35.257625459Z     at new NodeError (node:internal/errors:405:5)
2025-07-22T14:48:35.257629709Z     at packageResolve (node:internal/modules/esm/resolve:916:9)
2025-07-22T14:48:35.257638149Z     at moduleResolve (node:internal/modules/esm/resolve:973:20)
2025-07-22T14:48:35.257642859Z     at defaultResolve (node:internal/modules/esm/resolve:1193:11)
2025-07-22T14:48:35.25764729Z     at ModuleLoader.defaultResolve (node:internal/modules/esm/loader:404:12)
2025-07-22T14:48:35.25765143Z     at ModuleLoader.resolve (node:internal/modules/esm/loader:373:25)
2025-07-22T14:48:35.25765531Z     at ModuleLoader.getModuleJob (node:internal/modules/esm/loader:250:38)
2025-07-22T14:48:35.25765918Z     at ModuleWrap.<anonymous> (node:internal/modules/esm/module_job:76:39)
2025-07-22T14:48:35.25766348Z     at link (node:internal/modules/esm/module_job:75:36)
2025-07-22T14:48:35.307849505Z npm ERR! code 1
2025-07-22T14:48:35.308033138Z npm ERR! path /opt/render/project/src
2025-07-22T14:48:35.309180549Z npm ERR! command failed
2025-07-22T14:48:35.309217649Z npm ERR! command sh -c npm run build
2025-07-22T14:48:35.310096235Z 
2025-07-22T14:48:35.310138206Z npm ERR! A complete log of this run can be found in: /opt/render/.cache/_logs/2025-07-22T14_48_06_974Z-debug-0.log
2025-07-22T14:48:35.376436455Z + npm install typescript ts-node tsc-alias terser vite --save-dev
2025-07-22T14:48:38.524073973Z 
2025-07-22T14:48:38.524101873Z up to date, audited 810 packages in 3s
2025-07-22T14:48:38.524229646Z 
2025-07-22T14:48:38.524251946Z 63 packages are looking for funding
2025-07-22T14:48:38.524309657Z   run `npm fund` for details
2025-07-22T14:48:38.52940104Z 
2025-07-22T14:48:38.52943142Z 7 vulnerabilities (3 low, 2 moderate, 1 high, 1 critical)
2025-07-22T14:48:38.52943425Z 
2025-07-22T14:48:38.52943646Z To address issues that do not require attention, run:
2025-07-22T14:48:38.52943865Z   npm audit fix
2025-07-22T14:48:38.529440861Z 
2025-07-22T14:48:38.529446121Z Some issues need review, and may require choosing
2025-07-22T14:48:38.529449051Z a different dependency.
2025-07-22T14:48:38.529451041Z 
2025-07-22T14:48:38.529453761Z Run `npm audit` for details.
2025-07-22T14:48:38.564316606Z + '[' '!' -f vite.config.js ']'
2025-07-22T14:48:38.564359747Z + '[' '!' -f vite.config.ts ']'
2025-07-22T14:48:38.564366107Z Building client...
2025-07-22T14:48:38.564369137Z + echo 'Building client...'
2025-07-22T14:48:38.564386087Z + npm run build:client
2025-07-22T14:48:38.852255014Z 
2025-07-22T14:48:38.852277345Z > rest-express@1.0.0 build:client
2025-07-22T14:48:38.852280465Z > npx vite build
2025-07-22T14:48:38.852282594Z 
2025-07-22T14:48:39.888405829Z failed to load config from /opt/render/project/src/vite.config.ts
2025-07-22T14:48:39.888538461Z error during build:
2025-07-22T14:48:39.888546581Z Error [ERR_MODULE_NOT_FOUND]: Cannot find package 'vite' imported from /opt/render/project/src/node_modules/.vite-temp/vite.config.ts.timestamp-1753195719885-7d1c708f988a9.mjs
2025-07-22T14:48:39.888549812Z     at new NodeError (node:internal/errors:405:5)
2025-07-22T14:48:39.888554141Z     at packageResolve (node:internal/modules/esm/resolve:916:9)
2025-07-22T14:48:39.888556212Z     at moduleResolve (node:internal/modules/esm/resolve:973:20)
2025-07-22T14:48:39.888560112Z     at defaultResolve (node:internal/modules/esm/resolve:1193:11)
2025-07-22T14:48:39.888562212Z     at ModuleLoader.defaultResolve (node:internal/modules/esm/loader:404:12)
2025-07-22T14:48:39.888564242Z     at ModuleLoader.resolve (node:internal/modules/esm/loader:373:25)
2025-07-22T14:48:39.888566472Z     at ModuleLoader.getModuleJob (node:internal/modules/esm/loader:250:38)
2025-07-22T14:48:39.888568482Z     at ModuleWrap.<anonymous> (node:internal/modules/esm/module_job:76:39)
2025-07-22T14:48:39.888570632Z     at link (node:internal/modules/esm/module_job:75:36)
2025-07-22T14:48:39.91482359Z + echo 'Client build completed with warnings'
2025-07-22T14:48:39.91482472Z Client build completed with warnings
2025-07-22T14:48:39.914840911Z + echo 'Building server with error tolerance...'
2025-07-22T14:48:39.914849651Z Building server with error tolerance...
2025-07-22T14:48:39.914853111Z + npm run build:server
2025-07-22T14:48:40.174287239Z 
2025-07-22T14:48:40.17431073Z > rest-express@1.0.0 build:server
2025-07-22T14:48:40.17431482Z > tsc -p tsconfig.server.json && tsc-alias -p tsconfig.server.json
2025-07-22T14:48:40.17431745Z 
2025-07-22T14:48:51.301853333Z db/index.ts(3,16): error TS7016: Could not find a declaration file for module 'ws'. '/opt/render/project/src/node_modules/ws/index.js' implicitly has an 'any' type.
2025-07-22T14:48:51.301882664Z   Try `npm i --save-dev @types/ws` if it exists or add a new declaration (.d.ts) file containing `declare module 'ws';`
2025-07-22T14:48:51.30220006Z db/migrations/20250523_standardize_schema.ts(8,29): error TS2307: Cannot find module 'kysely' or its corresponding type declarations.
2025-07-22T14:48:51.30221151Z db/migrations/20250523_standardize_schema.ts(47,32): error TS7006: Parameter 'col' implicitly has an 'any' type.
2025-07-22T14:48:51.302251641Z db/migrations/20250523_standardize_schema.ts(102,32): error TS7006: Parameter 'col' implicitly has an 'any' type.
2025-07-22T14:48:51.302258021Z db/migrations/setup.ts(98,37): error TS2304: Cannot find name 'sql'.
2025-07-22T14:48:51.302458954Z db/seed-returns.ts(52,30): error TS2339: Property 'returnReasons' does not exist on type 'typeof import("/opt/render/project/src/shared/schema")'.
2025-07-22T14:48:51.302509115Z db/seed.ts(33,50): error TS2339: Property 'categories' does not exist on type 'typeof import("/opt/render/project/src/shared/schema")'.
2025-07-22T14:48:51.302514435Z db/seed.ts(111,65): error TS2769: No overload matches this call.
2025-07-22T14:48:51.302518715Z   Overload 1 of 2, '(value: { name: string | SQL<unknown> | Placeholder<string, any>; location: string | SQL<unknown> | Placeholder<string, any>; id?: number | SQL<unknown> | Placeholder<string, any> | undefined; isActive?: boolean | ... 3 more ... | undefined; createdAt?: Date | ... 3 more ... | undefined; updatedAt?: Date | ... 3 more ... | undefined; managerId?: number | ... 3 more ... | undefined; }): PgInsertBase<...>', gave the following error.
2025-07-22T14:48:51.302614477Z     Argument of type '{ name: string; address: string; city: string; state: string; country: string; phone: string; email: string; timezone: string; status: string; }' is not assignable to parameter of type '{ name: string | SQL<unknown> | Placeholder<string, any>; location: string | SQL<unknown> | Placeholder<string, any>; id?: number | SQL<unknown> | Placeholder<string, any> | undefined; isActive?: boolean | ... 3 more ... | undefined; createdAt?: Date | ... 3 more ... | undefined; updatedAt?: Date | ... 3 more ... | ...'.
2025-07-22T14:48:51.302657618Z       Property 'location' is missing in type '{ name: string; address: string; city: string; state: string; country: string; phone: string; email: string; timezone: string; status: string; }' but required in type '{ name: string | SQL<unknown> | Placeholder<string, any>; location: string | SQL<unknown> | Placeholder<string, any>; id?: number | SQL<unknown> | Placeholder<string, any> | undefined; isActive?: boolean | ... 3 more ... | undefined; createdAt?: Date | ... 3 more ... | undefined; updatedAt?: Date | ... 3 more ... | ...'.
2025-07-22T14:48:51.302660638Z   Overload 2 of 2, '(values: { name: string | SQL<unknown> | Placeholder<string, any>; location: string | SQL<unknown> | Placeholder<string, any>; id?: number | SQL<unknown> | Placeholder<string, any> | undefined; isActive?: boolean | ... 3 more ... | undefined; createdAt?: Date | ... 3 more ... | undefined; updatedAt?: Date | ... 3 more ... | undefined; managerId?: number | ... 3 more ... | undefined; }[]): PgInsertBase<...>', gave the following error.
2025-07-22T14:48:51.302663348Z     Argument of type '{ name: string; address: string; city: string; state: string; country: string; phone: string; email: string; timezone: string; status: string; }' is not assignable to parameter of type '{ name: string | SQL<unknown> | Placeholder<string, any>; location: string | SQL<unknown> | Placeholder<string, any>; id?: number | SQL<unknown> | Placeholder<string, any> | undefined; isActive?: boolean | ... 3 more ... | undefined; createdAt?: Date | ... 3 more ... | undefined; updatedAt?: Date | ... 3 more ... | ...'.
2025-07-22T14:48:51.302692218Z       Type '{ name: string; address: string; city: string; state: string; country: string; phone: string; email: string; timezone: string; status: string; }' is missing the following properties from type '{ name: string | SQL<unknown> | Placeholder<string, any>; location: string | SQL<unknown> | Placeholder<string, any>; id?: number | SQL<unknown> | Placeholder<string, any> | undefined; isActive?: boolean | ... 3 more ... | undefined; createdAt?: Date | ... 3 more ... | undefined; updatedAt?: Date | ... 3 more ... | ...': length, pop, push, concat, and 29 more.
2025-07-22T14:48:51.302697258Z db/seed.ts(182,44): error TS7006: Parameter 'c' implicitly has an 'any' type.
2025-07-22T14:48:51.302699749Z db/seed.ts(192,44): error TS7006: Parameter 'c' implicitly has an 'any' type.
2025-07-22T14:48:51.302723969Z db/seed.ts(202,44): error TS7006: Parameter 'c' implicitly has an 'any' type.
2025-07-22T14:48:51.30275765Z db/seed.ts(212,44): error TS7006: Parameter 'c' implicitly has an 'any' type.
2025-07-22T14:48:51.30276104Z db/seed.ts(222,44): error TS7006: Parameter 'c' implicitly has an 'any' type.
2025-07-22T14:48:51.30276368Z db/seed.ts(232,44): error TS7006: Parameter 'c' implicitly has an 'any' type.
2025-07-22T14:48:51.30276601Z db/seed.ts(242,44): error TS7006: Parameter 'c' implicitly has an 'any' type.
2025-07-22T14:48:51.30276825Z db/seed.ts(252,44): error TS7006: Parameter 'c' implicitly has an 'any' type.
2025-07-22T14:48:51.30277062Z db/seed.ts(262,44): error TS7006: Parameter 'c' implicitly has an 'any' type.
2025-07-22T14:48:51.30277287Z db/seed.ts(272,44): error TS7006: Parameter 'c' implicitly has an 'any' type.
2025-07-22T14:48:51.30277776Z db/seed.ts(306,33): error TS2339: Property 'isPerishable' does not exist on type '{ name: string; id: number; brand: string | null; isActive: boolean | null; createdAt: Date | null; updatedAt: Date | null; description: string | null; barcode: string | null; price: string; cost: string | null; category: string | null; unit: string | null; }'.
2025-07-22T14:48:51.302985934Z db/seed.ts(314,21): error TS2339: Property 'isPerishable' does not exist on type '{ name: string; id: number; brand: string | null; isActive: boolean | null; createdAt: Date | null; updatedAt: Date | null; description: string | null; barcode: string | null; price: string; cost: string | null; category: string | null; unit: string | null; }'.
2025-07-22T14:48:51.302991554Z db/seed.ts(326,34): error TS2339: Property 'inventoryBatches' does not exist on type 'typeof import("/opt/render/project/src/shared/schema")'.
2025-07-22T14:48:51.302995444Z db/seed.ts(402,30): error TS2551: Property 'transactionItems' does not exist on type 'typeof import("/opt/render/project/src/shared/schema")'. Did you mean 'transactions'?
2025-07-22T14:48:51.303028164Z db/seed.ts(420,17): error TS2353: Object literal may only specify known properties, and 'totalQuantity' does not exist in type '{ storeId?: number | SQL<unknown> | PgColumn<ColumnBaseConfig<ColumnDataType, string>, {}, {}> | undefined; productId?: number | SQL<...> | PgColumn<...> | undefined; ... 5 more ...; lastRestocked?: Date | ... 3 more ... | undefined; }'.
2025-07-22T14:48:51.303032705Z db/seed.ts(420,54): error TS2339: Property 'totalQuantity' does not exist on type '{ id: number; storeId: number; updatedAt: Date | null; productId: number; quantity: number | null; minStock: number | null; maxStock: number | null; lastRestocked: Date | null; }'.
2025-07-22T14:48:51.303152007Z server/__mocks__/vite.ts(3,14): error TS2304: Cannot find name 'jest'.
2025-07-22T14:48:51.303156527Z server/__mocks__/vite.ts(4,16): error TS2304: Cannot find name 'jest'.
2025-07-22T14:48:51.303162667Z server/__mocks__/vite.ts(5,8): error TS2304: Cannot find name 'jest'.
2025-07-22T14:48:51.303278879Z server/app.ts(4,21): error TS7016: Could not find a declaration file for module 'express-session'. '/opt/render/project/src/node_modules/express-session/index.js' implicitly has an 'any' type.
2025-07-22T14:48:51.303283889Z   Try `npm i --save-dev @types/express-session` if it exists or add a new declaration (.d.ts) file containing `declare module 'express-session';`
2025-07-22T14:48:51.303286399Z server/app.ts(116,9): error TS2769: No overload matches this call.
2025-07-22T14:48:51.30331911Z   The last overload gave the following error.
2025-07-22T14:48:51.30332189Z     Argument of type '(req: Request, res: Response, next: NextFunction) => void' is not assignable to parameter of type 'PathParams'.
2025-07-22T14:48:51.30332452Z server/app.ts(129,15): error TS2769: No overload matches this call.
2025-07-22T14:48:51.30332721Z   The last overload gave the following error.
2025-07-22T14:48:51.30333Z     Argument of type '(req: Request, res: Response, next: NextFunction) => void | Response<any, Record<string, any>>' is not assignable to parameter of type 'PathParams'.
2025-07-22T14:48:51.303367601Z server/app.ts(130,15): error TS2769: No overload matches this call.
2025-07-22T14:48:51.303373611Z   The last overload gave the following error.
2025-07-22T14:48:51.303376231Z     Argument of type '(req: Request, res: Response, next: NextFunction) => void | Response<any, Record<string, any>>' is not assignable to parameter of type 'PathParams'.
2025-07-22T14:48:51.303378661Z server/app.ts(178,9): error TS2769: No overload matches this call.
2025-07-22T14:48:51.303380971Z   The last overload gave the following error.
2025-07-22T14:48:51.303383431Z     Argument of type '(err: any, req: express.Request, res: express.Response, next: express.NextFunction) => void' is not assignable to parameter of type 'PathParams'.
2025-07-22T14:48:51.303386011Z server/config/ai.ts(32,5): error TS2345: Argument of type 'boolean' is not assignable to parameter of type 'Record<string, unknown>'.
2025-07-22T14:48:51.303397061Z server/config/ai.ts(40,5): error TS2345: Argument of type 'boolean' is not assignable to parameter of type 'Record<string, unknown>'.
2025-07-22T14:48:51.303399881Z server/config/ai.ts(48,5): error TS2345: Argument of type 'boolean' is not assignable to parameter of type 'Record<string, unknown>'.
2025-07-22T14:48:51.303402581Z server/config/ai.ts(56,5): error TS2345: Argument of type 'boolean' is not assignable to parameter of type 'Record<string, unknown>'.
2025-07-22T14:48:51.303405622Z server/config/ai.ts(64,5): error TS2345: Argument of type 'boolean' is not assignable to parameter of type 'Record<string, unknown>'.
2025-07-22T14:48:51.303417302Z server/config/ai.ts(72,5): error TS2345: Argument of type 'boolean' is not assignable to parameter of type 'Record<string, unknown>'.
2025-07-22T14:48:51.303423812Z server/config/analytics.ts(32,5): error TS2345: Argument of type 'boolean' is not assignable to parameter of type 'Record<string, unknown>'.
2025-07-22T14:48:51.303426492Z server/config/analytics.ts(40,5): error TS2345: Argument of type 'boolean' is not assignable to parameter of type 'Record<string, unknown>'.
2025-07-22T14:48:51.303431872Z server/config/analytics.ts(48,5): error TS2345: Argument of type 'boolean' is not assignable to parameter of type 'Record<string, unknown>'.
2025-07-22T14:48:51.303434422Z server/config/analytics.ts(56,5): error TS2345: Argument of type 'boolean' is not assignable to parameter of type 'Record<string, unknown>'.
2025-07-22T14:48:51.303436662Z server/config/analytics.ts(64,5): error TS2345: Argument of type 'boolean' is not assignable to parameter of type 'Record<string, unknown>'.
2025-07-22T14:48:51.303444402Z server/config/env.ts(1,24): error TS2307: Cannot find module 'dotenv' or its corresponding type declarations.
2025-07-22T14:48:51.303472793Z server/config/env.ts(2,19): error TS7016: Could not find a declaration file for module 'zod'. '/opt/render/project/src/node_modules/zod/dist/commonjs/index.js' implicitly has an 'any' type.
2025-07-22T14:48:51.303480513Z   There are types at '/opt/render/project/src/node_modules/zod/dist/esm/index.d.ts', but this result could not be resolved under your current 'moduleResolution' setting. Consider updating to 'node16', 'nodenext', or 'bundler'.
2025-07-22T14:48:51.303484943Z server/integrated-index.ts(7,34): error TS1343: The 'import.meta' meta-property is only allowed when the '--module' option is 'es2020', 'es2022', 'esnext', 'system', 'node16', 'node18', or 'nodenext'.
2025-07-22T14:48:51.303492833Z server/middleware/auth.ts(24,16): error TS2665: Invalid module name in augmentation. Module 'express-session' resolves to an untyped module at '/opt/render/project/src/node_modules/express-session/index.js', which cannot be augmented.
2025-07-22T14:48:51.303502743Z server/middleware/auth.ts(40,12): error TS2339: Property 'session' does not exist on type 'Request<ParamsDictionary, any, any, ParsedQs, Record<string, any>>'.
2025-07-22T14:48:51.303516613Z server/middleware/auth.ts(66,14): error TS2339: Property 'session' does not exist on type 'Request<ParamsDictionary, any, any, ParsedQs, Record<string, any>>'.
2025-07-22T14:48:51.303518573Z server/middleware/auth.ts(76,36): error TS2339: Property 'session' does not exist on type 'Request<ParamsDictionary, any, any, ParsedQs, Record<string, any>>'.
2025-07-22T14:48:51.303567874Z server/middleware/auth.ts(81,21): error TS2339: Property 'session' does not exist on type 'Request<ParamsDictionary, any, any, ParsedQs, Record<string, any>>'.
2025-07-22T14:48:51.303572914Z server/middleware/auth.ts(82,23): error TS2339: Property 'session' does not exist on type 'Request<ParamsDictionary, any, any, ParsedQs, Record<string, any>>'.
2025-07-22T14:48:51.303580254Z server/middleware/auth.ts(92,5): error TS2741: Property 'email' is missing in type '{ id: string; role: any; storeId: any; name: any; }' but required in type '{ [key: string]: any; id: string; email: string; role: string; }'.
2025-07-22T14:48:51.303583435Z server/middleware/auth.ts(93,22): error TS2339: Property 'session' does not exist on type 'Request<ParamsDictionary, any, any, ParsedQs, Record<string, any>>'.
2025-07-22T14:48:51.303614185Z server/middleware/auth.ts(94,17): error TS2339: Property 'session' does not exist on type 'Request<ParamsDictionary, any, any, ParsedQs, Record<string, any>>'.
2025-07-22T14:48:51.303618025Z server/middleware/auth.ts(95,20): error TS2339: Property 'session' does not exist on type 'Request<ParamsDictionary, any, any, ParsedQs, Record<string, any>>'.
2025-07-22T14:48:51.303624365Z server/middleware/auth.ts(96,17): error TS2339: Property 'session' does not exist on type 'Request<ParamsDictionary, any, any, ParsedQs, Record<string, any>>'.
2025-07-22T14:48:51.303666206Z server/middleware/auth.ts(110,12): error TS2339: Property 'session' does not exist on type 'Request<ParamsDictionary, any, any, ParsedQs, Record<string, any>>'.
2025-07-22T14:48:51.303670596Z server/middleware/auth.ts(120,11): error TS2339: Property 'session' does not exist on type 'Request<ParamsDictionary, any, any, ParsedQs, Record<string, any>>'.
2025-07-22T14:48:51.303677586Z server/middleware/auth.ts(125,19): error TS2339: Property 'session' does not exist on type 'Request<ParamsDictionary, any, any, ParsedQs, Record<string, any>>'.
2025-07-22T14:48:51.303680556Z server/middleware/auth.ts(126,21): error TS2339: Property 'session' does not exist on type 'Request<ParamsDictionary, any, any, ParsedQs, Record<string, any>>'.
2025-07-22T14:48:51.303700777Z server/middleware/auth.ts(145,12): error TS2339: Property 'session' does not exist on type 'Request<ParamsDictionary, any, any, ParsedQs, Record<string, any>>'.
2025-07-22T14:48:51.303704087Z server/middleware/auth.ts(155,11): error TS2339: Property 'session' does not exist on type 'Request<ParamsDictionary, any, any, ParsedQs, Record<string, any>>'.
2025-07-22T14:48:51.303710737Z server/middleware/auth.ts(155,49): error TS2339: Property 'session' does not exist on type 'Request<ParamsDictionary, any, any, ParsedQs, Record<string, any>>'.
2025-07-22T14:48:51.303716567Z server/middleware/auth.ts(160,19): error TS2339: Property 'session' does not exist on type 'Request<ParamsDictionary, any, any, ParsedQs, Record<string, any>>'.
2025-07-22T14:48:51.303722877Z server/middleware/auth.ts(161,21): error TS2339: Property 'session' does not exist on type 'Request<ParamsDictionary, any, any, ParsedQs, Record<string, any>>'.
2025-07-22T14:48:51.303729107Z server/middleware/auth.ts(180,12): error TS2339: Property 'session' does not exist on type 'Request<ParamsDictionary, any, any, ParsedQs, Record<string, any>>'.
2025-07-22T14:48:51.303746448Z server/middleware/auth.ts(191,32): error TS2339: Property 'session' does not exist on type 'Request<ParamsDictionary, any, any, ParsedQs, Record<string, any>>'.
2025-07-22T14:48:51.30386941Z server/middleware/auth.ts(196,19): error TS2339: Property 'session' does not exist on type 'Request<ParamsDictionary, any, any, ParsedQs, Record<string, any>>'.
2025-07-22T14:48:51.30387341Z server/middleware/auth.ts(197,21): error TS2339: Property 'session' does not exist on type 'Request<ParamsDictionary, any, any, ParsedQs, Record<string, any>>'.
2025-07-22T14:48:51.30387924Z server/middleware/auth.ts(218,14): error TS2339: Property 'session' does not exist on type 'Request<ParamsDictionary, any, any, ParsedQs, Record<string, any>>'.
2025-07-22T14:48:51.30388258Z server/middleware/auth.ts(256,13): error TS2339: Property 'session' does not exist on type 'Request<ParamsDictionary, any, any, ParsedQs, Record<string, any>>'.
2025-07-22T14:48:51.30388835Z server/middleware/auth.ts(258,21): error TS2339: Property 'session' does not exist on type 'Request<ParamsDictionary, any, any, ParsedQs, Record<string, any>>'.
2025-07-22T14:48:51.30389377Z server/middleware/auth.ts(265,13): error TS2339: Property 'session' does not exist on type 'Request<ParamsDictionary, any, any, ParsedQs, Record<string, any>>'.
2025-07-22T14:48:51.303926991Z server/middleware/auth.ts(270,21): error TS2339: Property 'session' does not exist on type 'Request<ParamsDictionary, any, any, ParsedQs, Record<string, any>>'.
2025-07-22T14:48:51.303930751Z server/middleware/auth.ts(271,23): error TS2339: Property 'session' does not exist on type 'Request<ParamsDictionary, any, any, ParsedQs, Record<string, any>>'.
2025-07-22T14:48:51.303933281Z server/middleware/auth.ts(272,30): error TS2339: Property 'session' does not exist on type 'Request<ParamsDictionary, any, any, ParsedQs, Record<string, any>>'.
2025-07-22T14:48:51.303936021Z server/middleware/auth.ts(296,20): error TS2339: Property 'sessionID' does not exist on type 'Request<ParamsDictionary, any, any, ParsedQs, Record<string, any>>'.
2025-07-22T14:48:51.303941871Z server/middleware/auth.ts(297,22): error TS2339: Property 'session' does not exist on type 'Request<ParamsDictionary, any, any, ParsedQs, Record<string, any>>'.
2025-07-22T14:48:51.303944541Z server/middleware/auth.ts(300,11): error TS2339: Property 'session' does not exist on type 'Request<ParamsDictionary, any, any, ParsedQs, Record<string, any>>'.
2025-07-22T14:48:51.303954311Z server/middleware/auth.ts(304,40): error TS2339: Property 'session' does not exist on type 'Request<ParamsDictionary, any, any, ParsedQs, Record<string, any>>'.
2025-07-22T14:48:51.303977302Z server/middleware/auth.ts(307,11): error TS2353: Object literal may only specify known properties, and 'username' does not exist in type '{ id?: boolean | undefined; email?: boolean | undefined; name?: boolean | undefined; password?: boolean | undefined; role?: boolean | undefined; storeId?: boolean | undefined; isActive?: boolean | undefined; createdAt?: boolean | undefined; updatedAt?: boolean | undefined; }'.
2025-07-22T14:48:51.304037153Z server/middleware/auth.ts(317,23): error TS2339: Property 'session' does not exist on type 'Request<ParamsDictionary, any, any, ParsedQs, Record<string, any>>'.
2025-07-22T14:48:51.304066583Z server/middleware/auth.ts(318,26): error TS2339: Property 'sessionID' does not exist on type 'Request<ParamsDictionary, any, any, ParsedQs, Record<string, any>>'.
2025-07-22T14:48:51.304076984Z server/middleware/auth.ts(323,15): error TS2339: Property 'session' does not exist on type 'Request<ParamsDictionary, any, any, ParsedQs, Record<string, any>>'.
2025-07-22T14:48:51.304080434Z server/middleware/auth.ts(323,32): error TS7006: Parameter 'err' implicitly has an 'any' type.
2025-07-22T14:48:51.304083014Z server/middleware/auth.ts(325,81): error TS2339: Property 'sessionID' does not exist on type 'Request<ParamsDictionary, any, any, ParsedQs, Record<string, any>>'.
2025-07-22T14:48:51.304118134Z server/middleware/auth.ts(327,81): error TS2339: Property 'sessionID' does not exist on type 'Request<ParamsDictionary, any, any, ParsedQs, Record<string, any>>'.
2025-07-22T14:48:51.304123975Z server/middleware/auth.ts(348,26): error TS2339: Property 'username' does not exist on type '{ email: string; password: string; name: string; id: number; role: "admin" | "manager" | "cashier" | null; storeId: number | null; isActive: boolean | null; createdAt: Date | null; updatedAt: Date | null; }'.
2025-07-22T14:48:51.304131395Z server/middleware/auth.ts(350,26): error TS2339: Property 'sessionID' does not exist on type 'Request<ParamsDictionary, any, any, ParsedQs, Record<string, any>>'.
2025-07-22T14:48:51.304136825Z server/middleware/auth.ts(355,15): error TS2339: Property 'session' does not exist on type 'Request<ParamsDictionary, any, any, ParsedQs, Record<string, any>>'.
2025-07-22T14:48:51.304170945Z server/middleware/auth.ts(355,32): error TS7006: Parameter 'err' implicitly has an 'any' type.
2025-07-22T14:48:51.304174455Z server/middleware/auth.ts(370,29): error TS2339: Property 'session' does not exist on type 'Request<ParamsDictionary, any, any, ParsedQs, Record<string, any>>'.
2025-07-22T14:48:51.304177185Z server/middleware/auth.ts(373,28): error TS2339: Property 'session' does not exist on type 'Request<ParamsDictionary, any, any, ParsedQs, Record<string, any>>'.
2025-07-22T14:48:51.304179796Z server/middleware/auth.ts(378,13): error TS2339: Property 'session' does not exist on type 'Request<ParamsDictionary, any, any, ParsedQs, Record<string, any>>'.
2025-07-22T14:48:51.304182516Z server/middleware/auth.ts(384,24): error TS2339: Property 'username' does not exist on type '{ email: string; password: string; name: string; id: number; role: "admin" | "manager" | "cashier" | null; storeId: number | null; isActive: boolean | null; createdAt: Date | null; updatedAt: Date | null; }'.
2025-07-22T14:48:51.304219156Z server/middleware/auth.ts(391,24): error TS2339: Property 'username' does not exist on type '{ email: string; password: string; name: string; id: number; role: "admin" | "manager" | "cashier" | null; storeId: number | null; isActive: boolean | null; createdAt: Date | null; updatedAt: Date | null; }'.
2025-07-22T14:48:51.304225476Z server/middleware/auth.ts(399,24): error TS2339: Property 'sessionID' does not exist on type 'Request<ParamsDictionary, any, any, ParsedQs, Record<string, any>>'.
2025-07-22T14:48:51.304228316Z server/middleware/auth.ts(409,22): error TS2339: Property 'sessionID' does not exist on type 'Request<ParamsDictionary, any, any, ParsedQs, Record<string, any>>'.
2025-07-22T14:48:51.304232946Z server/middleware/file-upload.ts(22,7): error TS2717: Subsequent property declarations must have the same type.  Property 'user' must be of type '{ id: string | number; role: string; storeId?: number | undefined; name: string; } | undefined', but here has type '{ [key: string]: any; id: string; role: string; } | undefined'.
2025-07-22T14:48:51.304235686Z server/middleware/file-upload.ts(80,3): error TS2322: Type '(req: Request, file: Express.Multer.File, cb: (error: Error | null, acceptFile: boolean) => void) => Promise<void>' is not assignable to type '(req: Request<ParamsDictionary, any, any, ParsedQs, Record<string, any>>, file: File, callback: FileFilterCallback) => void'.
2025-07-22T14:48:51.304258757Z   Types of parameters 'cb' and 'callback' are incompatible.
2025-07-22T14:48:51.304261637Z     Type 'FileFilterCallback' is not assignable to type '(error: Error | null, acceptFile: boolean) => void'.
2025-07-22T14:48:51.304264127Z       Types of parameters 'error' and 'error' are incompatible.
2025-07-22T14:48:51.304266567Z         Type 'Error | null' is not assignable to type 'Error'.
2025-07-22T14:48:51.304268947Z           Type 'null' is not assignable to type 'Error'.
2025-07-22T14:48:51.304289347Z server/middleware/file-upload.ts(473,11): error TS2722: Cannot invoke an object which is possibly 'undefined'.
2025-07-22T14:48:51.304295927Z server/middleware/file-upload.ts(530,9): error TS2722: Cannot invoke an object which is possibly 'undefined'.
2025-07-22T14:48:51.304299258Z server/middleware/handler.ts(7,17): error TS2769: No overload matches this call.
2025-07-22T14:48:51.304302258Z   Overload 1 of 2, '(req: Request<ParamsDictionary, any, any, ParsedQs, Record<string, any>>, res: Response<any, Record<string, any>>, next: NextFunction): void', gave the following error.
2025-07-22T14:48:51.304304728Z     Argument of type 'Request<...> | Request<...>' is not assignable to parameter of type 'Request<ParamsDictionary, any, any, ParsedQs, Record<string, any>>'.
2025-07-22T14:48:51.304307748Z       Type 'import("/opt/render/project/src/node_modules/@types/express-serve-static-core/index").Request<import("/opt/render/project/src/node_modules/@types/express-serve-static-core/index").ParamsDictionary, any, any, qs.ParsedQs, Record<string, any>>' is not assignable to type 'import("/opt/render/project/src/node_modules/@types/express/index").Request<import("/opt/render/project/src/node_modules/@types/express-serve-static-core/index").ParamsDictionary, any, any, qs.ParsedQs, Record<string, any>>'.
2025-07-22T14:48:51.304310618Z         Types of property 'user' are incompatible.
2025-07-22T14:48:51.304314898Z           Type '{ id: string | number; role: string; storeId?: number | undefined; name: string; } | undefined' is not assignable to type '{ [key: string]: any; id: string; email: string; role: string; } | undefined'.
2025-07-22T14:48:51.304317608Z             Property 'email' is missing in type '{ id: string | number; role: string; storeId?: number | undefined; name: string; }' but required in type '{ [key: string]: any; id: string; email: string; role: string; }'.
2025-07-22T14:48:51.304320718Z   Overload 2 of 2, '(req: Request<ParamsDictionary, any, any, ParsedQs, Record<string, any>>, res: Response<any, Record<string, any>, number>, next: NextFunction): void', gave the following error.
2025-07-22T14:48:51.304323158Z     Argument of type 'Request<...> | Request<...>' is not assignable to parameter of type 'Request<ParamsDictionary, any, any, ParsedQs, Record<string, any>>'.
2025-07-22T14:48:51.304325998Z       Type 'import("/opt/render/project/src/node_modules/@types/express/index").Request<import("/opt/render/project/src/node_modules/@types/express-serve-static-core/index").ParamsDictionary, any, any, qs.ParsedQs, Record<string, any>>' is not assignable to type 'import("/opt/render/project/src/node_modules/@types/express-serve-static-core/index").Request<import("/opt/render/project/src/node_modules/@types/express-serve-static-core/index").ParamsDictionary, any, any, qs.ParsedQs, Record<string, any>>'.
2025-07-22T14:48:51.304328648Z         Types of property 'user' are incompatible.
2025-07-22T14:48:51.304354019Z           Type '{ [key: string]: any; id: string; email: string; role: string; } | undefined' is not assignable to type '{ id: string | number; role: string; storeId?: number | undefined; name: string; } | undefined'.
2025-07-22T14:48:51.304363899Z             Property 'name' is missing in type '{ [key: string]: any; id: string; email: string; role: string; }' but required in type '{ id: string | number; role: string; storeId?: number | undefined; name: string; }'.
2025-07-22T14:48:51.304378809Z server/middleware/handler.ts(17,22): error TS2769: No overload matches this call.
2025-07-22T14:48:51.304382319Z   Overload 1 of 2, '(err: any, req: Request<ParamsDictionary, any, any, ParsedQs, Record<string, any>>, res: Response<any, Record<string, any>>, next: NextFunction): void', gave the following error.
2025-07-22T14:48:51.304385679Z     Argument of type 'Request<...> | Request<...>' is not assignable to parameter of type 'Request<ParamsDictionary, any, any, ParsedQs, Record<string, any>>'.
2025-07-22T14:48:51.304402349Z       Type 'import("/opt/render/project/src/node_modules/@types/express-serve-static-core/index").Request<import("/opt/render/project/src/node_modules/@types/express-serve-static-core/index").ParamsDictionary, any, any, qs.ParsedQs, Record<string, any>>' is not assignable to type 'import("/opt/render/project/src/node_modules/@types/express/index").Request<import("/opt/render/project/src/node_modules/@types/express-serve-static-core/index").ParamsDictionary, any, any, qs.ParsedQs, Record<string, any>>'.
2025-07-22T14:48:51.30440559Z         Types of property 'user' are incompatible.
2025-07-22T14:48:51.30440852Z           Type '{ id: string | number; role: string; storeId?: number | undefined; name: string; } | undefined' is not assignable to type '{ [key: string]: any; id: string; email: string; role: string; } | undefined'.
2025-07-22T14:48:51.3044112Z             Property 'email' is missing in type '{ id: string | number; role: string; storeId?: number | undefined; name: string; }' but required in type '{ [key: string]: any; id: string; email: string; role: string; }'.
2025-07-22T14:48:51.30441607Z   Overload 2 of 2, '(err: any, req: Request<ParamsDictionary, any, any, ParsedQs, Record<string, any>>, res: Response<any, Record<string, any>, number>, next: NextFunction): void', gave the following error.
2025-07-22T14:48:51.30441911Z     Argument of type 'Request<...> | Request<...>' is not assignable to parameter of type 'Request<ParamsDictionary, any, any, ParsedQs, Record<string, any>>'.
2025-07-22T14:48:51.30442226Z       Type 'import("/opt/render/project/src/node_modules/@types/express/index").Request<import("/opt/render/project/src/node_modules/@types/express-serve-static-core/index").ParamsDictionary, any, any, qs.ParsedQs, Record<string, any>>' is not assignable to type 'import("/opt/render/project/src/node_modules/@types/express-serve-static-core/index").Request<import("/opt/render/project/src/node_modules/@types/express-serve-static-core/index").ParamsDictionary, any, any, qs.ParsedQs, Record<string, any>>'.
2025-07-22T14:48:51.30442504Z         Types of property 'user' are incompatible.
2025-07-22T14:48:51.30442791Z           Type '{ [key: string]: any; id: string; email: string; role: string; } | undefined' is not assignable to type '{ id: string | number; role: string; storeId?: number | undefined; name: string; } | undefined'.
2025-07-22T14:48:51.30443077Z             Property 'name' is missing in type '{ [key: string]: any; id: string; email: string; role: string; }' but required in type '{ id: string | number; role: string; storeId?: number | undefined; name: string; }'.
2025-07-22T14:48:51.30443377Z server/middleware/rate-limit.ts(49,20): error TS2345: Argument of type 'number | undefined' is not assignable to parameter of type 'number'.
2025-07-22T14:48:51.30443638Z   Type 'undefined' is not assignable to type 'number'.
2025-07-22T14:48:51.30445387Z server/middleware/rate-limit.ts(68,65): error TS2769: No overload matches this call.
2025-07-22T14:48:51.30445873Z   Overload 1 of 2, '(message: string, meta?: LogMeta | undefined): void', gave the following error.
2025-07-22T14:48:51.304461411Z     Argument of type 'unknown' is not assignable to parameter of type 'LogMeta | undefined'.
2025-07-22T14:48:51.304464021Z   Overload 2 of 2, '(message: string, error: LoggableError | Error, meta?: LogMeta | undefined): void', gave the following error.
2025-07-22T14:48:51.304466601Z     Argument of type 'unknown' is not assignable to parameter of type 'LoggableError | Error'.
2025-07-22T14:48:51.304474161Z server/middleware/rate-limit.ts(123,5): error TS2322: Type '{ incr: (key: string, cb: (err: Error | null, hits: number) => void) => void; decrement: (key: string) => void; resetKey: (key: string) => void; } | undefined' is not assignable to type 'Store | LegacyStore | undefined'.
2025-07-22T14:48:51.304484611Z   Type '{ incr: (key: string, cb: (err: Error | null, hits: number) => void) => void; decrement: (key: string) => void; resetKey: (key: string) => void; }' is not assignable to type 'Store | LegacyStore | undefined'.
2025-07-22T14:48:51.304487671Z     Type '{ incr: (key: string, cb: (err: Error | null, hits: number) => void) => void; decrement: (key: string) => void; resetKey: (key: string) => void; }' is not assignable to type 'LegacyStore'.
2025-07-22T14:48:51.304490561Z       Types of property 'incr' are incompatible.
2025-07-22T14:48:51.304493421Z         Type '(key: string, cb: (err: Error | null, hits: number) => void) => void' is not assignable to type '(key: string, callback: IncrementCallback) => void'.
2025-07-22T14:48:51.304496351Z           Types of parameters 'cb' and 'callback' are incompatible.
2025-07-22T14:48:51.304498931Z             Target signature provides too few arguments. Expected 3 or more, but got 2.
2025-07-22T14:48:51.304501751Z server/middleware/rate-limit.ts(176,16): error TS2339: Property 'session' does not exist on type 'Request<ParamsDictionary, any, any, ParsedQs, Record<string, any>>'.
2025-07-22T14:48:51.304504642Z server/middleware/rate-limit.ts(177,19): error TS2339: Property 'session' does not exist on type 'Request<ParamsDictionary, any, any, ParsedQs, Record<string, any>>'.
2025-07-22T14:48:51.304507442Z server/middleware/rate-limit.ts(182,16): error TS2339: Property 'session' does not exist on type 'Request<ParamsDictionary, any, any, ParsedQs, Record<string, any>>'.
2025-07-22T14:48:51.304514662Z server/middleware/rate-limit.ts(182,52): error TS2339: Property 'session' does not exist on type 'Request<ParamsDictionary, any, any, ParsedQs, Record<string, any>>'.
2025-07-22T14:48:51.304528442Z server/middleware/security.ts(7,25): error TS7016: Could not find a declaration file for module 'express-session'. '/opt/render/project/src/node_modules/express-session/index.js' implicitly has an 'any' type.
2025-07-22T14:48:51.304533252Z   Try `npm i --save-dev @types/express-session` if it exists or add a new declaration (.d.ts) file containing `declare module 'express-session';`
2025-07-22T14:48:51.304535072Z server/middleware/security.ts(87,40): error TS2339: Property 'session' does not exist on type 'Request<ParamsDictionary, any, any, ParsedQs, Record<string, any>>'.
2025-07-22T14:48:51.304541232Z server/middleware/security.ts(92,31): error TS2339: Property 'session' does not exist on type 'Request<ParamsDictionary, any, any, ParsedQs, Record<string, any>>'.
2025-07-22T14:48:51.304546042Z server/middleware/security.ts(111,13): error TS2339: Property 'session' does not exist on type 'Request<ParamsDictionary, any, any, ParsedQs, Record<string, any>>'.
2025-07-22T14:48:51.304551602Z server/middleware/security.ts(113,10): error TS2339: Property 'session' does not exist on type 'Request<ParamsDictionary, any, any, ParsedQs, Record<string, any>>'.
2025-07-22T14:48:51.304588613Z server/middleware/security.ts(117,32): error TS2339: Property 'session' does not exist on type 'Request<ParamsDictionary, any, any, ParsedQs, Record<string, any>>'.
2025-07-22T14:48:51.304592683Z server/middleware/utils/logger.ts(2,10): error TS2305: Module '"../types/index"' has no exported member 'FileUploadProgress'.
2025-07-22T14:48:51.304604653Z server/middleware/validation.ts(3,19): error TS7016: Could not find a declaration file for module 'zod'. '/opt/render/project/src/node_modules/zod/dist/commonjs/index.js' implicitly has an 'any' type.
2025-07-22T14:48:51.304608013Z   There are types at '/opt/render/project/src/node_modules/zod/dist/esm/index.d.ts', but this result could not be resolved under your current 'moduleResolution' setting. Consider updating to 'node16', 'nodenext', or 'bundler'.
2025-07-22T14:48:51.304611103Z server/middleware/validation.ts(30,38): error TS7006: Parameter 'err' implicitly has an 'any' type.
2025-07-22T14:48:51.304625304Z server/middleware/validation.ts(58,29): error TS18046: 'error' is of type 'unknown'.
2025-07-22T14:48:51.304628524Z server/middleware/validation.ts(58,46): error TS7006: Parameter 'err' implicitly has an 'any' type.
2025-07-22T14:48:51.304634464Z server/middleware/validation.ts(98,29): error TS18046: 'error' is of type 'unknown'.
2025-07-22T14:48:51.304641274Z server/middleware/validation.ts(98,46): error TS7006: Parameter 'err' implicitly has an 'any' type.
2025-07-22T14:48:51.304647964Z server/middleware/validation.ts(138,29): error TS18046: 'error' is of type 'unknown'.
2025-07-22T14:48:51.304651624Z server/middleware/validation.ts(138,46): error TS7006: Parameter 'err' implicitly has an 'any' type.
2025-07-22T14:48:51.304689005Z server/routes.ts(4,19): error TS7016: Could not find a declaration file for module 'zod'. '/opt/render/project/src/node_modules/zod/dist/commonjs/index.js' implicitly has an 'any' type.
2025-07-22T14:48:51.304691295Z   There are types at '/opt/render/project/src/node_modules/zod/dist/esm/index.d.ts', but this result could not be resolved under your current 'moduleResolution' setting. Consider updating to 'node16', 'nodenext', or 'bundler'.
2025-07-22T14:48:51.304695125Z server/routes.ts(43,74): error TS18046: 'error' is of type 'unknown'.
2025-07-22T14:48:51.304696905Z server/routes.ts(66,75): error TS18046: 'error' is of type 'unknown'.
2025-07-22T14:48:51.304700375Z server/routes.ts(111,77): error TS18046: 'error' is of type 'unknown'.
2025-07-22T14:48:51.304705365Z server/routes.ts(144,79): error TS18046: 'error' is of type 'unknown'.
2025-07-22T14:48:51.304717165Z server/routes.ts(178,81): error TS18046: 'error' is of type 'unknown'.
2025-07-22T14:48:51.304762776Z server/routes/admin-dashboard.ts(64,50): error TS2769: No overload matches this call.
2025-07-22T14:48:51.304769146Z   Overload 1 of 2, '(message: string, meta?: LogMeta | undefined): void', gave the following error.
2025-07-22T14:48:51.304799457Z     Argument of type 'unknown' is not assignable to parameter of type 'LogMeta | undefined'.
2025-07-22T14:48:51.304804637Z   Overload 2 of 2, '(message: string, error: LoggableError | Error, meta?: LogMeta | undefined): void', gave the following error.
2025-07-22T14:48:51.304807477Z     Argument of type 'unknown' is not assignable to parameter of type 'LoggableError | Error'.
2025-07-22T14:48:51.304810107Z server/routes/admin-dashboard.ts(97,47): error TS2769: No overload matches this call.
2025-07-22T14:48:51.304812617Z   Overload 1 of 2, '(message: string, meta?: LogMeta | undefined): void', gave the following error.
2025-07-22T14:48:51.304815067Z     Argument of type 'unknown' is not assignable to parameter of type 'LogMeta | undefined'.
2025-07-22T14:48:51.304817597Z   Overload 2 of 2, '(message: string, error: LoggableError | Error, meta?: LogMeta | undefined): void', gave the following error.
2025-07-22T14:48:51.304820167Z     Argument of type 'unknown' is not assignable to parameter of type 'LoggableError | Error'.
2025-07-22T14:48:51.304858048Z server/routes/admin-dashboard.ts(113,28): error TS2345: Argument of type '{}' is not assignable to parameter of type 'QueueType'.
2025-07-22T14:48:51.304863078Z server/routes/admin-dashboard.ts(128,47): error TS2769: No overload matches this call.
2025-07-22T14:48:51.304865858Z   Overload 1 of 2, '(message: string, meta?: LogMeta | undefined): void', gave the following error.
2025-07-22T14:48:51.304868478Z     Argument of type 'unknown' is not assignable to parameter of type 'LogMeta | undefined'.
2025-07-22T14:48:51.304891929Z   Overload 2 of 2, '(message: string, error: LoggableError | Error, meta?: LogMeta | undefined): void', gave the following error.
2025-07-22T14:48:51.304895249Z     Argument of type 'unknown' is not assignable to parameter of type 'LoggableError | Error'.
2025-07-22T14:48:51.304904619Z server/routes/admin-dashboard.ts(139,17): error TS2769: No overload matches this call.
2025-07-22T14:48:51.304908669Z   The last overload gave the following error.
2025-07-22T14:48:51.304912679Z     Argument of type '(req: Request, res: Response, next: NextFunction) => Response<any, Record<string, any>> | undefined' is not assignable to parameter of type 'RequestHandlerParams<ParamsDictionary, any, any, ParsedQs, Record<string, any>>'.
2025-07-22T14:48:51.304916399Z       Type '(req: Request, res: Response, next: NextFunction) => Response<any, Record<string, any>> | undefined' is not assignable to type 'RequestHandler<ParamsDictionary, any, any, ParsedQs, Record<string, any>>'.
2025-07-22T14:48:51.304940249Z         Types of parameters 'req' and 'req' are incompatible.
2025-07-22T14:48:51.30494521Z           Type 'import("/opt/render/project/src/node_modules/@types/express-serve-static-core/index").Request<import("/opt/render/project/src/node_modules/@types/express-serve-static-core/index").ParamsDictionary, any, any, qs.ParsedQs, Record<string, any>>' is not assignable to type 'import("/opt/render/project/src/node_modules/@types/express/index").Request<import("/opt/render/project/src/node_modules/@types/express-serve-static-core/index").ParamsDictionary, any, any, qs.ParsedQs, Record<string, any>>'.
2025-07-22T14:48:51.30494791Z             Types of property 'user' are incompatible.
2025-07-22T14:48:51.30495075Z               Type '{ id: string | number; role: string; storeId?: number | undefined; name: string; } | undefined' is not assignable to type '{ [key: string]: any; id: string; email: string; role: string; } | undefined'.
2025-07-22T14:48:51.30495345Z                 Property 'email' is missing in type '{ id: string | number; role: string; storeId?: number | undefined; name: string; }' but required in type '{ [key: string]: any; id: string; email: string; role: string; }'.
2025-07-22T14:48:51.30495614Z server/routes/admin-dashboard.ts(397,45): error TS2769: No overload matches this call.
2025-07-22T14:48:51.30495918Z   Overload 1 of 2, '(message: string, meta?: LogMeta | undefined): void', gave the following error.
2025-07-22T14:48:51.30496154Z     Argument of type 'unknown' is not assignable to parameter of type 'LogMeta | undefined'.
2025-07-22T14:48:51.3049641Z   Overload 2 of 2, '(message: string, error: LoggableError | Error, meta?: LogMeta | undefined): void', gave the following error.
2025-07-22T14:48:51.30496696Z     Argument of type 'unknown' is not assignable to parameter of type 'LoggableError | Error'.
2025-07-22T14:48:51.30496935Z server/routes/admin-dashboard.ts(403,23): error TS2769: No overload matches this call.
2025-07-22T14:48:51.30497178Z   The last overload gave the following error.
2025-07-22T14:48:51.30497418Z     Argument of type '(req: Request, res: Response, next: NextFunction) => Response<any, Record<string, any>> | undefined' is not assignable to parameter of type 'RequestHandlerParams<ParamsDictionary, any, any, ParsedQs, Record<string, any>>'.
2025-07-22T14:48:51.30497679Z       Type '(req: Request, res: Response, next: NextFunction) => Response<any, Record<string, any>> | undefined' is not assignable to type 'RequestHandler<ParamsDictionary, any, any, ParsedQs, Record<string, any>>'.
2025-07-22T14:48:51.30497942Z         Types of parameters 'req' and 'req' are incompatible.
2025-07-22T14:48:51.30498212Z           Type 'import("/opt/render/project/src/node_modules/@types/express-serve-static-core/index").Request<import("/opt/render/project/src/node_modules/@types/express-serve-static-core/index").ParamsDictionary, any, any, qs.ParsedQs, Record<string, any>>' is not assignable to type 'import("/opt/render/project/src/node_modules/@types/express/index").Request<import("/opt/render/project/src/node_modules/@types/express-serve-static-core/index").ParamsDictionary, any, any, qs.ParsedQs, Record<string, any>>'.
2025-07-22T14:48:51.30499001Z             Types of property 'user' are incompatible.
2025-07-22T14:48:51.305006671Z               Type '{ id: string | number; role: string; storeId?: number | undefined; name: string; } | undefined' is not assignable to type '{ [key: string]: any; id: string; email: string; role: string; } | undefined'.
2025-07-22T14:48:51.305009811Z                 Property 'email' is missing in type '{ id: string | number; role: string; storeId?: number | undefined; name: string; }' but required in type '{ [key: string]: any; id: string; email: string; role: string; }'.
2025-07-22T14:48:51.305012331Z server/routes/admin-dashboard.ts(440,40): error TS2769: No overload matches this call.
2025-07-22T14:48:51.305015031Z   Overload 1 of 2, '(message: string, meta?: LogMeta | undefined): void', gave the following error.
2025-07-22T14:48:51.305017571Z     Argument of type 'unknown' is not assignable to parameter of type 'LogMeta | undefined'.
2025-07-22T14:48:51.305020171Z   Overload 2 of 2, '(message: string, error: LoggableError | Error, meta?: LogMeta | undefined): void', gave the following error.
2025-07-22T14:48:51.305022701Z     Argument of type 'unknown' is not assignable to parameter of type 'LoggableError | Error'.
2025-07-22T14:48:51.305026591Z server/routes/admin-dashboard.ts(450,31): error TS2769: No overload matches this call.
2025-07-22T14:48:51.305029351Z   The last overload gave the following error.
2025-07-22T14:48:51.305032031Z     Argument of type '(req: Request, res: Response, next: NextFunction) => Response<any, Record<string, any>> | undefined' is not assignable to parameter of type 'RequestHandlerParams<ParamsDictionary, any, any, ParsedQs, Record<string, any>>'.
2025-07-22T14:48:51.305034631Z       Type '(req: Request, res: Response, next: NextFunction) => Response<any, Record<string, any>> | undefined' is not assignable to type 'RequestHandler<ParamsDictionary, any, any, ParsedQs, Record<string, any>>'.
2025-07-22T14:48:51.305037111Z         Types of parameters 'req' and 'req' are incompatible.
2025-07-22T14:48:51.305039681Z           Type 'import("/opt/render/project/src/node_modules/@types/express-serve-static-core/index").Request<import("/opt/render/project/src/node_modules/@types/express-serve-static-core/index").ParamsDictionary, any, any, qs.ParsedQs, Record<string, any>>' is not assignable to type 'import("/opt/render/project/src/node_modules/@types/express/index").Request<import("/opt/render/project/src/node_modules/@types/express-serve-static-core/index").ParamsDictionary, any, any, qs.ParsedQs, Record<string, any>>'.
2025-07-22T14:48:51.305042401Z             Types of property 'user' are incompatible.
2025-07-22T14:48:51.305044941Z               Type '{ id: string | number; role: string; storeId?: number | undefined; name: string; } | undefined' is not assignable to type '{ [key: string]: any; id: string; email: string; role: string; } | undefined'.
2025-07-22T14:48:51.305047491Z                 Property 'email' is missing in type '{ id: string | number; role: string; storeId?: number | undefined; name: string; }' but required in type '{ [key: string]: any; id: string; email: string; role: string; }'.
2025-07-22T14:48:51.305050161Z server/routes/admin-dashboard.ts(454,51): error TS2769: No overload matches this call.
2025-07-22T14:48:51.305052841Z   Overload 1 of 2, '(message: string, meta?: LogMeta | undefined): void', gave the following error.
2025-07-22T14:48:51.305055161Z     Argument of type 'unknown' is not assignable to parameter of type 'LogMeta | undefined'.
2025-07-22T14:48:51.305057632Z   Overload 2 of 2, '(message: string, error: LoggableError | Error, meta?: LogMeta | undefined): void', gave the following error.
2025-07-22T14:48:51.305060002Z     Argument of type 'unknown' is not assignable to parameter of type 'LoggableError | Error'.
2025-07-22T14:48:51.305067242Z server/routes/health.ts(28,23): error TS2769: No overload matches this call.
2025-07-22T14:48:51.305069962Z   The last overload gave the following error.
2025-07-22T14:48:51.305072392Z     Argument of type '(req: Request, res: Response) => void' is not assignable to parameter of type 'Application<Record<string, any>>'.
2025-07-22T14:48:51.305076362Z       Type '(req: Request<ParamsDictionary, any, any, ParsedQs, Record<string, any>>, res: Response<any, Record<string, any>>) => void' is missing the following properties from type 'Application<Record<string, any>>': init, defaultConfiguration, engine, set, and 63 more.
2025-07-22T14:48:51.305078942Z server/routes/health.ts(39,24): error TS2769: No overload matches this call.
2025-07-22T14:48:51.305081242Z   The last overload gave the following error.
2025-07-22T14:48:51.305083562Z     Argument of type '(req: Request, res: Response) => void' is not assignable to parameter of type 'Application<Record<string, any>>'.
2025-07-22T14:48:51.305085912Z       Type '(req: Request<ParamsDictionary, any, any, ParsedQs, Record<string, any>>, res: Response<any, Record<string, any>>) => void' is missing the following properties from type 'Application<Record<string, any>>': init, defaultConfiguration, engine, set, and 63 more.
2025-07-22T14:48:51.305088382Z server/routes/health.ts(50,23): error TS2769: No overload matches this call.
2025-07-22T14:48:51.305098232Z   The last overload gave the following error.
2025-07-22T14:48:51.305101062Z     Argument of type '(req: Request, res: Response) => Promise<void>' is not assignable to parameter of type 'Application<Record<string, any>>'.
2025-07-22T14:48:51.305103692Z       Type '(req: Request<ParamsDictionary, any, any, ParsedQs, Record<string, any>>, res: Response<any, Record<string, any>>) => Promise<...>' is missing the following properties from type 'Application<Record<string, any>>': init, defaultConfiguration, engine, set, and 63 more.
2025-07-22T14:48:51.305106142Z server/routes/health.ts(85,31): error TS2769: No overload matches this call.
2025-07-22T14:48:51.305108753Z   The last overload gave the following error.
2025-07-22T14:48:51.305111353Z     Argument of type '(req: Request, res: Response) => Promise<void>' is not assignable to parameter of type 'Application<Record<string, any>>'.
2025-07-22T14:48:51.305125633Z       Type '(req: Request<ParamsDictionary, any, any, ParsedQs, Record<string, any>>, res: Response<any, Record<string, any>>) => Promise<...>' is missing the following properties from type 'Application<Record<string, any>>': init, defaultConfiguration, engine, set, and 63 more.
2025-07-22T14:48:51.305128713Z server/routes/health.ts(249,24): error TS2769: No overload matches this call.
2025-07-22T14:48:51.305131503Z   The last overload gave the following error.
2025-07-22T14:48:51.305134023Z     Argument of type '(req: Request, res: Response) => Promise<void>' is not assignable to parameter of type 'Application<Record<string, any>>'.
2025-07-22T14:48:51.305137083Z       Type '(req: Request<ParamsDictionary, any, any, ParsedQs, Record<string, any>>, res: Response<any, Record<string, any>>) => Promise<...>' is missing the following properties from type 'Application<Record<string, any>>': init, defaultConfiguration, engine, set, and 63 more.
2025-07-22T14:48:51.305139643Z server/routes/health.ts(390,22): error TS2769: No overload matches this call.
2025-07-22T14:48:51.305142103Z   The last overload gave the following error.
2025-07-22T14:48:51.305145323Z     Argument of type '(req: Request, res: Response) => Promise<Response<any, Record<string, any>> | undefined>' is not assignable to parameter of type 'Application<Record<string, any>>'.
2025-07-22T14:48:51.305148113Z       Type '(req: Request<ParamsDictionary, any, any, ParsedQs, Record<string, any>>, res: Response<any, Record<string, any>>) => Promise<...>' is missing the following properties from type 'Application<Record<string, any>>': init, defaultConfiguration, engine, set, and 63 more.
2025-07-22T14:48:51.305155403Z server/routes/monitoring.ts(62,49): error TS2769: No overload matches this call.
2025-07-22T14:48:51.305158153Z   Overload 1 of 2, '(message: string, meta?: LogMeta | undefined): void', gave the following error.
2025-07-22T14:48:51.305160743Z     Argument of type 'unknown' is not assignable to parameter of type 'LogMeta | undefined'.
2025-07-22T14:48:51.305163203Z   Overload 2 of 2, '(message: string, error: LoggableError | Error, meta?: LogMeta | undefined): void', gave the following error.
2025-07-22T14:48:51.305165803Z     Argument of type 'unknown' is not assignable to parameter of type 'LoggableError | Error'.
2025-07-22T14:48:51.305168223Z server/routes/monitoring.ts(110,24): error TS2769: No overload matches this call.
2025-07-22T14:48:51.305170634Z   The last overload gave the following error.
2025-07-22T14:48:51.305173344Z     Argument of type '(req: Request, res: Response, next: NextFunction) => Response<any, Record<string, any>> | undefined' is not assignable to parameter of type 'RequestHandlerParams<ParamsDictionary, any, any, ParsedQs, Record<string, any>>'.
2025-07-22T14:48:51.305175804Z       Type '(req: Request, res: Response, next: NextFunction) => Response<any, Record<string, any>> | undefined' is not assignable to type 'RequestHandler<ParamsDictionary, any, any, ParsedQs, Record<string, any>>'.
2025-07-22T14:48:51.305178204Z         Types of parameters 'req' and 'req' are incompatible.
2025-07-22T14:48:51.305180684Z           Type 'import("/opt/render/project/src/node_modules/@types/express-serve-static-core/index").Request<import("/opt/render/project/src/node_modules/@types/express-serve-static-core/index").ParamsDictionary, any, any, qs.ParsedQs, Record<string, any>>' is not assignable to type 'import("/opt/render/project/src/node_modules/@types/express/index").Request<import("/opt/render/project/src/node_modules/@types/express-serve-static-core/index").ParamsDictionary, any, any, qs.ParsedQs, Record<string, any>>'.
2025-07-22T14:48:51.305183494Z             Types of property 'user' are incompatible.
2025-07-22T14:48:51.305186174Z               Type '{ id: string | number; role: string; storeId?: number | undefined; name: string; } | undefined' is not assignable to type '{ [key: string]: any; id: string; email: string; role: string; } | undefined'.
2025-07-22T14:48:51.305188694Z                 Property 'email' is missing in type '{ id: string | number; role: string; storeId?: number | undefined; name: string; }' but required in type '{ [key: string]: any; id: string; email: string; role: string; }'.
2025-07-22T14:48:51.305193174Z server/routes/monitoring.ts(199,50): error TS2769: No overload matches this call.
2025-07-22T14:48:51.305195794Z   Overload 1 of 2, '(message: string, meta?: LogMeta | undefined): void', gave the following error.
2025-07-22T14:48:51.305198174Z     Argument of type 'unknown' is not assignable to parameter of type 'LogMeta | undefined'.
2025-07-22T14:48:51.305200764Z   Overload 2 of 2, '(message: string, error: LoggableError | Error, meta?: LogMeta | undefined): void', gave the following error.
2025-07-22T14:48:51.305203074Z     Argument of type 'unknown' is not assignable to parameter of type 'LoggableError | Error'.
2025-07-22T14:48:51.305205664Z server/routes/monitoring.ts(242,23): error TS2769: No overload matches this call.
2025-07-22T14:48:51.305208334Z   The last overload gave the following error.
2025-07-22T14:48:51.305210914Z     Argument of type '(req: Request, res: Response, next: NextFunction) => Response<any, Record<string, any>> | undefined' is not assignable to parameter of type 'RequestHandlerParams<ParamsDictionary, any, any, ParsedQs, Record<string, any>>'.
2025-07-22T14:48:51.305217284Z       Type '(req: Request, res: Response, next: NextFunction) => Response<any, Record<string, any>> | undefined' is not assignable to type 'RequestHandler<ParamsDictionary, any, any, ParsedQs, Record<string, any>>'.
2025-07-22T14:48:51.305219895Z         Types of parameters 'req' and 'req' are incompatible.
2025-07-22T14:48:51.305222444Z           Type 'import("/opt/render/project/src/node_modules/@types/express-serve-static-core/index").Request<import("/opt/render/project/src/node_modules/@types/express-serve-static-core/index").ParamsDictionary, any, any, qs.ParsedQs, Record<string, any>>' is not assignable to type 'import("/opt/render/project/src/node_modules/@types/express/index").Request<import("/opt/render/project/src/node_modules/@types/express-serve-static-core/index").ParamsDictionary, any, any, qs.ParsedQs, Record<string, any>>'.
2025-07-22T14:48:51.305224915Z             Types of property 'user' are incompatible.
2025-07-22T14:48:51.305227505Z               Type '{ id: string | number; role: string; storeId?: number | undefined; name: string; } | undefined' is not assignable to type '{ [key: string]: any; id: string; email: string; role: string; } | undefined'.
2025-07-22T14:48:51.305230145Z                 Property 'email' is missing in type '{ id: string | number; role: string; storeId?: number | undefined; name: string; }' but required in type '{ [key: string]: any; id: string; email: string; role: string; }'.
2025-07-22T14:48:51.305232575Z server/routes/monitoring.ts(246,42): error TS2769: No overload matches this call.
2025-07-22T14:48:51.305235045Z   Overload 1 of 2, '(message: string, meta?: LogMeta | undefined): void', gave the following error.
2025-07-22T14:48:51.305237605Z     Argument of type 'unknown' is not assignable to parameter of type 'LogMeta | undefined'.
2025-07-22T14:48:51.305240105Z   Overload 2 of 2, '(message: string, error: LoggableError | Error, meta?: LogMeta | undefined): void', gave the following error.
2025-07-22T14:48:51.305242495Z     Argument of type 'unknown' is not assignable to parameter of type 'LoggableError | Error'.
2025-07-22T14:48:51.305244995Z server/routes/monitoring.ts(286,40): error TS2769: No overload matches this call.
2025-07-22T14:48:51.305247725Z   The last overload gave the following error.
2025-07-22T14:48:51.305257205Z     Argument of type '(req: Request, res: Response, next: NextFunction) => Response<any, Record<string, any>> | undefined' is not assignable to parameter of type 'RequestHandlerParams<ParamsDictionary, any, any, ParsedQs, Record<string, any>>'.
2025-07-22T14:48:51.305260165Z       Type '(req: Request, res: Response, next: NextFunction) => Response<any, Record<string, any>> | undefined' is not assignable to type 'RequestHandler<ParamsDictionary, any, any, ParsedQs, Record<string, any>>'.
2025-07-22T14:48:51.305262835Z         Types of parameters 'req' and 'req' are incompatible.
2025-07-22T14:48:51.305265435Z           Type 'import("/opt/render/project/src/node_modules/@types/express-serve-static-core/index").Request<import("/opt/render/project/src/node_modules/@types/express-serve-static-core/index").ParamsDictionary, any, any, qs.ParsedQs, Record<string, any>>' is not assignable to type 'import("/opt/render/project/src/node_modules/@types/express/index").Request<import("/opt/render/project/src/node_modules/@types/express-serve-static-core/index").ParamsDictionary, any, any, qs.ParsedQs, Record<string, any>>'.
2025-07-22T14:48:51.305267905Z             Types of property 'user' are incompatible.
2025-07-22T14:48:51.305282056Z               Type '{ id: string | number; role: string; storeId?: number | undefined; name: string; } | undefined' is not assignable to type '{ [key: string]: any; id: string; email: string; role: string; } | undefined'.
2025-07-22T14:48:51.305284926Z                 Property 'email' is missing in type '{ id: string | number; role: string; storeId?: number | undefined; name: string; }' but required in type '{ [key: string]: any; id: string; email: string; role: string; }'.
2025-07-22T14:48:51.305291646Z server/routes/monitoring.ts(299,58): error TS18048: 'req.user' is possibly 'undefined'.
2025-07-22T14:48:51.305294146Z server/routes/monitoring.ts(306,47): error TS2769: No overload matches this call.
2025-07-22T14:48:51.305296836Z   Overload 1 of 2, '(message: string, meta?: LogMeta | undefined): void', gave the following error.
2025-07-22T14:48:51.305299506Z     Argument of type 'unknown' is not assignable to parameter of type 'LogMeta | undefined'.
2025-07-22T14:48:51.305302416Z   Overload 2 of 2, '(message: string, error: LoggableError | Error, meta?: LogMeta | undefined): void', gave the following error.
2025-07-22T14:48:51.305305116Z     Argument of type 'unknown' is not assignable to parameter of type 'LoggableError | Error'.
2025-07-22T14:48:51.305307726Z server/routes/monitoring.ts(349,32): error TS2769: No overload matches this call.
2025-07-22T14:48:51.305310216Z   The last overload gave the following error.
2025-07-22T14:48:51.305323266Z     Argument of type '(req: Request, res: Response, next: NextFunction) => Response<any, Record<string, any>> | undefined' is not assignable to parameter of type 'RequestHandlerParams<ParamsDictionary, any, any, ParsedQs, Record<string, any>>'.
2025-07-22T14:48:51.305325857Z       Type '(req: Request, res: Response, next: NextFunction) => Response<any, Record<string, any>> | undefined' is not assignable to type 'RequestHandler<ParamsDictionary, any, any, ParsedQs, Record<string, any>>'.
2025-07-22T14:48:51.305328366Z         Types of parameters 'req' and 'req' are incompatible.
2025-07-22T14:48:51.305331006Z           Type 'import("/opt/render/project/src/node_modules/@types/express-serve-static-core/index").Request<import("/opt/render/project/src/node_modules/@types/express-serve-static-core/index").ParamsDictionary, any, any, qs.ParsedQs, Record<string, any>>' is not assignable to type 'import("/opt/render/project/src/node_modules/@types/express/index").Request<import("/opt/render/project/src/node_modules/@types/express-serve-static-core/index").ParamsDictionary, any, any, qs.ParsedQs, Record<string, any>>'.
2025-07-22T14:48:51.305353107Z             Types of property 'user' are incompatible.
2025-07-22T14:48:51.305356027Z               Type '{ id: string | number; role: string; storeId?: number | undefined; name: string; } | undefined' is not assignable to type '{ [key: string]: any; id: string; email: string; role: string; } | undefined'.
2025-07-22T14:48:51.305358777Z                 Property 'email' is missing in type '{ id: string | number; role: string; storeId?: number | undefined; name: string; }' but required in type '{ [key: string]: any; id: string; email: string; role: string; }'.
2025-07-22T14:48:51.305361287Z server/routes/monitoring.ts(378,52): error TS2769: No overload matches this call.
2025-07-22T14:48:51.305363937Z   Overload 1 of 2, '(message: string, meta?: LogMeta | undefined): void', gave the following error.
2025-07-22T14:48:51.305366647Z     Argument of type 'unknown' is not assignable to parameter of type 'LogMeta | undefined'.
2025-07-22T14:48:51.305369087Z   Overload 2 of 2, '(message: string, error: LoggableError | Error, meta?: LogMeta | undefined): void', gave the following error.
2025-07-22T14:48:51.305371487Z     Argument of type 'unknown' is not assignable to parameter of type 'LoggableError | Error'.
2025-07-22T14:48:51.305375237Z server/routes/transactions.ts(6,19): error TS7016: Could not find a declaration file for module 'zod'. '/opt/render/project/src/node_modules/zod/dist/commonjs/index.js' implicitly has an 'any' type.
2025-07-22T14:48:51.305377887Z   There are types at '/opt/render/project/src/node_modules/zod/dist/esm/index.d.ts', but this result could not be resolved under your current 'moduleResolution' setting. Consider updating to 'node16', 'nodenext', or 'bundler'.
2025-07-22T14:48:51.305394288Z server/routes/transactions.ts(20,12): error TS2769: No overload matches this call.
2025-07-22T14:48:51.305397268Z   The last overload gave the following error.
2025-07-22T14:48:51.305400668Z     Argument of type '(req: Request, res: Response, next: NextFunction) => Response<any, Record<string, any>> | undefined' is not assignable to parameter of type 'PathParams'.
2025-07-22T14:48:51.305403528Z server/routes/transactions.ts(21,12): error TS2769: No overload matches this call.
2025-07-22T14:48:51.305406048Z   The last overload gave the following error.
2025-07-22T14:48:51.305408338Z     Argument of type '(req: Request, res: Response, next: NextFunction) => Promise<void | Response<any, Record<string, any>>>' is not assignable to parameter of type 'PathParams'.
2025-07-22T14:48:51.305411118Z server/routes/transactions.ts(119,17): error TS2769: No overload matches this call.
2025-07-22T14:48:51.305413478Z   The last overload gave the following error.
2025-07-22T14:48:51.305416278Z     Argument of type '(req: Request, res: Response, next: NextFunction) => Promise<void>' is not assignable to parameter of type 'Application<Record<string, any>>'.
2025-07-22T14:48:51.305419978Z       Type '(req: Request<ParamsDictionary, any, any, ParsedQs, Record<string, any>>, res: Response<any, Record<string, any>>, next: NextFunction) => Promise<...>' is missing the following properties from type 'Application<Record<string, any>>': init, defaultConfiguration, engine, set, and 63 more.
2025-07-22T14:48:51.305424118Z server/routes/transactions.ts(130,7): error TS2740: Type 'Omit<PgSelectBase<"transactions", { id: PgColumn<{ name: "id"; tableName: "transactions"; dataType: "number"; columnType: "PgSerial"; data: number; driverParam: number; notNull: true; hasDefault: true; isPrimaryKey: true; ... 5 more ...; generated: undefined; }, {}, {}>; ... 10 more ...; createdAt: PgColumn<...>; },...' is missing the following properties from type 'PgSelectBase<"transactions", { id: PgColumn<{ name: "id"; tableName: "transactions"; dataType: "number"; columnType: "PgSerial"; data: number; driverParam: number; notNull: true; hasDefault: true; isPrimaryKey: true; ... 5 more ...; generated: undefined; }, {}, {}>; ... 10 more ...; createdAt: PgColumn<...>; }, ... ...': config, joinsNotNullableMap, tableName, isPartialSelect, and 5 more.
2025-07-22T14:48:51.305427108Z server/routes/transactions.ts(130,27): error TS2304: Cannot find name 'eq'.
2025-07-22T14:48:51.305429748Z server/routes/transactions.ts(134,7): error TS2740: Type 'Omit<PgSelectBase<"transactions", { id: PgColumn<{ name: "id"; tableName: "transactions"; dataType: "number"; columnType: "PgSerial"; data: number; driverParam: number; notNull: true; hasDefault: true; isPrimaryKey: true; ... 5 more ...; generated: undefined; }, {}, {}>; ... 10 more ...; createdAt: PgColumn<...>; },...' is missing the following properties from type 'PgSelectBase<"transactions", { id: PgColumn<{ name: "id"; tableName: "transactions"; dataType: "number"; columnType: "PgSerial"; data: number; driverParam: number; notNull: true; hasDefault: true; isPrimaryKey: true; ... 5 more ...; generated: undefined; }, {}, {}>; ... 10 more ...; createdAt: PgColumn<...>; }, ... ...': config, joinsNotNullableMap, tableName, isPartialSelect, and 5 more.
2025-07-22T14:48:51.305432468Z server/routes/transactions.ts(134,27): error TS2304: Cannot find name 'eq'.
2025-07-22T14:48:51.305434968Z server/routes/transactions.ts(138,7): error TS2740: Type 'Omit<PgSelectBase<"transactions", { id: PgColumn<{ name: "id"; tableName: "transactions"; dataType: "number"; columnType: "PgSerial"; data: number; driverParam: number; notNull: true; hasDefault: true; isPrimaryKey: true; ... 5 more ...; generated: undefined; }, {}, {}>; ... 10 more ...; createdAt: PgColumn<...>; },...' is missing the following properties from type 'PgSelectBase<"transactions", { id: PgColumn<{ name: "id"; tableName: "transactions"; dataType: "number"; columnType: "PgSerial"; data: number; driverParam: number; notNull: true; hasDefault: true; isPrimaryKey: true; ... 5 more ...; generated: undefined; }, {}, {}>; ... 10 more ...; createdAt: PgColumn<...>; }, ... ...': config, joinsNotNullableMap, tableName, isPartialSelect, and 5 more.
2025-07-22T14:48:51.305441419Z server/routes/transactions.ts(138,27): error TS2304: Cannot find name 'eq'.
2025-07-22T14:48:51.305456729Z server/routes/transactions.ts(138,50): error TS2339: Property 'type' does not exist on type 'PgTableWithColumns<{ name: "transactions"; schema: undefined; columns: { id: PgColumn<{ name: "id"; tableName: "transactions"; dataType: "number"; columnType: "PgSerial"; data: number; driverParam: number; notNull: true; ... 7 more ...; generated: undefined; }, {}, {}>; ... 10 more ...; createdAt: PgColumn<...>; }; ...'.
2025-07-22T14:48:51.305459909Z server/routes/transactions.ts(142,7): error TS2740: Type 'Omit<PgSelectBase<"transactions", { id: PgColumn<{ name: "id"; tableName: "transactions"; dataType: "number"; columnType: "PgSerial"; data: number; driverParam: number; notNull: true; hasDefault: true; isPrimaryKey: true; ... 5 more ...; generated: undefined; }, {}, {}>; ... 10 more ...; createdAt: PgColumn<...>; },...' is missing the following properties from type 'PgSelectBase<"transactions", { id: PgColumn<{ name: "id"; tableName: "transactions"; dataType: "number"; columnType: "PgSerial"; data: number; driverParam: number; notNull: true; hasDefault: true; isPrimaryKey: true; ... 5 more ...; generated: undefined; }, {}, {}>; ... 10 more ...; createdAt: PgColumn<...>; }, ... ...': config, joinsNotNullableMap, tableName, isPartialSelect, and 5 more.
2025-07-22T14:48:51.305462519Z server/routes/transactions.ts(142,27): error TS2304: Cannot find name 'eq'.
2025-07-22T14:48:51.305465099Z server/routes/transactions.ts(146,7): error TS2740: Type 'Omit<PgSelectBase<"transactions", { id: PgColumn<{ name: "id"; tableName: "transactions"; dataType: "number"; columnType: "PgSerial"; data: number; driverParam: number; notNull: true; hasDefault: true; isPrimaryKey: true; ... 5 more ...; generated: undefined; }, {}, {}>; ... 10 more ...; createdAt: PgColumn<...>; },...' is missing the following properties from type 'PgSelectBase<"transactions", { id: PgColumn<{ name: "id"; tableName: "transactions"; dataType: "number"; columnType: "PgSerial"; data: number; driverParam: number; notNull: true; hasDefault: true; isPrimaryKey: true; ... 5 more ...; generated: undefined; }, {}, {}>; ... 10 more ...; createdAt: PgColumn<...>; }, ... ...': config, joinsNotNullableMap, tableName, isPartialSelect, and 5 more.
2025-07-22T14:48:51.305473659Z server/routes/transactions.ts(146,27): error TS2304: Cannot find name 'gte'.
2025-07-22T14:48:51.305476629Z server/routes/transactions.ts(150,7): error TS2740: Type 'Omit<PgSelectBase<"transactions", { id: PgColumn<{ name: "id"; tableName: "transactions"; dataType: "number"; columnType: "PgSerial"; data: number; driverParam: number; notNull: true; hasDefault: true; isPrimaryKey: true; ... 5 more ...; generated: undefined; }, {}, {}>; ... 10 more ...; createdAt: PgColumn<...>; },...' is missing the following properties from type 'PgSelectBase<"transactions", { id: PgColumn<{ name: "id"; tableName: "transactions"; dataType: "number"; columnType: "PgSerial"; data: number; driverParam: number; notNull: true; hasDefault: true; isPrimaryKey: true; ... 5 more ...; generated: undefined; }, {}, {}>; ... 10 more ...; createdAt: PgColumn<...>; }, ... ...': config, joinsNotNullableMap, tableName, isPartialSelect, and 5 more.
2025-07-22T14:48:51.305479299Z server/routes/transactions.ts(150,27): error TS2304: Cannot find name 'lte'.
2025-07-22T14:48:51.305481939Z server/routes/transactions.ts(154,43): error TS2304: Cannot find name 'count'.
2025-07-22T14:48:51.305488589Z server/routes/transactions.ts(161,16): error TS2304: Cannot find name 'desc'.
2025-07-22T14:48:51.30549136Z server/routes/transactions.ts(175,19): error TS2339: Property 'session' does not exist on type 'Request<ParamsDictionary, any, any, ParsedQs, Record<string, any>>'.
2025-07-22T14:48:51.3054938Z server/routes/transactions.ts(226,20): error TS2769: No overload matches this call.
2025-07-22T14:48:51.30549616Z   The last overload gave the following error.
2025-07-22T14:48:51.30549866Z     Argument of type '(req: Request, res: Response, next: NextFunction) => Promise<Response<any, Record<string, any>> | undefined>' is not assignable to parameter of type 'Application<Record<string, any>>'.
2025-07-22T14:48:51.30550148Z       Type '(req: Request<ParamsDictionary, any, any, ParsedQs, Record<string, any>>, res: Response<any, Record<string, any>>, next: NextFunction) => Promise<...>' is missing the following properties from type 'Application<Record<string, any>>': init, defaultConfiguration, engine, set, and 63 more.
2025-07-22T14:48:51.30550397Z server/routes/transactions.ts(232,14): error TS2304: Cannot find name 'eq'.
2025-07-22T14:48:51.30550677Z server/routes/transactions.ts(248,20): error TS2339: Property 'loyaltyUpdates' does not exist on type 'typeof import("/opt/render/project/src/shared/schema")'.
2025-07-22T14:48:51.30550922Z server/routes/transactions.ts(249,14): error TS2304: Cannot find name 'eq'.
2025-07-22T14:48:51.30551185Z server/routes/transactions.ts(249,24): error TS2339: Property 'loyaltyUpdates' does not exist on type 'typeof import("/opt/render/project/src/shared/schema")'.
2025-07-22T14:48:51.30551425Z server/routes/transactions.ts(258,19): error TS2339: Property 'session' does not exist on type 'Request<ParamsDictionary, any, any, ParsedQs, Record<string, any>>'.
2025-07-22T14:48:51.30551696Z server/routes/transactions.ts(374,18): error TS2769: No overload matches this call.
2025-07-22T14:48:51.30551947Z   The last overload gave the following error.
2025-07-22T14:48:51.30552188Z     Argument of type '(req: Request, res: Response, next: NextFunction) => Response<any, Record<string, any>> | undefined' is not assignable to parameter of type 'RequestHandlerParams<ParamsDictionary, any, any, ParsedQs, Record<string, any>>'.
2025-07-22T14:48:51.30552439Z       Type '(req: Request, res: Response, next: NextFunction) => Response<any, Record<string, any>> | undefined' is not assignable to type 'RequestHandler<ParamsDictionary, any, any, ParsedQs, Record<string, any>>'.
2025-07-22T14:48:51.30552667Z         Types of parameters 'req' and 'req' are incompatible.
2025-07-22T14:48:51.30552934Z           Type 'import("/opt/render/project/src/node_modules/@types/express-serve-static-core/index").Request<import("/opt/render/project/src/node_modules/@types/express-serve-static-core/index").ParamsDictionary, any, any, qs.ParsedQs, Record<string, any>>' is not assignable to type 'import("/opt/render/project/src/node_modules/@types/express/index").Request<import("/opt/render/project/src/node_modules/@types/express-serve-static-core/index").ParamsDictionary, any, any, qs.ParsedQs, Record<string, any>>'.
2025-07-22T14:48:51.30553179Z             Types of property 'user' are incompatible.
2025-07-22T14:48:51.30553444Z               Type '{ id: string | number; role: string; storeId?: number | undefined; name: string; } | undefined' is not assignable to type '{ [key: string]: any; id: string; email: string; role: string; } | undefined'.
2025-07-22T14:48:51.30554757Z                 Property 'email' is missing in type '{ id: string | number; role: string; storeId?: number | undefined; name: string; }' but required in type '{ [key: string]: any; id: string; email: string; role: string; }'.
2025-07-22T14:48:51.305551821Z server/routes/transactions.ts(380,8): error TS2769: No overload matches this call.
2025-07-22T14:48:51.305562211Z   Overload 1 of 2, '(value: { storeId: number | SQL<unknown> | Placeholder<string, any>; userId: number | SQL<unknown> | Placeholder<string, any>; total: string | SQL<unknown> | Placeholder<...>; ... 8 more ...; items?: unknown; }): PgInsertBase<...>', gave the following error.
2025-07-22T14:48:51.305564841Z     Object literal may only specify known properties, and 'amount' does not exist in type '{ storeId: number | SQL<unknown> | Placeholder<string, any>; userId: number | SQL<unknown> | Placeholder<string, any>; total: string | SQL<unknown> | Placeholder<...>; ... 8 more ...; items?: unknown; }'.
2025-07-22T14:48:51.305567381Z   Overload 2 of 2, '(values: { storeId: number | SQL<unknown> | Placeholder<string, any>; userId: number | SQL<unknown> | Placeholder<string, any>; total: string | SQL<unknown> | Placeholder<...>; ... 8 more ...; items?: unknown; }[]): PgInsertBase<...>', gave the following error.
2025-07-22T14:48:51.305570051Z     Object literal may only specify known properties, and 'customerId' does not exist in type '{ storeId: number | SQL<unknown> | Placeholder<string, any>; userId: number | SQL<unknown> | Placeholder<string, any>; total: string | SQL<unknown> | Placeholder<...>; ... 8 more ...; items?: unknown; }[]'.
2025-07-22T14:48:51.305572671Z server/routes/transactions.ts(399,19): error TS2339: Property 'session' does not exist on type 'Request<ParamsDictionary, any, any, ParsedQs, Record<string, any>>'.
2025-07-22T14:48:51.305575141Z server/routes/transactions.ts(404,30): error TS2551: Property 'transactionItems' does not exist on type 'typeof import("/opt/render/project/src/shared/schema")'. Did you mean 'transactions'?
2025-07-22T14:48:51.305577711Z server/routes/transactions.ts(405,27): error TS7006: Parameter 'item' implicitly has an 'any' type.
2025-07-22T14:48:51.305580141Z server/routes/transactions.ts(419,9): error TS2322: Type 'number' is not assignable to type 'string'.
2025-07-22T14:48:51.305582631Z server/routes/transactions.ts(423,26): error TS18047: 'transaction.createdAt' is possibly 'null'.
2025-07-22T14:48:51.305585031Z server/routes/transactions.ts(437,19): error TS2339: Property 'session' does not exist on type 'Request<ParamsDictionary, any, any, ParsedQs, Record<string, any>>'.
2025-07-22T14:48:51.305587841Z server/routes/transactions.ts(514,22): error TS2769: No overload matches this call.
2025-07-22T14:48:51.305592251Z   The last overload gave the following error.
2025-07-22T14:48:51.305594881Z     Argument of type '(req: Request, res: Response, next: NextFunction) => Response<any, Record<string, any>> | undefined' is not assignable to parameter of type 'RequestHandlerParams<ParamsDictionary, any, any, ParsedQs, Record<string, any>>'.
2025-07-22T14:48:51.305597611Z       Type '(req: Request, res: Response, next: NextFunction) => Response<any, Record<string, any>> | undefined' is not assignable to type 'RequestHandler<ParamsDictionary, any, any, ParsedQs, Record<string, any>>'.
2025-07-22T14:48:51.305600202Z         Types of parameters 'req' and 'req' are incompatible.
2025-07-22T14:48:51.305602802Z           Type 'import("/opt/render/project/src/node_modules/@types/express-serve-static-core/index").Request<import("/opt/render/project/src/node_modules/@types/express-serve-static-core/index").ParamsDictionary, any, any, qs.ParsedQs, Record<string, any>>' is not assignable to type 'import("/opt/render/project/src/node_modules/@types/express/index").Request<import("/opt/render/project/src/node_modules/@types/express-serve-static-core/index").ParamsDictionary, any, any, qs.ParsedQs, Record<string, any>>'.
2025-07-22T14:48:51.305605262Z             Types of property 'user' are incompatible.
2025-07-22T14:48:51.305607742Z               Type '{ id: string | number; role: string; storeId?: number | undefined; name: string; } | undefined' is not assignable to type '{ [key: string]: any; id: string; email: string; role: string; } | undefined'.
2025-07-22T14:48:51.305615412Z                 Property 'email' is missing in type '{ id: string | number; role: string; storeId?: number | undefined; name: string; }' but required in type '{ [key: string]: any; id: string; email: string; role: string; }'.
2025-07-22T14:48:51.305618112Z server/routes/transactions.ts(521,14): error TS2304: Cannot find name 'eq'.
2025-07-22T14:48:51.305631232Z server/routes/transactions.ts(535,9): error TS2353: Object literal may only specify known properties, and 'notes' does not exist in type '{ storeId?: number | SQL<unknown> | PgColumn<ColumnBaseConfig<ColumnDataType, string>, {}, {}> | undefined; userId?: number | SQL<unknown> | PgColumn<...> | undefined; ... 9 more ...; items?: unknown; }'.
2025-07-22T14:48:51.305634352Z server/routes/transactions.ts(535,45): error TS2339: Property 'notes' does not exist on type '{ status: "pending" | "completed" | "cancelled" | null; id: number; storeId: number; createdAt: Date | null; userId: number; customerId: number | null; total: string; subtotal: string; tax: string | null; discount: string | null; paymentMethod: "card" | ... 1 more ... | "mobile"; items: unknown; }'.
2025-07-22T14:48:51.305644102Z server/routes/transactions.ts(538,14): error TS2304: Cannot find name 'eq'.
2025-07-22T14:48:51.305647042Z server/routes/transactions.ts(545,19): error TS2339: Property 'session' does not exist on type 'Request<ParamsDictionary, any, any, ParsedQs, Record<string, any>>'.
2025-07-22T14:48:51.305649422Z server/routes/transactions.ts(552,19): error TS2339: Property 'session' does not exist on type 'Request<ParamsDictionary, any, any, ParsedQs, Record<string, any>>'.
2025-07-22T14:48:51.305655203Z server/routes/webhook-routes.ts(88,36): error TS2551: Property 'product' does not exist on type '{ id: number; storeId: number; updatedAt: Date | null; productId: number; quantity: number | null; minStock: number | null; maxStock: number | null; lastRestocked: Date | null; }'. Did you mean 'productId'?
2025-07-22T14:48:51.305658152Z server/routes/webhook-routes.ts(88,58): error TS2339: Property 'totalQuantity' does not exist on type '{ id: number; storeId: number; updatedAt: Date | null; productId: number; quantity: number | null; minStock: number | null; maxStock: number | null; lastRestocked: Date | null; }'.
2025-07-22T14:48:51.305663463Z server/services/affiliate.ts(37,25): error TS2339: Property 'username' does not exist on type '{ email: string; password: string; name: string; id: number; role: "admin" | "manager" | "cashier" | null; storeId: number | null; isActive: boolean | null; createdAt: Date | null; updatedAt: Date | null; }'.
2025-07-22T14:48:51.305668413Z server/services/affiliate.ts(53,92): error TS2694: Namespace '"/opt/render/project/src/shared/schema"' has no exported member 'Affiliate'.
2025-07-22T14:48:51.305675583Z server/services/affiliate.ts(63,33): error TS2694: Namespace '"/opt/render/project/src/shared/schema"' has no exported member 'AffiliateInsert'.
2025-07-22T14:48:51.305678173Z server/services/affiliate.ts(72,51): error TS2339: Property 'affiliates' does not exist on type 'typeof import("/opt/render/project/src/shared/schema")'.
2025-07-22T14:48:51.305683583Z server/services/affiliate.ts(84,76): error TS2694: Namespace '"/opt/render/project/src/shared/schema"' has no exported member 'Affiliate'.
2025-07-22T14:48:51.305688743Z server/services/affiliate.ts(86,55): error TS2339: Property 'affiliates' does not exist on type 'typeof import("/opt/render/project/src/shared/schema")'.
2025-07-22T14:48:51.305709744Z server/services/affiliate.ts(86,83): error TS2339: Property 'affiliates' does not exist on type 'typeof import("/opt/render/project/src/shared/schema")'.
2025-07-22T14:48:51.305712973Z server/services/affiliate.ts(97,72): error TS2694: Namespace '"/opt/render/project/src/shared/schema"' has no exported member 'Affiliate'.
2025-07-22T14:48:51.305720984Z server/services/affiliate.ts(99,55): error TS2339: Property 'affiliates' does not exist on type 'typeof import("/opt/render/project/src/shared/schema")'.
2025-07-22T14:48:51.305732624Z server/services/affiliate.ts(99,83): error TS2339: Property 'affiliates' does not exist on type 'typeof import("/opt/render/project/src/shared/schema")'.
2025-07-22T14:48:51.305738174Z server/services/affiliate.ts(110,94): error TS2694: Namespace '"/opt/render/project/src/shared/schema"' has no exported member 'Referral'.
2025-07-22T14:48:51.305740804Z server/services/affiliate.ts(120,32): error TS2694: Namespace '"/opt/render/project/src/shared/schema"' has no exported member 'ReferralInsert'.
2025-07-22T14:48:51.305746314Z server/services/affiliate.ts(129,50): error TS2339: Property 'referrals' does not exist on type 'typeof import("/opt/render/project/src/shared/schema")'.
2025-07-22T14:48:51.305748774Z server/services/affiliate.ts(132,28): error TS2339: Property 'affiliates' does not exist on type 'typeof import("/opt/render/project/src/shared/schema")'.
2025-07-22T14:48:51.305751014Z server/services/affiliate.ts(137,24): error TS2339: Property 'affiliates' does not exist on type 'typeof import("/opt/render/project/src/shared/schema")'.
2025-07-22T14:48:51.305761454Z server/services/affiliate.ts(169,20): error TS2339: Property 'referrals' does not exist on type 'typeof import("/opt/render/project/src/shared/schema")'.
2025-07-22T14:48:51.305764154Z server/services/affiliate.ts(172,21): error TS2339: Property 'referrals' does not exist on type 'typeof import("/opt/render/project/src/shared/schema")'.
2025-07-22T14:48:51.305797895Z server/services/affiliate.ts(173,21): error TS2339: Property 'referrals' does not exist on type 'typeof import("/opt/render/project/src/shared/schema")'.
2025-07-22T14:48:51.305801785Z server/services/affiliate.ts(184,30): error TS2339: Property 'referrals' does not exist on type 'typeof import("/opt/render/project/src/shared/schema")'.
2025-07-22T14:48:51.305833876Z server/services/affiliate.ts(192,26): error TS2339: Property 'referrals' does not exist on type 'typeof import("/opt/render/project/src/shared/schema")'.
2025-07-22T14:48:51.305837046Z server/services/affiliate.ts(212,20): error TS2339: Property 'referrals' does not exist on type 'typeof import("/opt/render/project/src/shared/schema")'.
2025-07-22T14:48:51.305839726Z server/services/affiliate.ts(215,21): error TS2339: Property 'referrals' does not exist on type 'typeof import("/opt/render/project/src/shared/schema")'.
2025-07-22T14:48:51.305842206Z server/services/affiliate.ts(216,21): error TS2339: Property 'referrals' does not exist on type 'typeof import("/opt/render/project/src/shared/schema")'.
2025-07-22T14:48:51.305847526Z server/services/affiliate.ts(217,22): error TS2339: Property 'referrals' does not exist on type 'typeof import("/opt/render/project/src/shared/schema")'.
2025-07-22T14:48:51.305849966Z server/services/affiliate.ts(236,28): error TS2339: Property 'affiliates' does not exist on type 'typeof import("/opt/render/project/src/shared/schema")'.
2025-07-22T14:48:51.305855066Z server/services/affiliate.ts(241,24): error TS2339: Property 'affiliates' does not exist on type 'typeof import("/opt/render/project/src/shared/schema")'.
2025-07-22T14:48:51.305857726Z server/services/affiliate.ts(253,84): error TS2694: Namespace '"/opt/render/project/src/shared/schema"' has no exported member 'ReferralPayment'.
2025-07-22T14:48:51.305886707Z server/services/affiliate.ts(256,34): error TS2339: Property 'affiliates' does not exist on type 'typeof import("/opt/render/project/src/shared/schema")'.
2025-07-22T14:48:51.305889717Z server/services/affiliate.ts(260,34): error TS2339: Property 'affiliates' does not exist on type 'typeof import("/opt/render/project/src/shared/schema")'.
2025-07-22T14:48:51.305906287Z server/services/affiliate.ts(265,20): error TS2339: Property 'affiliates' does not exist on type 'typeof import("/opt/render/project/src/shared/schema")'.
2025-07-22T14:48:51.305949788Z server/services/affiliate.ts(268,28): error TS2694: Namespace '"/opt/render/project/src/shared/schema"' has no exported member 'ReferralPayment'.
2025-07-22T14:48:51.305953128Z server/services/affiliate.ts(280,33): error TS2694: Namespace '"/opt/render/project/src/shared/schema"' has no exported member 'ReferralPaymentInsert'.
2025-07-22T14:48:51.305958478Z server/services/affiliate.ts(290,48): error TS2339: Property 'referralPayments' does not exist on type 'typeof import("/opt/render/project/src/shared/schema")'.
2025-07-22T14:48:51.305961038Z server/services/affiliate.ts(323,53): error TS2339: Property 'referralPayments' does not exist on type 'typeof import("/opt/render/project/src/shared/schema")'.
2025-07-22T14:48:51.305965948Z server/services/affiliate.ts(330,26): error TS2339: Property 'referralPayments' does not exist on type 'typeof import("/opt/render/project/src/shared/schema")'.
2025-07-22T14:48:51.305998879Z server/services/affiliate.ts(336,32): error TS2339: Property 'affiliates' does not exist on type 'typeof import("/opt/render/project/src/shared/schema")'.
2025-07-22T14:48:51.306002129Z server/services/affiliate.ts(342,28): error TS2339: Property 'affiliates' does not exist on type 'typeof import("/opt/render/project/src/shared/schema")'.
2025-07-22T14:48:51.306006189Z server/services/affiliate.ts(359,21): error TS2694: Namespace '"/opt/render/project/src/shared/schema"' has no exported member 'Affiliate'.
2025-07-22T14:48:51.306011509Z server/services/affiliate.ts(385,20): error TS2339: Property 'referrals' does not exist on type 'typeof import("/opt/render/project/src/shared/schema")'.
2025-07-22T14:48:51.306014229Z server/services/affiliate.ts(386,24): error TS2339: Property 'referrals' does not exist on type 'typeof import("/opt/render/project/src/shared/schema")'.
2025-07-22T14:48:51.30605841Z server/services/affiliate.ts(394,20): error TS2339: Property 'referralPayments' does not exist on type 'typeof import("/opt/render/project/src/shared/schema")'.
2025-07-22T14:48:51.30606168Z server/services/affiliate.ts(397,21): error TS2339: Property 'referralPayments' does not exist on type 'typeof import("/opt/render/project/src/shared/schema")'.
2025-07-22T14:48:51.30606419Z server/services/affiliate.ts(398,21): error TS2339: Property 'referralPayments' does not exist on type 'typeof import("/opt/render/project/src/shared/schema")'.
2025-07-22T14:48:51.30606669Z server/services/affiliate.ts(401,28): error TS2339: Property 'referralPayments' does not exist on type 'typeof import("/opt/render/project/src/shared/schema")'.
2025-07-22T14:48:51.30606927Z server/services/affiliate.ts(439,18): error TS2339: Property 'referrals' does not exist on type 'typeof import("/opt/render/project/src/shared/schema")'.
2025-07-22T14:48:51.306160442Z server/services/affiliate.ts(440,22): error TS2339: Property 'referrals' does not exist on type 'typeof import("/opt/render/project/src/shared/schema")'.
2025-07-22T14:48:51.306163722Z server/services/affiliate.ts(441,26): error TS2339: Property 'referrals' does not exist on type 'typeof import("/opt/render/project/src/shared/schema")'.
2025-07-22T14:48:51.306166052Z server/services/affiliate.ts(442,30): error TS2339: Property 'referrals' does not exist on type 'typeof import("/opt/render/project/src/shared/schema")'.
2025-07-22T14:48:51.306168562Z server/services/affiliate.ts(443,26): error TS2339: Property 'referrals' does not exist on type 'typeof import("/opt/render/project/src/shared/schema")'.
2025-07-22T14:48:51.306171702Z server/services/affiliate.ts(444,30): error TS2339: Property 'username' does not exist on type 'PgTableWithColumns<{ name: "users"; schema: undefined; columns: { id: PgColumn<{ name: "id"; tableName: "users"; dataType: "number"; columnType: "PgSerial"; data: number; driverParam: number; notNull: true; hasDefault: true; ... 6 more ...; generated: undefined; }, {}, {}>; ... 7 more ...; updatedAt: PgColumn<...>; ...'.
2025-07-22T14:48:51.306179782Z server/services/affiliate.ts(445,30): error TS2339: Property 'fullName' does not exist on type 'PgTableWithColumns<{ name: "users"; schema: undefined; columns: { id: PgColumn<{ name: "id"; tableName: "users"; dataType: "number"; columnType: "PgSerial"; data: number; driverParam: number; notNull: true; hasDefault: true; ... 6 more ...; generated: undefined; }, {}, {}>; ... 7 more ...; updatedAt: PgColumn<...>; ...'.
2025-07-22T14:48:51.306182382Z server/services/affiliate.ts(447,18): error TS2339: Property 'referrals' does not exist on type 'typeof import("/opt/render/project/src/shared/schema")'.
2025-07-22T14:48:51.306184732Z server/services/affiliate.ts(448,39): error TS2339: Property 'referrals' does not exist on type 'typeof import("/opt/render/project/src/shared/schema")'.
2025-07-22T14:48:51.306187012Z server/services/affiliate.ts(449,22): error TS2339: Property 'referrals' does not exist on type 'typeof import("/opt/render/project/src/shared/schema")'.
2025-07-22T14:48:51.306189462Z server/services/affiliate.ts(450,26): error TS2339: Property 'referrals' does not exist on type 'typeof import("/opt/render/project/src/shared/schema")'.
2025-07-22T14:48:51.306195112Z server/services/affiliate.ts(462,76): error TS2694: Namespace '"/opt/render/project/src/shared/schema"' has no exported member 'ReferralPayment'.
2025-07-22T14:48:51.306197632Z server/services/affiliate.ts(470,20): error TS2339: Property 'referralPayments' does not exist on type 'typeof import("/opt/render/project/src/shared/schema")'.
2025-07-22T14:48:51.306199922Z server/services/affiliate.ts(471,24): error TS2339: Property 'referralPayments' does not exist on type 'typeof import("/opt/render/project/src/shared/schema")'.
2025-07-22T14:48:51.306202273Z server/services/affiliate.ts(472,28): error TS2339: Property 'referralPayments' does not exist on type 'typeof import("/opt/render/project/src/shared/schema")'.
2025-07-22T14:48:51.306207382Z server/services/affiliate.ts(508,19): error TS2694: Namespace '"/opt/render/project/src/shared/schema"' has no exported member 'Affiliate'.
2025-07-22T14:48:51.306228923Z server/services/affiliate.ts(515,55): error TS2339: Property 'affiliates' does not exist on type 'typeof import("/opt/render/project/src/shared/schema")'.
2025-07-22T14:48:51.306232073Z server/services/affiliate.ts(520,24): error TS2339: Property 'affiliates' does not exist on type 'typeof import("/opt/render/project/src/shared/schema")'.
2025-07-22T14:48:51.306235093Z server/services/affiliate/service.ts(32,29): error TS2339: Property 'username' does not exist on type '{ email: string; password: string; name: string; id: number; role: "admin" | "manager" | "cashier" | null; storeId: number | null; isActive: boolean | null; createdAt: Date | null; updatedAt: Date | null; }'.
2025-07-22T14:48:51.306267894Z server/services/affiliate/service.ts(38,24): error TS2345: Argument of type 'unknown' is not assignable to parameter of type 'Error'.
2025-07-22T14:48:51.306280834Z server/services/affiliate/service.ts(42,59): error TS2694: Namespace '"/opt/render/project/src/shared/schema"' has no exported member 'Affiliate'.
2025-07-22T14:48:51.306283984Z server/services/affiliate/service.ts(50,48): error TS2339: Property 'affiliates' does not exist on type 'typeof import("/opt/render/project/src/shared/schema")'.
2025-07-22T14:48:51.306293324Z server/services/affiliate/service.ts(59,24): error TS2345: Argument of type 'unknown' is not assignable to parameter of type 'Error'.
2025-07-22T14:48:51.306360755Z server/services/affiliate/service.ts(63,62): error TS2694: Namespace '"/opt/render/project/src/shared/schema"' has no exported member 'Affiliate'.
2025-07-22T14:48:51.306379686Z server/services/affiliate/service.ts(66,26): error TS2339: Property 'affiliates' does not exist on type 'typeof import("/opt/render/project/src/shared/schema")'.
2025-07-22T14:48:51.306383206Z server/services/affiliate/service.ts(69,24): error TS2345: Argument of type 'unknown' is not assignable to parameter of type 'Error'.
2025-07-22T14:48:51.306385776Z server/services/affiliate/service.ts(73,58): error TS2694: Namespace '"/opt/render/project/src/shared/schema"' has no exported member 'Affiliate'.
2025-07-22T14:48:51.306388346Z server/services/affiliate/service.ts(76,26): error TS2339: Property 'affiliates' does not exist on type 'typeof import("/opt/render/project/src/shared/schema")'.
2025-07-22T14:48:51.306391126Z server/services/affiliate/service.ts(79,24): error TS2345: Argument of type 'unknown' is not assignable to parameter of type 'Error'.
2025-07-22T14:48:51.306405026Z server/services/affiliate/service.ts(83,80): error TS2694: Namespace '"/opt/render/project/src/shared/schema"' has no exported member 'Referral'.
2025-07-22T14:48:51.306408216Z server/services/affiliate/service.ts(91,26): error TS2339: Property 'referrals' does not exist on type 'typeof import("/opt/render/project/src/shared/schema")'.
2025-07-22T14:48:51.306454477Z server/services/affiliate/service.ts(98,47): error TS2339: Property 'referrals' does not exist on type 'typeof import("/opt/render/project/src/shared/schema")'.
2025-07-22T14:48:51.306459097Z server/services/affiliate/service.ts(107,24): error TS2345: Argument of type 'unknown' is not assignable to parameter of type 'Error'.
2025-07-22T14:48:51.306461417Z server/services/affiliate/service.ts(131,24): error TS2345: Argument of type 'unknown' is not assignable to parameter of type 'Error'.
2025-07-22T14:48:51.306511518Z server/services/affiliate/service.ts(147,49): error TS2339: Property 'affiliateCommissions' does not exist on type 'typeof import("/opt/render/project/src/shared/schema")'.
2025-07-22T14:48:51.306517598Z server/services/affiliate/service.ts(157,24): error TS2345: Argument of type 'unknown' is not assignable to parameter of type 'Error'.
2025-07-22T14:48:51.306520018Z server/services/affiliate/service.ts(161,70): error TS2694: Namespace '"/opt/render/project/src/shared/schema"' has no exported member 'ReferralPayment'.
2025-07-22T14:48:51.306570539Z server/services/affiliate/service.ts(165,22): error TS2339: Property 'affiliateCommissions' does not exist on type 'typeof import("/opt/render/project/src/shared/schema")'.
2025-07-22T14:48:51.306574499Z server/services/affiliate/service.ts(166,26): error TS2339: Property 'affiliateCommissions' does not exist on type 'typeof import("/opt/render/project/src/shared/schema")'.
2025-07-22T14:48:51.306577379Z server/services/affiliate/service.ts(167,30): error TS2339: Property 'affiliateCommissions' does not exist on type 'typeof import("/opt/render/project/src/shared/schema")'.
2025-07-22T14:48:51.306581449Z server/services/affiliate/service.ts(170,15): error TS2339: Property 'where' does not exist on type 'Omit<PgSelectBase<any, any, "single", any, false, "where" | "orderBy", { [x: string]: any; }[], any>, "where" | "orderBy">'.
2025-07-22T14:48:51.306584359Z server/services/affiliate/service.ts(170,31): error TS2339: Property 'affiliateCommissions' does not exist on type 'typeof import("/opt/render/project/src/shared/schema")'.
2025-07-22T14:48:51.306590429Z server/services/affiliate/service.ts(174,30): error TS2694: Namespace '"/opt/render/project/src/shared/schema"' has no exported member 'ReferralPayment'.
2025-07-22T14:48:51.30661195Z server/services/affiliate/service.ts(184,29): error TS2339: Property 'Payout' does not exist on type 'Flutterwave'.
2025-07-22T14:48:51.30661828Z server/services/affiliate/service.ts(187,15): error TS2304: Cannot find name 'affiliate'.
2025-07-22T14:48:51.30664447Z server/services/affiliate/service.ts(192,15): error TS18046: 'payment' is of type 'unknown'.
2025-07-22T14:48:51.30664781Z server/services/affiliate/service.ts(193,36): error TS2339: Property 'affiliateCommissions' does not exist on type 'typeof import("/opt/render/project/src/shared/schema")'.
2025-07-22T14:48:51.306653901Z server/services/affiliate/service.ts(197,28): error TS18046: 'payment' is of type 'unknown'.
2025-07-22T14:48:51.306656781Z server/services/affiliate/service.ts(199,32): error TS2339: Property 'affiliateCommissions' does not exist on type 'typeof import("/opt/render/project/src/shared/schema")'.
2025-07-22T14:48:51.306673891Z server/services/affiliate/service.ts(202,27): error TS18046: 'payment' is of type 'unknown'.
2025-07-22T14:48:51.306676261Z server/services/affiliate/service.ts(212,24): error TS2345: Argument of type 'unknown' is not assignable to parameter of type 'Error'.
2025-07-22T14:48:51.306680091Z server/services/affiliate/service.ts(217,23): error TS2694: Namespace '"/opt/render/project/src/shared/schema"' has no exported member 'Affiliate'.
2025-07-22T14:48:51.306683701Z server/services/affiliate/service.ts(242,18): error TS2304: Cannot find name 'sql'.
2025-07-22T14:48:51.306721062Z server/services/affiliate/service.ts(243,19): error TS2304: Cannot find name 'sql'.
2025-07-22T14:48:51.306725852Z server/services/affiliate/service.ts(243,63): error TS2339: Property 'referrals' does not exist on type 'typeof import("/opt/render/project/src/shared/schema")'.
2025-07-22T14:48:51.306810544Z server/services/affiliate/service.ts(244,20): error TS2304: Cannot find name 'sql'.
2025-07-22T14:48:51.306816704Z server/services/affiliate/service.ts(244,64): error TS2339: Property 'referrals' does not exist on type 'typeof import("/opt/render/project/src/shared/schema")'.
2025-07-22T14:48:51.306819644Z server/services/affiliate/service.ts(246,22): error TS2339: Property 'referrals' does not exist on type 'typeof import("/opt/render/project/src/shared/schema")'.
2025-07-22T14:48:51.306822314Z server/services/affiliate/service.ts(247,26): error TS2339: Property 'referrals' does not exist on type 'typeof import("/opt/render/project/src/shared/schema")'.
2025-07-22T14:48:51.306824804Z server/services/affiliate/service.ts(251,18): error TS2304: Cannot find name 'sql'.
2025-07-22T14:48:51.306835264Z server/services/affiliate/service.ts(251,43): error TS2339: Property 'affiliateCommissions' does not exist on type 'typeof import("/opt/render/project/src/shared/schema")'.
2025-07-22T14:48:51.306838394Z server/services/affiliate/service.ts(252,20): error TS2304: Cannot find name 'sql'.
2025-07-22T14:48:51.306841354Z server/services/affiliate/service.ts(252,45): error TS2339: Property 'affiliateCommissions' does not exist on type 'typeof import("/opt/render/project/src/shared/schema")'.
2025-07-22T14:48:51.306844064Z server/services/affiliate/service.ts(252,98): error TS2339: Property 'affiliateCommissions' does not exist on type 'typeof import("/opt/render/project/src/shared/schema")'.
2025-07-22T14:48:51.306850274Z server/services/affiliate/service.ts(254,22): error TS2339: Property 'affiliateCommissions' does not exist on type 'typeof import("/opt/render/project/src/shared/schema")'.
2025-07-22T14:48:51.306852984Z server/services/affiliate/service.ts(255,26): error TS2339: Property 'affiliateCommissions' does not exist on type 'typeof import("/opt/render/project/src/shared/schema")'.
2025-07-22T14:48:51.306893315Z server/services/affiliate/service.ts(259,26): error TS2339: Property 'affiliateCommissions' does not exist on type 'typeof import("/opt/render/project/src/shared/schema")'.
2025-07-22T14:48:51.306897925Z server/services/affiliate/service.ts(260,24): error TS2339: Property 'affiliateCommissions' does not exist on type 'typeof import("/opt/render/project/src/shared/schema")'.
2025-07-22T14:48:51.306907875Z server/services/affiliate/service.ts(262,22): error TS2339: Property 'affiliateCommissions' does not exist on type 'typeof import("/opt/render/project/src/shared/schema")'.
2025-07-22T14:48:51.306910795Z server/services/affiliate/service.ts(265,23): error TS2339: Property 'affiliateCommissions' does not exist on type 'typeof import("/opt/render/project/src/shared/schema")'.
2025-07-22T14:48:51.306913665Z server/services/affiliate/service.ts(266,23): error TS2339: Property 'affiliateCommissions' does not exist on type 'typeof import("/opt/render/project/src/shared/schema")'.
2025-07-22T14:48:51.306916255Z server/services/affiliate/service.ts(269,30): error TS2339: Property 'affiliateCommissions' does not exist on type 'typeof import("/opt/render/project/src/shared/schema")'.
2025-07-22T14:48:51.306923955Z server/services/affiliate/service.ts(288,24): error TS2345: Argument of type 'unknown' is not assignable to parameter of type 'Error'.
2025-07-22T14:48:51.306928626Z server/services/affiliate/service.ts(292,63): error TS2694: Namespace '"/opt/render/project/src/shared/schema"' has no exported member 'Referral'.
2025-07-22T14:48:51.306942626Z server/services/affiliate/service.ts(296,22): error TS2339: Property 'referrals' does not exist on type 'typeof import("/opt/render/project/src/shared/schema")'.
2025-07-22T14:48:51.306950186Z server/services/affiliate/service.ts(297,26): error TS2339: Property 'referrals' does not exist on type 'typeof import("/opt/render/project/src/shared/schema")'.
2025-07-22T14:48:51.306976856Z server/services/affiliate/service.ts(298,30): error TS2339: Property 'referrals' does not exist on type 'typeof import("/opt/render/project/src/shared/schema")'.
2025-07-22T14:48:51.306982376Z server/services/affiliate/service.ts(300,24): error TS2345: Argument of type 'unknown' is not assignable to parameter of type 'Error'.
2025-07-22T14:48:51.307017637Z server/services/affiliate/service.ts(304,62): error TS2694: Namespace '"/opt/render/project/src/shared/schema"' has no exported member 'ReferralPayment'.
2025-07-22T14:48:51.307022377Z server/services/affiliate/service.ts(308,22): error TS2339: Property 'affiliateCommissions' does not exist on type 'typeof import("/opt/render/project/src/shared/schema")'.
2025-07-22T14:48:51.30716485Z server/services/affiliate/service.ts(309,26): error TS2339: Property 'affiliateCommissions' does not exist on type 'typeof import("/opt/render/project/src/shared/schema")'.
2025-07-22T14:48:51.30716804Z server/services/affiliate/service.ts(310,30): error TS2339: Property 'affiliateCommissions' does not exist on type 'typeof import("/opt/render/project/src/shared/schema")'.
2025-07-22T14:48:51.30716991Z server/services/affiliate/service.ts(312,24): error TS2345: Argument of type 'unknown' is not assignable to parameter of type 'Error'.
2025-07-22T14:48:51.30717168Z server/services/affiliate/service.ts(326,24): error TS2345: Argument of type 'unknown' is not assignable to parameter of type 'Error'.
2025-07-22T14:48:51.30717401Z server/services/affiliate/service.ts(339,21): error TS2694: Namespace '"/opt/render/project/src/shared/schema"' has no exported member 'Affiliate'.
2025-07-22T14:48:51.3071758Z server/services/affiliate/service.ts(347,24): error TS2339: Property 'affiliates' does not exist on type 'typeof import("/opt/render/project/src/shared/schema")'.
2025-07-22T14:48:51.30717806Z server/services/affiliate/service.ts(357,26): error TS2339: Property 'affiliates' does not exist on type 'typeof import("/opt/render/project/src/shared/schema")'.
2025-07-22T14:48:51.30718111Z server/services/affiliate/service.ts(362,24): error TS2345: Argument of type 'unknown' is not assignable to parameter of type 'Error'.
2025-07-22T14:48:51.30718412Z server/services/affiliate/types.ts(2,10): error TS2305: Module '"@shared/schema"' has no exported member 'schema'.
2025-07-22T14:48:51.30719646Z server/services/affiliate/types.ts(59,19): error TS2304: Cannot find name 'ServiceError'.
2025-07-22T14:48:51.307208411Z server/services/affiliate/types.ts(60,26): error TS2304: Cannot find name 'ServiceError'.
2025-07-22T14:48:51.307211751Z server/services/affiliate/types.ts(61,28): error TS2304: Cannot find name 'ServiceError'.
2025-07-22T14:48:51.307217451Z server/services/affiliate/types.ts(62,25): error TS2304: Cannot find name 'ServiceError'.
2025-07-22T14:48:51.307219971Z server/services/affiliate/types.ts(63,18): error TS2304: Cannot find name 'ServiceError'.
2025-07-22T14:48:51.307247772Z server/services/affiliate/types.ts(64,25): error TS2304: Cannot find name 'ServiceError'.
2025-07-22T14:48:51.307251932Z server/services/affiliate/types.ts(68,23): error TS2304: Cannot find name 'ServiceError'.
2025-07-22T14:48:51.307256732Z server/services/affiliate/types.ts(73,30): error TS2304: Cannot find name 'ServiceError'.
2025-07-22T14:48:51.307258462Z server/services/affiliate/types.ts(78,32): error TS2304: Cannot find name 'ServiceError'.
2025-07-22T14:48:51.307260092Z server/services/affiliate/types.ts(83,29): error TS2304: Cannot find name 'ServiceError'.
2025-07-22T14:48:51.307293362Z server/services/affiliate/types.ts(88,22): error TS2304: Cannot find name 'ServiceError'.
2025-07-22T14:48:51.307295662Z server/services/affiliate/types.ts(95,29): error TS2304: Cannot find name 'ServiceError'.
2025-07-22T14:48:51.307298972Z server/services/ai/service.ts(3,30): error TS2307: Cannot find module '../cache/cache' or its corresponding type declarations.
2025-07-22T14:48:51.307303153Z server/services/ai/service.ts(7,10): error TS2616: 'v4' can only be imported by using 'import v4 = require("uuid")' or a default import.
2025-07-22T14:48:51.307361763Z server/services/ai/service.ts(7,30): error TS2497: This module can only be referenced with ECMAScript imports/exports by turning on the 'esModuleInterop' flag and referencing its default export.
2025-07-22T14:48:51.307370754Z server/services/ai/service.ts(9,10): error TS2395: Individual declarations in merged declaration 'AIService' must be all exported or all local.
2025-07-22T14:48:51.307373674Z server/services/ai/service.ts(9,10): error TS2440: Import declaration conflicts with local declaration of 'AIService'.
2025-07-22T14:48:51.307379864Z server/services/ai/service.ts(11,14): error TS2395: Individual declarations in merged declaration 'AIService' must be all exported or all local.
2025-07-22T14:48:51.307385954Z server/services/ai/service.ts(11,14): error TS2420: Class 'import("/opt/render/project/src/server/services/ai/service").AIService' incorrectly implements interface 'import("/opt/render/project/src/server/services/ai/types").AIService'.
2025-07-22T14:48:51.307388884Z   Type 'AIService' is missing the following properties from type 'AIService': generateImage, generateImageEdit, analyzeCode, generateDocumentation, and 4 more.
2025-07-22T14:48:51.307391474Z server/services/ai/service.ts(19,24): error TS2304: Cannot find name 'defaultAIServiceConfig'.
2025-07-22T14:48:51.307401954Z server/services/ai/service.ts(40,17): error TS2693: 'AIError' only refers to a type, but is being used as a value here.
2025-07-22T14:48:51.307407984Z server/services/ai/service.ts(51,17): error TS2693: 'AIError' only refers to a type, but is being used as a value here.
2025-07-22T14:48:51.307431435Z server/services/ai/service.ts(142,7): error TS2322: Type 'string | null' is not assignable to type 'string'.
2025-07-22T14:48:51.307434925Z   Type 'null' is not assignable to type 'string'.
2025-07-22T14:48:51.307437545Z server/services/ai/service.ts(144,24): error TS2345: Argument of type 'unknown' is not assignable to parameter of type 'Error'.
2025-07-22T14:48:51.307440335Z server/services/ai/service.ts(187,7): error TS2322: Type 'string | null' is not assignable to type 'string'.
2025-07-22T14:48:51.307449275Z   Type 'null' is not assignable to type 'string'.
2025-07-22T14:48:51.307456255Z server/services/ai/service.ts(189,24): error TS2345: Argument of type 'unknown' is not assignable to parameter of type 'Error'.
2025-07-22T14:48:51.307461345Z server/services/ai/service.ts(211,24): error TS2345: Argument of type 'unknown' is not assignable to parameter of type 'Error'.
2025-07-22T14:48:51.307469005Z server/services/ai/service.ts(232,24): error TS2345: Argument of type 'unknown' is not assignable to parameter of type 'Error'.
2025-07-22T14:48:51.307472016Z server/services/ai/service.ts(253,24): error TS2345: Argument of type 'unknown' is not assignable to parameter of type 'Error'.
2025-07-22T14:48:51.307491306Z server/services/ai/service.ts(274,24): error TS2345: Argument of type 'unknown' is not assignable to parameter of type 'Error'.
2025-07-22T14:48:51.307495706Z server/services/ai/service.ts(284,24): error TS2345: Argument of type 'unknown' is not assignable to parameter of type 'Error'.
2025-07-22T14:48:51.307498486Z server/services/ai/service.ts(292,29): error TS2339: Property 'max_tokens' does not exist on type 'Model & { _request_id?: string | null | undefined; }'.
2025-07-22T14:48:51.307504826Z server/services/ai/service.ts(294,37): error TS2339: Property 'capabilities' does not exist on type 'Model & { _request_id?: string | null | undefined; }'.
2025-07-22T14:48:51.307507436Z server/services/ai/service.ts(297,24): error TS2345: Argument of type 'unknown' is not assignable to parameter of type 'Error'.
2025-07-22T14:48:51.307560157Z server/services/ai/service.ts(316,24): error TS2345: Argument of type 'unknown' is not assignable to parameter of type 'Error'.
2025-07-22T14:48:51.307567817Z server/services/ai/types.ts(71,5): error TS1016: A required parameter cannot follow an optional parameter.
2025-07-22T14:48:51.307612308Z server/services/analytics.ts(20,24): error TS2339: Property 'getSalesTrends' does not exist on type 'IStorage'.
2025-07-22T14:48:51.307618828Z server/services/analytics.ts(65,29): error TS2551: Property 'transactionItems' does not exist on type 'typeof import("/opt/render/project/src/shared/schema")'. Did you mean 'transactions'?
2025-07-22T14:48:51.307633828Z server/services/analytics.ts(67,38): error TS2551: Property 'transactionItems' does not exist on type 'typeof import("/opt/render/project/src/shared/schema")'. Did you mean 'transactions'?
2025-07-22T14:48:51.30769693Z server/services/analytics.ts(68,35): error TS2551: Property 'transactionItems' does not exist on type 'typeof import("/opt/render/project/src/shared/schema")'. Did you mean 'transactions'?
2025-07-22T14:48:51.30770571Z server/services/analytics.ts(70,22): error TS2551: Property 'transactionItems' does not exist on type 'typeof import("/opt/render/project/src/shared/schema")'. Did you mean 'transactions'?
2025-07-22T14:48:51.30770759Z server/services/analytics.ts(71,46): error TS2551: Property 'transactionItems' does not exist on type 'typeof import("/opt/render/project/src/shared/schema")'. Did you mean 'transactions'?
2025-07-22T14:48:51.30773044Z server/services/analytics.ts(72,50): error TS2551: Property 'transactionItems' does not exist on type 'typeof import("/opt/render/project/src/shared/schema")'. Did you mean 'transactions'?
2025-07-22T14:48:51.30773485Z server/services/analytics.ts(76,25): error TS2551: Property 'transactionItems' does not exist on type 'typeof import("/opt/render/project/src/shared/schema")'. Did you mean 'transactions'?
2025-07-22T14:48:51.30773743Z server/services/analytics.ts(77,40): error TS2551: Property 'transactionItems' does not exist on type 'typeof import("/opt/render/project/src/shared/schema")'. Did you mean 'transactions'?
2025-07-22T14:48:51.307739921Z server/services/analytics/service.ts(3,30): error TS2307: Cannot find module '../cache/cache' or its corresponding type declarations.
2025-07-22T14:48:51.307748701Z server/services/analytics/service.ts(7,10): error TS2305: Module '"@shared/schema"' has no exported member 'schema'.
2025-07-22T14:48:51.307777421Z server/services/analytics/service.ts(11,11): error TS2564: Property 'redis' has no initializer and is not definitely assigned in the constructor.
2025-07-22T14:48:51.307780981Z server/services/analytics/service.ts(18,24): error TS2304: Cannot find name 'defaultAnalyticsConfig'.
2025-07-22T14:48:51.307784621Z server/services/analytics/service.ts(41,17): error TS2693: 'AnalyticsError' only refers to a type, but is being used as a value here.
2025-07-22T14:48:51.307794622Z server/services/analytics/service.ts(88,21): error TS2693: 'AnalyticsError' only refers to a type, but is being used as a value here.
2025-07-22T14:48:51.307800271Z server/services/analytics/service.ts(197,25): error TS2304: Cannot find name 'db'.
2025-07-22T14:48:51.307833932Z server/services/analytics/service.ts(223,24): error TS2345: Argument of type 'unknown' is not assignable to parameter of type 'Error'.
2025-07-22T14:48:51.307836992Z server/services/analytics/service.ts(254,25): error TS2304: Cannot find name 'db'.
2025-07-22T14:48:51.307842312Z server/services/analytics/service.ts(282,24): error TS2345: Argument of type 'unknown' is not assignable to parameter of type 'Error'.
2025-07-22T14:48:51.307844802Z server/services/analytics/service.ts(313,25): error TS2304: Cannot find name 'db'.
2025-07-22T14:48:51.307874063Z server/services/analytics/service.ts(340,24): error TS2345: Argument of type 'unknown' is not assignable to parameter of type 'Error'.
2025-07-22T14:48:51.307877133Z server/services/analytics/service.ts(371,25): error TS2304: Cannot find name 'db'.
2025-07-22T14:48:51.307904484Z server/services/analytics/service.ts(398,24): error TS2345: Argument of type 'unknown' is not assignable to parameter of type 'Error'.
2025-07-22T14:48:51.307907313Z server/services/base/base-service.ts(1,10): error TS2724: '"../logger"' has no exported member named 'Logger'. Did you mean 'logger'?
2025-07-22T14:48:51.307938494Z server/services/base/enhanced-service.ts(10,27): error TS7016: Could not find a declaration file for module 'zod'. '/opt/render/project/src/node_modules/zod/dist/commonjs/index.js' implicitly has an 'any' type.
2025-07-22T14:48:51.307942214Z   There are types at '/opt/render/project/src/node_modules/zod/dist/esm/index.d.ts', but this result could not be resolved under your current 'moduleResolution' setting. Consider updating to 'node16', 'nodenext', or 'bundler'.
2025-07-22T14:48:51.307944804Z server/services/base/enhanced-service.ts(60,23): error TS7006: Parameter 'row' implicitly has an 'any' type.
2025-07-22T14:48:51.307947344Z server/services/base/service.ts(61,24): error TS2345: Argument of type 'unknown' is not assignable to parameter of type 'Error'.
2025-07-22T14:48:51.307949804Z server/services/base/service.ts(77,57): error TS2345: Argument of type 'unknown' is not assignable to parameter of type 'Error'.
2025-07-22T14:48:51.307985155Z server/services/batch-inventory.ts(31,37): error TS2339: Property 'getStoreProductInventory' does not exist on type 'IStorage'.
2025-07-22T14:48:51.307988275Z server/services/batch-inventory.ts(36,26): error TS2551: Property 'getInventoryBatchesByProduct' does not exist on type 'IStorage'. Did you mean 'getInventoryByProduct'?
2025-07-22T14:48:51.307990585Z server/services/batch-inventory.ts(213,39): error TS2339: Property 'getStoreProductInventory' does not exist on type 'IStorage'.
2025-07-22T14:48:51.307997825Z server/services/batch-inventory.ts(217,37): error TS2551: Property 'createInventory' does not exist on type 'IStorage'. Did you mean 'createInventoryItem'?
2025-07-22T14:48:51.308000265Z server/services/batch-inventory.ts(227,23): error TS2551: Property 'createInventoryBatch' does not exist on type 'IStorage'. Did you mean 'createInventoryItem'?
2025-07-22T14:48:51.308046336Z server/services/batch-inventory.ts(268,35): error TS2551: Property 'getInventoryBatchesByProduct' does not exist on type 'IStorage'. Did you mean 'getInventoryByProduct'?
2025-07-22T14:48:51.308052366Z server/services/batch-inventory.ts(272,41): error TS7006: Parameter 'a' implicitly has an 'any' type.
2025-07-22T14:48:51.308077027Z server/services/batch-inventory.ts(272,44): error TS7006: Parameter 'b' implicitly has an 'any' type.
2025-07-22T14:48:51.308086097Z server/services/batch-inventory.ts(291,44): error TS2551: Property 'updateInventoryBatch' does not exist on type 'IStorage'. Did you mean 'updateInventory'?
2025-07-22T14:48:51.308089177Z server/services/batch-inventory.ts(296,40): error TS2339: Property 'createBatchAuditLog' does not exist on type 'IStorage'.
2025-07-22T14:48:51.308113387Z server/services/cache.ts(6,28): error TS2702: 'Redis' only refers to a type, but is being used as a namespace here.
2025-07-22T14:48:51.308117297Z server/services/cache.ts(10,30): error TS7006: Parameter 'error' implicitly has an 'any' type.
2025-07-22T14:48:51.308154868Z server/services/dialogflow.ts(44,44): error TS2724: '"/opt/render/project/src/shared/schema"' has no exported member named 'User'. Did you mean 'users'?
2025-07-22T14:48:51.308159168Z server/services/dialogflow.ts(92,40): error TS2339: Property 'getAiConversation' does not exist on type 'IStorage'.
2025-07-22T14:48:51.308183089Z server/services/dialogflow.ts(111,21): error TS2339: Property 'saveAiConversation' does not exist on type 'IStorage'.
2025-07-22T14:48:51.308192999Z server/services/dialogflow.ts(169,21): error TS2339: Property 'saveAiConversation' does not exist on type 'IStorage'.
2025-07-22T14:48:51.308198699Z server/services/dialogflow.ts(206,33): error TS2339: Property 'getStoreSalesComparison' does not exist on type 'IStorage'.
2025-07-22T14:48:51.308225039Z server/services/dialogflow.ts(209,33): error TS2339: Property 'getDailySalesData' does not exist on type 'IStorage'.
2025-07-22T14:48:51.308228319Z server/services/dialogflow.ts(216,46): error TS2339: Property 'getRecentTransactions' does not exist on type 'IStorage'.
2025-07-22T14:48:51.308234719Z server/services/dialogflow.ts(244,33): error TS2551: Property 'product' does not exist on type '{ id: number; storeId: number; updatedAt: Date | null; productId: number; quantity: number | null; minStock: number | null; maxStock: number | null; lastRestocked: Date | null; }'. Did you mean 'productId'?
2025-07-22T14:48:51.308238019Z server/services/dialogflow.ts(245,38): error TS2339: Property 'totalQuantity' does not exist on type '{ id: number; storeId: number; updatedAt: Date | null; productId: number; quantity: number | null; minStock: number | null; maxStock: number | null; lastRestocked: Date | null; }'.
2025-07-22T14:48:51.30824375Z server/services/dialogflow.ts(246,38): error TS2339: Property 'minimumLevel' does not exist on type '{ id: number; storeId: number; updatedAt: Date | null; productId: number; quantity: number | null; minStock: number | null; maxStock: number | null; lastRestocked: Date | null; }'.
2025-07-22T14:48:51.30824649Z server/services/dialogflow.ts(247,31): error TS2551: Property 'store' does not exist on type '{ id: number; storeId: number; updatedAt: Date | null; productId: number; quantity: number | null; minStock: number | null; maxStock: number | null; lastRestocked: Date | null; }'. Did you mean 'storeId'?
2025-07-22T14:48:51.30825181Z server/services/dialogflow.ts(259,68): error TS7006: Parameter 't' implicitly has an 'any' type.
2025-07-22T14:48:51.308315931Z server/services/email.ts(1,24): error TS7016: Could not find a declaration file for module 'nodemailer'. '/opt/render/project/src/node_modules/nodemailer/lib/nodemailer.js' implicitly has an 'any' type.
2025-07-22T14:48:51.308330651Z   Try `npm i --save-dev @types/nodemailer` if it exists or add a new declaration (.d.ts) file containing `declare module 'nodemailer';`
2025-07-22T14:48:51.308357772Z server/services/import-enhanced.ts(708,36): error TS2551: Property 'getAllCategories' does not exist on type 'IStorage'. Did you mean 'getAllStores'?
2025-07-22T14:48:51.308366672Z server/services/import-enhanced.ts(710,22): error TS7006: Parameter 'category' implicitly has an 'any' type.
2025-07-22T14:48:51.308372252Z server/services/import-enhanced.ts(743,45): error TS2339: Property 'getStoreProductInventory' does not exist on type 'IStorage'.
2025-07-22T14:48:51.308379672Z server/services/import-enhanced.ts(754,45): error TS2769: No overload matches this call.
2025-07-22T14:48:51.308383072Z   Overload 1 of 2, '(value: { storeId: number | SQL<unknown> | Placeholder<string, any>; productId: number | SQL<unknown> | Placeholder<string, any>; id?: number | SQL<unknown> | Placeholder<...> | undefined; ... 4 more ...; lastRestocked?: Date | ... 3 more ... | undefined; }): PgInsertBase<...>', gave the following error.
2025-07-22T14:48:51.308385532Z     Object literal may only specify known properties, and 'minStockLevel' does not exist in type '{ storeId: number | SQL<unknown> | Placeholder<string, any>; productId: number | SQL<unknown> | Placeholder<string, any>; id?: number | SQL<unknown> | Placeholder<...> | undefined; ... 4 more ...; lastRestocked?: Date | ... 3 more ... | undefined; }'.
2025-07-22T14:48:51.308388062Z   Overload 2 of 2, '(values: { storeId: number | SQL<unknown> | Placeholder<string, any>; productId: number | SQL<unknown> | Placeholder<string, any>; id?: number | SQL<unknown> | Placeholder<...> | undefined; ... 4 more ...; lastRestocked?: Date | ... 3 more ... | undefined; }[]): PgInsertBase<...>', gave the following error.
2025-07-22T14:48:51.308390552Z     Object literal may only specify known properties, and 'storeId' does not exist in type '{ storeId: number | SQL<unknown> | Placeholder<string, any>; productId: number | SQL<unknown> | Placeholder<string, any>; id?: number | SQL<unknown> | Placeholder<...> | undefined; ... 4 more ...; lastRestocked?: Date | ... 3 more ... | undefined; }[]'.
2025-07-22T14:48:51.308410083Z server/services/import-enhanced.ts(764,63): error TS2769: No overload matches this call.
2025-07-22T14:48:51.308413653Z   Overload 1 of 2, '(value: { name: string | SQL<unknown> | Placeholder<string, any>; price: string | SQL<unknown> | Placeholder<string, any>; id?: number | SQL<unknown> | Placeholder<string, any> | undefined; ... 8 more ...; unit?: string | ... 3 more ... | undefined; }): PgInsertBase<...>', gave the following error.
2025-07-22T14:48:51.308416383Z     Object literal may only specify known properties, but 'categoryId' does not exist in type '{ name: string | SQL<unknown> | Placeholder<string, any>; price: string | SQL<unknown> | Placeholder<string, any>; id?: number | SQL<unknown> | Placeholder<string, any> | undefined; ... 8 more ...; unit?: string | ... 3 more ... | undefined; }'. Did you mean to write 'category'?
2025-07-22T14:48:51.308419113Z   Overload 2 of 2, '(values: { name: string | SQL<unknown> | Placeholder<string, any>; price: string | SQL<unknown> | Placeholder<string, any>; id?: number | SQL<unknown> | Placeholder<string, any> | undefined; ... 8 more ...; unit?: string | ... 3 more ... | undefined; }[]): PgInsertBase<...>', gave the following error.
2025-07-22T14:48:51.308421943Z     Object literal may only specify known properties, and 'name' does not exist in type '{ name: string | SQL<unknown> | Placeholder<string, any>; price: string | SQL<unknown> | Placeholder<string, any>; id?: number | SQL<unknown> | Placeholder<string, any> | undefined; ... 8 more ...; unit?: string | ... 3 more ... | undefined; }[]'.
2025-07-22T14:48:51.308424723Z server/services/import-enhanced.ts(774,43): error TS2769: No overload matches this call.
2025-07-22T14:48:51.308433733Z   Overload 1 of 2, '(value: { storeId: number | SQL<unknown> | Placeholder<string, any>; productId: number | SQL<unknown> | Placeholder<string, any>; id?: number | SQL<unknown> | Placeholder<...> | undefined; ... 4 more ...; lastRestocked?: Date | ... 3 more ... | undefined; }): PgInsertBase<...>', gave the following error.
2025-07-22T14:48:51.308436843Z     Object literal may only specify known properties, and 'minStockLevel' does not exist in type '{ storeId: number | SQL<unknown> | Placeholder<string, any>; productId: number | SQL<unknown> | Placeholder<string, any>; id?: number | SQL<unknown> | Placeholder<...> | undefined; ... 4 more ...; lastRestocked?: Date | ... 3 more ... | undefined; }'.
2025-07-22T14:48:51.308439463Z   Overload 2 of 2, '(values: { storeId: number | SQL<unknown> | Placeholder<string, any>; productId: number | SQL<unknown> | Placeholder<string, any>; id?: number | SQL<unknown> | Placeholder<...> | undefined; ... 4 more ...; lastRestocked?: Date | ... 3 more ... | undefined; }[]): PgInsertBase<...>', gave the following error.
2025-07-22T14:48:51.308442743Z     Object literal may only specify known properties, and 'storeId' does not exist in type '{ storeId: number | SQL<unknown> | Placeholder<string, any>; productId: number | SQL<unknown> | Placeholder<string, any>; id?: number | SQL<unknown> | Placeholder<...> | undefined; ... 4 more ...; lastRestocked?: Date | ... 3 more ... | undefined; }[]'.
2025-07-22T14:48:51.308453763Z server/services/import-enhanced.ts(816,44): error TS2339: Property 'getLoyaltyMemberByLoyaltyId' does not exist on type 'IStorage'.
2025-07-22T14:48:51.308456703Z server/services/import-enhanced.ts(820,23): error TS2339: Property 'updateLoyaltyMember' does not exist on type 'IStorage'.
2025-07-22T14:48:51.308459224Z server/services/import-enhanced.ts(825,40): error TS2551: Property 'getCustomerById' does not exist on type 'IStorage'. Did you mean 'getUserById'?
2025-07-22T14:48:51.308471164Z server/services/import-enhanced.ts(827,34): error TS2339: Property 'customers' does not exist on type 'typeof import("/opt/render/project/src/shared/schema")'.
2025-07-22T14:48:51.308474024Z server/services/import-enhanced.ts(834,30): error TS2339: Property 'customers' does not exist on type 'typeof import("/opt/render/project/src/shared/schema")'.
2025-07-22T14:48:51.308476914Z server/services/import-enhanced.ts(838,36): error TS2694: Namespace '"/opt/render/project/src/shared/schema"' has no exported member 'CustomerInsert'.
2025-07-22T14:48:51.308483084Z server/services/import-enhanced.ts(846,40): error TS2551: Property 'createCustomer' does not exist on type 'IStorage'. Did you mean 'createUser'?
2025-07-22T14:48:51.308485864Z server/services/import-enhanced.ts(849,34): error TS2694: Namespace '"/opt/render/project/src/shared/schema"' has no exported member 'LoyaltyMemberInsert'.
2025-07-22T14:48:51.308491764Z server/services/import-enhanced.ts(857,23): error TS2339: Property 'createLoyaltyMember' does not exist on type 'IStorage'.
2025-07-22T14:48:51.308497274Z server/services/import-export/config.ts(5,3): error TS2353: Object literal may only specify known properties, and 'storage' does not exist in type 'ImportExportConfig'.
2025-07-22T14:48:51.308502964Z server/services/import-export/service.ts(10,24): error TS7016: Could not find a declaration file for module 'json2csv'. '/opt/render/project/src/node_modules/json2csv/lib/json2csv.js' implicitly has an 'any' type.
2025-07-22T14:48:51.308505675Z   Try `npm i --save-dev @types/json2csv` if it exists or add a new declaration (.d.ts) file containing `declare module 'json2csv';`
2025-07-22T14:48:51.308525615Z server/services/import-export/service.ts(121,45): error TS2345: Argument of type '{ batchSize?: number | undefined; delimiter?: string | undefined; includeHeaders?: boolean | undefined; format?: string | undefined; filters?: Record<string, any> | undefined; } | undefined' is not assignable to parameter of type '{ batchSize?: number | undefined; delimiter?: string | undefined; includeHeaders?: boolean | undefined; format?: string | undefined; filters?: Record<string, any> | undefined; }'.
2025-07-22T14:48:51.308538895Z   Type 'undefined' is not assignable to type '{ batchSize?: number | undefined; delimiter?: string | undefined; includeHeaders?: boolean | undefined; format?: string | undefined; filters?: Record<string, any> | undefined; }'.
2025-07-22T14:48:51.308542195Z server/services/import-export/service.ts(347,20): error TS18048: 'worksheet' is possibly 'undefined'.
2025-07-22T14:48:51.308545085Z server/services/import-export/service.ts(351,7): error TS18048: 'worksheet' is possibly 'undefined'.
2025-07-22T14:48:51.308552725Z server/services/import-export/service.ts(351,7): error TS2532: Object is possibly 'undefined'.
2025-07-22T14:48:51.308555805Z server/services/import-export/service.ts(351,28): error TS18048: 'worksheet' is possibly 'undefined'.
2025-07-22T14:48:51.308562225Z server/services/import-export/validation.ts(26,15): error TS2554: Expected 3-8 arguments, but got 1.
2025-07-22T14:48:51.308570956Z server/services/import-export/validation.ts(77,13): error TS2554: Expected 3-8 arguments, but got 1.
2025-07-22T14:48:51.308611196Z server/services/import-export/validation/schema.ts(1,19): error TS7016: Could not find a declaration file for module 'zod'. '/opt/render/project/src/node_modules/zod/dist/commonjs/index.js' implicitly has an 'any' type.
2025-07-22T14:48:51.308615166Z   There are types at '/opt/render/project/src/node_modules/zod/dist/esm/index.d.ts', but this result could not be resolved under your current 'moduleResolution' setting. Consider updating to 'node16', 'nodenext', or 'bundler'.
2025-07-22T14:48:51.308617666Z server/services/import-export/validation/schema.ts(2,39): error TS2307: Cannot find module '../../../shared/types/import-export-errors' or its corresponding type declarations.
2025-07-22T14:48:51.308651947Z server/services/import-export/validation/service.ts(1,19): error TS7016: Could not find a declaration file for module 'zod'. '/opt/render/project/src/node_modules/zod/dist/commonjs/index.js' implicitly has an 'any' type.
2025-07-22T14:48:51.308655517Z   There are types at '/opt/render/project/src/node_modules/zod/dist/esm/index.d.ts', but this result could not be resolved under your current 'moduleResolution' setting. Consider updating to 'node16', 'nodenext', or 'bundler'.
2025-07-22T14:48:51.308659007Z server/services/import-export/validation/service.ts(42,20): error TS7053: Element implicitly has an 'any' type because expression of type '"users" | "products" | "transactions"' can't be used to index type '{ product: any; order: any; customer: any; }'.
2025-07-22T14:48:51.308661717Z   Property 'users' does not exist on type '{ product: any; order: any; customer: any; }'.
2025-07-22T14:48:51.308663537Z server/services/import-export/validation/service.ts(59,54): error TS7006: Parameter 'error' implicitly has an 'any' type.
2025-07-22T14:48:51.308670518Z server/services/import-export/validation/service.ts(80,20): error TS7053: Element implicitly has an 'any' type because expression of type '"users" | "products" | "transactions"' can't be used to index type '{ product: any; order: any; customer: any; }'.
2025-07-22T14:48:51.308676018Z   Property 'users' does not exist on type '{ product: any; order: any; customer: any; }'.
2025-07-22T14:48:51.308679007Z server/services/import-export/validation/service.ts(116,14): error TS18046: 'error' is of type 'unknown'.
2025-07-22T14:48:51.308687488Z server/services/import-export/validation/service.ts(116,32): error TS7006: Parameter 'err' implicitly has an 'any' type.
2025-07-22T14:48:51.308741329Z server/services/import-export/validation/types.ts(1,19): error TS7016: Could not find a declaration file for module 'zod'. '/opt/render/project/src/node_modules/zod/dist/commonjs/index.js' implicitly has an 'any' type.
2025-07-22T14:48:51.30878454Z   There are types at '/opt/render/project/src/node_modules/zod/dist/esm/index.d.ts', but this result could not be resolved under your current 'moduleResolution' setting. Consider updating to 'node16', 'nodenext', or 'bundler'.
2025-07-22T14:48:51.30878862Z server/services/import-export/validation/types.ts(2,39): error TS2307: Cannot find module '../../../shared/types/import-export-errors' or its corresponding type declarations.
2025-07-22T14:48:51.30880933Z server/services/import.ts(881,40): error TS2339: Property 'getLoyaltyProgram' does not exist on type 'IStorage'.
2025-07-22T14:48:51.30881343Z server/services/import.ts(892,44): error TS2339: Property 'getLoyaltyMemberByLoyaltyId' does not exist on type 'IStorage'.
2025-07-22T14:48:51.3088154Z server/services/import.ts(896,45): error TS2694: Namespace '"/opt/render/project/src/shared/schema"' has no exported member 'LoyaltyMember'.
2025-07-22T14:48:51.30881754Z server/services/import.ts(908,23): error TS2339: Property 'updateLoyaltyMember' does not exist on type 'IStorage'.
2025-07-22T14:48:51.30881926Z server/services/import.ts(911,32): error TS2694: Namespace '"/opt/render/project/src/shared/schema"' has no exported member 'UserInsert'.
2025-07-22T14:48:51.30882097Z server/services/import.ts(922,34): error TS2694: Namespace '"/opt/render/project/src/shared/schema"' has no exported member 'LoyaltyMemberInsert'.
2025-07-22T14:48:51.30882271Z server/services/import.ts(932,23): error TS2339: Property 'createLoyaltyMember' does not exist on type 'IStorage'.
2025-07-22T14:48:51.30882444Z server/services/import.ts(962,36): error TS2551: Property 'getAllCategories' does not exist on type 'IStorage'. Did you mean 'getAllStores'?
2025-07-22T14:48:51.308849271Z server/services/import.ts(964,22): error TS7006: Parameter 'category' implicitly has an 'any' type.
2025-07-22T14:48:51.308856251Z server/services/import.ts(995,93): error TS2339: Property 'isPerishable' does not exist on type '{ name: string; id: number; brand: string | null; isActive: boolean | null; createdAt: Date | null; updatedAt: Date | null; description: string | null; barcode: string | null; price: string; cost: string | null; category: string | null; unit: string | null; }'.
2025-07-22T14:48:51.308862881Z server/services/import.ts(999,41): error TS2339: Property 'getStoreProductInventory' does not exist on type 'IStorage'.
2025-07-22T14:48:51.308882651Z server/services/import.ts(1006,45): error TS2769: No overload matches this call.
2025-07-22T14:48:51.308886361Z   Overload 1 of 2, '(value: { storeId: number | SQL<unknown> | Placeholder<string, any>; productId: number | SQL<unknown> | Placeholder<string, any>; id?: number | SQL<unknown> | Placeholder<...> | undefined; ... 4 more ...; lastRestocked?: Date | ... 3 more ... | undefined; }): PgInsertBase<...>', gave the following error.
2025-07-22T14:48:51.308889182Z     Object literal may only specify known properties, and 'totalQuantity' does not exist in type '{ storeId: number | SQL<unknown> | Placeholder<string, any>; productId: number | SQL<unknown> | Placeholder<string, any>; id?: number | SQL<unknown> | Placeholder<...> | undefined; ... 4 more ...; lastRestocked?: Date | ... 3 more ... | undefined; }'.
2025-07-22T14:48:51.308891682Z   Overload 2 of 2, '(values: { storeId: number | SQL<unknown> | Placeholder<string, any>; productId: number | SQL<unknown> | Placeholder<string, any>; id?: number | SQL<unknown> | Placeholder<...> | undefined; ... 4 more ...; lastRestocked?: Date | ... 3 more ... | undefined; }[]): PgInsertBase<...>', gave the following error.
2025-07-22T14:48:51.308894291Z     Object literal may only specify known properties, and 'storeId' does not exist in type '{ storeId: number | SQL<unknown> | Placeholder<string, any>; productId: number | SQL<unknown> | Placeholder<string, any>; id?: number | SQL<unknown> | Placeholder<...> | undefined; ... 4 more ...; lastRestocked?: Date | ... 3 more ... | undefined; }[]'.
2025-07-22T14:48:51.308908992Z server/services/import.ts(1018,35): error TS2694: Namespace '"/opt/render/project/src/shared/schema"' has no exported member 'ProductInsert'.
2025-07-22T14:48:51.308914962Z server/services/inventory-batch.ts(39,35): error TS2339: Property 'getStoreProductInventory' does not exist on type 'IStorage'.
2025-07-22T14:48:51.308957343Z server/services/inventory-batch.ts(46,33): error TS2551: Property 'createInventory' does not exist on type 'IStorage'. Did you mean 'createInventoryItem'?
2025-07-22T14:48:51.308961333Z server/services/inventory-batch.ts(55,33): error TS2551: Property 'createInventoryBatch' does not exist on type 'IStorage'. Did you mean 'createInventoryItem'?
2025-07-22T14:48:51.308967533Z server/services/inventory-batch.ts(66,19): error TS2551: Property 'updateInventoryTotalQuantity' does not exist on type 'IStorage'. Did you mean 'updateInventoryQuantity'?
2025-07-22T14:48:51.308994343Z server/services/inventory-batch.ts(80,26): error TS2551: Property 'getInventoryBatchesByProduct' does not exist on type 'IStorage'. Did you mean 'getInventoryByProduct'?
2025-07-22T14:48:51.308997873Z server/services/inventory-batch.ts(92,26): error TS2551: Property 'getInventoryBatchById' does not exist on type 'IStorage'. Did you mean 'getInventoryById'?
2025-07-22T14:48:51.309003653Z server/services/inventory-batch.ts(105,40): error TS2551: Property 'getInventoryBatchById' does not exist on type 'IStorage'. Did you mean 'getInventoryById'?
2025-07-22T14:48:51.309040654Z server/services/inventory-batch.ts(111,19): error TS2551: Property 'updateInventoryBatch' does not exist on type 'IStorage'. Did you mean 'updateInventory'?
2025-07-22T14:48:51.309044554Z server/services/inventory-batch.ts(114,19): error TS2551: Property 'updateInventoryTotalQuantity' does not exist on type 'IStorage'. Did you mean 'updateInventoryQuantity'?
2025-07-22T14:48:51.309047154Z server/services/inventory-batch.ts(116,26): error TS2551: Property 'getInventoryBatchById' does not exist on type 'IStorage'. Did you mean 'getInventoryById'?
2025-07-22T14:48:51.309049924Z server/services/inventory-batch.ts(129,40): error TS2551: Property 'getInventoryBatchById' does not exist on type 'IStorage'. Did you mean 'getInventoryById'?
2025-07-22T14:48:51.309055854Z server/services/inventory-batch.ts(143,19): error TS2551: Property 'updateInventoryBatch' does not exist on type 'IStorage'. Did you mean 'updateInventory'?
2025-07-22T14:48:51.309058785Z server/services/inventory-batch.ts(148,19): error TS2551: Property 'updateInventoryTotalQuantity' does not exist on type 'IStorage'. Did you mean 'updateInventoryQuantity'?
2025-07-22T14:48:51.309076985Z server/services/inventory-batch.ts(153,26): error TS2551: Property 'getInventoryBatchById' does not exist on type 'IStorage'. Did you mean 'getInventoryById'?
2025-07-22T14:48:51.309098685Z server/services/inventory-batch.ts(199,35): error TS2551: Property 'getInventoryBatchesByProduct' does not exist on type 'IStorage'. Did you mean 'getInventoryByProduct'?
2025-07-22T14:48:51.309131326Z server/services/inventory-batch.ts(203,41): error TS7006: Parameter 'a' implicitly has an 'any' type.
2025-07-22T14:48:51.309134926Z server/services/inventory-batch.ts(203,44): error TS7006: Parameter 'b' implicitly has an 'any' type.
2025-07-22T14:48:51.309219217Z server/services/inventory/enhanced-service.ts(14,35): error TS2307: Cannot find module './interface' or its corresponding type declarations.
2025-07-22T14:48:51.309223348Z server/services/inventory/enhanced-service.ts(20,3): error TS2305: Module '"./types"' has no exported member 'InventoryTransaction'.
2025-07-22T14:48:51.309226017Z server/services/inventory/enhanced-service.ts(25,3): error TS2305: Module '"./types"' has no exported member 'InventoryTransactionType'.
2025-07-22T14:48:51.309238138Z server/services/inventory/enhanced-service.ts(27,40): error TS2307: Cannot find module './errors' or its corresponding type declarations.
2025-07-22T14:48:51.309252068Z server/services/inventory/enhanced-service.ts(29,20): error TS2307: Cannot find module '@server/db' or its corresponding type declarations.
2025-07-22T14:48:51.309257198Z server/services/inventory/enhanced-service.ts(75,36): error TS2339: Property 'currentUtilization' does not exist on type 'CreateInventoryParams'.
2025-07-22T14:48:51.309295949Z server/services/inventory/enhanced-service.ts(79,26): error TS2339: Property 'metadata' does not exist on type 'CreateInventoryParams'.
2025-07-22T14:48:51.309299929Z server/services/inventory/enhanced-service.ts(79,59): error TS2339: Property 'metadata' does not exist on type 'CreateInventoryParams'.
2025-07-22T14:48:51.30935563Z server/services/inventory/enhanced-service.ts(88,9): error TS2345: Argument of type 'unknown' is not assignable to parameter of type 'Record<string, any>'.
2025-07-22T14:48:51.30936426Z server/services/inventory/enhanced-service.ts(118,26): error TS2339: Property 'metadata' does not exist on type 'UpdateInventoryParams'.
2025-07-22T14:48:51.30936721Z server/services/inventory/enhanced-service.ts(118,59): error TS2339: Property 'metadata' does not exist on type 'UpdateInventoryParams'.
2025-07-22T14:48:51.30938616Z server/services/inventory/enhanced-service.ts(127,9): error TS2345: Argument of type 'unknown' is not assignable to parameter of type 'Record<string, any>'.
2025-07-22T14:48:51.30938972Z server/services/inventory/enhanced-service.ts(234,9): error TS2345: Argument of type 'unknown' is not assignable to parameter of type 'Record<string, any>'.
2025-07-22T14:48:51.309396251Z server/services/inventory/enhanced-service.ts(242,7): error TS2322: Type 'unknown' is not assignable to type 'InventoryItem'.
2025-07-22T14:48:51.309440852Z server/services/inventory/enhanced-service.ts(276,9): error TS2345: Argument of type 'unknown' is not assignable to parameter of type 'Record<string, any>'.
2025-07-22T14:48:51.309491242Z server/services/inventory/enhanced-service.ts(287,7): error TS2322: Type 'unknown' is not assignable to type 'InventoryItem'.
2025-07-22T14:48:51.309495522Z server/services/inventory/enhanced-service.ts(352,60): error TS2339: Property 'inventoryId' does not exist on type 'InventoryAdjustmentParams'.
2025-07-22T14:48:51.309508193Z server/services/inventory/enhanced-service.ts(358,59): error TS2339: Property 'itemId' does not exist on type 'InventoryAdjustmentParams'.
2025-07-22T14:48:51.309547883Z server/services/inventory/enhanced-service.ts(380,29): error TS2339: Property 'inventoryId' does not exist on type 'InventoryAdjustmentParams'.
2025-07-22T14:48:51.309557414Z server/services/inventory/enhanced-service.ts(381,24): error TS2339: Property 'itemId' does not exist on type 'InventoryAdjustmentParams'.
2025-07-22T14:48:51.309560574Z server/services/inventory/enhanced-service.ts(382,33): error TS2339: Property 'transactionType' does not exist on type 'InventoryAdjustmentParams'.
2025-07-22T14:48:51.309566314Z server/services/inventory/enhanced-service.ts(386,26): error TS2339: Property 'unitCost' does not exist on type 'InventoryAdjustmentParams'.
2025-07-22T14:48:51.309599084Z server/services/inventory/enhanced-service.ts(387,35): error TS2339: Property 'unitCost' does not exist on type 'InventoryAdjustmentParams'.
2025-07-22T14:48:51.309602504Z server/services/inventory/enhanced-service.ts(388,29): error TS2551: Property 'referenceId' does not exist on type 'InventoryAdjustmentParams'. Did you mean 'reference'?
2025-07-22T14:48:51.309605195Z server/services/inventory/enhanced-service.ts(390,29): error TS2339: Property 'performedBy' does not exist on type 'InventoryAdjustmentParams'.
2025-07-22T14:48:51.309613735Z server/services/inventory/enhanced-service.ts(394,26): error TS2339: Property 'metadata' does not exist on type 'InventoryAdjustmentParams'.
2025-07-22T14:48:51.309652085Z server/services/inventory/enhanced-service.ts(394,59): error TS2339: Property 'metadata' does not exist on type 'InventoryAdjustmentParams'.
2025-07-22T14:48:51.309655975Z server/services/inventory/enhanced-service.ts(409,52): error TS2339: Property 'inventoryId' does not exist on type 'InventoryAdjustmentParams'.
2025-07-22T14:48:51.309659085Z server/services/inventory/enhanced-service.ts(438,11): error TS2353: Object literal may only specify known properties, and 'name' does not exist in type 'CreateInventoryParams'.
2025-07-22T14:48:51.309662136Z server/services/inventory/enhanced-service.ts(457,21): error TS2339: Property 'sku' does not exist on type 'InventoryBatchParams'.
2025-07-22T14:48:51.309690426Z server/services/inventory/enhanced-service.ts(459,22): error TS2339: Property 'unit' does not exist on type 'InventoryBatchParams'.
2025-07-22T14:48:51.309696266Z server/services/inventory/enhanced-service.ts(460,26): error TS2339: Property 'unitCost' does not exist on type 'InventoryBatchParams'.
2025-07-22T14:48:51.309703196Z server/services/inventory/enhanced-service.ts(462,33): error TS2339: Property 'manufactureDate' does not exist on type 'InventoryBatchParams'.
2025-07-22T14:48:51.309705796Z server/services/inventory/enhanced-service.ts(464,26): error TS2339: Property 'supplier' does not exist on type 'InventoryBatchParams'.
2025-07-22T14:48:51.309708656Z server/services/inventory/enhanced-service.ts(466,26): error TS2339: Property 'metadata' does not exist on type 'InventoryBatchParams'.
2025-07-22T14:48:51.309743977Z server/services/inventory/enhanced-service.ts(474,9): error TS2353: Object literal may only specify known properties, and 'inventoryId' does not exist in type 'InventoryAdjustmentParams'.
2025-07-22T14:48:51.309747747Z server/services/inventory/enhanced-service.ts(478,26): error TS2339: Property 'unitCost' does not exist on type 'InventoryBatchParams'.
2025-07-22T14:48:51.309750237Z server/services/inventory/enhanced-service.ts(479,29): error TS2339: Property 'referenceId' does not exist on type 'InventoryBatchParams'.
2025-07-22T14:48:51.309773267Z server/services/inventory/enhanced-service.ts(481,29): error TS2339: Property 'performedBy' does not exist on type 'InventoryBatchParams'.
2025-07-22T14:48:51.309776967Z server/services/inventory/enhanced-service.ts(586,9): error TS2353: Object literal may only specify known properties, and 'currentUtilization' does not exist in type 'UpdateInventoryParams'.
2025-07-22T14:48:51.309845239Z server/services/inventory/formatter.ts(11,3): error TS2305: Module '"./types"' has no exported member 'InventoryTransaction'.
2025-07-22T14:48:51.309849589Z server/services/inventory/formatter.ts(12,3): error TS2305: Module '"./types"' has no exported member 'InventoryTransactionType'.
2025-07-22T14:48:51.309852389Z server/services/inventory/formatter.ts(91,7): error TS2353: Object literal may only specify known properties, and 'sku' does not exist in type 'InventoryItem'.
2025-07-22T14:48:51.309858779Z server/services/inventory/service.ts(28,72): error TS2724: '"/opt/render/project/src/shared/schema"' has no exported member named 'Inventory'. Did you mean 'inventory'?
2025-07-22T14:48:51.309861399Z server/services/inventory/service.ts(75,17): error TS2769: No overload matches this call.
2025-07-22T14:48:51.309865059Z   Overload 1 of 2, '(value: { storeId: number | SQL<unknown> | Placeholder<string, any>; productId: number | SQL<unknown> | Placeholder<string, any>; id?: number | SQL<unknown> | Placeholder<...> | undefined; ... 4 more ...; lastRestocked?: Date | ... 3 more ... | undefined; }): PgInsertBase<...>', gave the following error.
2025-07-22T14:48:51.309874789Z     Argument of type 'unknown' is not assignable to parameter of type '{ storeId: number | SQL<unknown> | Placeholder<string, any>; productId: number | SQL<unknown> | Placeholder<string, any>; id?: number | SQL<unknown> | Placeholder<...> | undefined; ... 4 more ...; lastRestocked?: Date | ... 3 more ... | undefined; }'.
2025-07-22T14:48:51.309877569Z   Overload 2 of 2, '(values: { storeId: number | SQL<unknown> | Placeholder<string, any>; productId: number | SQL<unknown> | Placeholder<string, any>; id?: number | SQL<unknown> | Placeholder<...> | undefined; ... 4 more ...; lastRestocked?: Date | ... 3 more ... | undefined; }[]): PgInsertBase<...>', gave the following error.
2025-07-22T14:48:51.309880529Z     Argument of type 'unknown' is not assignable to parameter of type '{ storeId: number | SQL<unknown> | Placeholder<string, any>; productId: number | SQL<unknown> | Placeholder<string, any>; id?: number | SQL<unknown> | Placeholder<...> | undefined; ... 4 more ...; lastRestocked?: Date | ... 3 more ... | undefined; }[]'.
2025-07-22T14:48:51.30989205Z server/services/inventory/service.ts(83,31): error TS2345: Argument of type 'unknown' is not assignable to parameter of type 'Error'.
2025-07-22T14:48:51.30990087Z server/services/inventory/service.ts(90,93): error TS2724: '"/opt/render/project/src/shared/schema"' has no exported member named 'Inventory'. Did you mean 'inventory'?
2025-07-22T14:48:51.30990521Z server/services/inventory/service.ts(112,14): error TS2345: Argument of type 'unknown' is not assignable to parameter of type '{ storeId?: number | SQL<unknown> | PgColumn<ColumnBaseConfig<ColumnDataType, string>, {}, {}> | undefined; productId?: number | SQL<...> | PgColumn<...> | undefined; ... 5 more ...; lastRestocked?: Date | ... 3 more ... | undefined; }'.
2025-07-22T14:48:51.309964321Z server/services/inventory/service.ts(121,31): error TS2345: Argument of type 'unknown' is not assignable to parameter of type 'Error'.
2025-07-22T14:48:51.309972301Z server/services/inventory/service.ts(128,66): error TS2724: '"/opt/render/project/src/shared/schema"' has no exported member named 'Inventory'. Did you mean 'inventory'?
2025-07-22T14:48:51.309974551Z server/services/inventory/service.ts(136,35): error TS2339: Property 'inventoryBatches' does not exist on type 'typeof import("/opt/render/project/src/shared/schema")'.
2025-07-22T14:48:51.310001942Z server/services/inventory/service.ts(143,31): error TS2345: Argument of type 'unknown' is not assignable to parameter of type 'Error'.
2025-07-22T14:48:51.310005562Z server/services/inventory/service.ts(151,23): error TS2724: '"/opt/render/project/src/shared/schema"' has no exported member named 'Inventory'. Did you mean 'inventory'?
2025-07-22T14:48:51.310008492Z server/services/inventory/service.ts(193,31): error TS2345: Argument of type 'unknown' is not assignable to parameter of type 'Error'.
2025-07-22T14:48:51.310051432Z server/services/inventory/service.ts(201,23): error TS2724: '"/opt/render/project/src/shared/schema"' has no exported member named 'Inventory'. Did you mean 'inventory'?
2025-07-22T14:48:51.310056773Z server/services/inventory/service.ts(220,43): error TS2339: Property 'totalQuantity' does not exist on type 'PgTableWithColumns<{ name: "inventory"; schema: undefined; columns: { id: PgColumn<{ name: "id"; tableName: "inventory"; dataType: "number"; columnType: "PgSerial"; data: number; driverParam: number; notNull: true; hasDefault: true; ... 6 more ...; generated: undefined; }, {}, {}>; ... 6 more ...; updatedAt: PgColum...'.
2025-07-22T14:48:51.310059623Z server/services/inventory/service.ts(221,47): error TS2339: Property 'availableQuantity' does not exist on type 'PgTableWithColumns<{ name: "inventory"; schema: undefined; columns: { id: PgColumn<{ name: "id"; tableName: "inventory"; dataType: "number"; columnType: "PgSerial"; data: number; driverParam: number; notNull: true; hasDefault: true; ... 6 more ...; generated: undefined; }, {}, {}>; ... 6 more ...; updatedAt: PgColum...'.
2025-07-22T14:48:51.310069373Z server/services/inventory/service.ts(222,42): error TS2339: Property 'minimumLevel' does not exist on type 'PgTableWithColumns<{ name: "inventory"; schema: undefined; columns: { id: PgColumn<{ name: "id"; tableName: "inventory"; dataType: "number"; columnType: "PgSerial"; data: number; driverParam: number; notNull: true; hasDefault: true; ... 6 more ...; generated: undefined; }, {}, {}>; ... 6 more ...; updatedAt: PgColum...'.
2025-07-22T14:48:51.310078833Z server/services/inventory/service.ts(223,43): error TS2339: Property 'batchTracking' does not exist on type 'PgTableWithColumns<{ name: "inventory"; schema: undefined; columns: { id: PgColumn<{ name: "id"; tableName: "inventory"; dataType: "number"; columnType: "PgSerial"; data: number; driverParam: number; notNull: true; hasDefault: true; ... 6 more ...; generated: undefined; }, {}, {}>; ... 6 more ...; updatedAt: PgColum...'.
2025-07-22T14:48:51.310084543Z server/services/inventory/service.ts(225,39): error TS2339: Property 'sku' does not exist on type 'PgTableWithColumns<{ name: "products"; schema: undefined; columns: { id: PgColumn<{ name: "id"; tableName: "products"; dataType: "number"; columnType: "PgSerial"; data: number; driverParam: number; notNull: true; hasDefault: true; ... 6 more ...; generated: undefined; }, {}, {}>; ... 10 more ...; updatedAt: PgColumn...'.
2025-07-22T14:48:51.310088093Z server/services/inventory/service.ts(226,39): error TS2551: Property 'categoryId' does not exist on type 'PgTableWithColumns<{ name: "products"; schema: undefined; columns: { id: PgColumn<{ name: "id"; tableName: "products"; dataType: "number"; columnType: "PgSerial"; data: number; driverParam: number; notNull: true; hasDefault: true; ... 6 more ...; generated: undefined; }, {}, {}>; ... 10 more ...; updatedAt: PgColumn...'. Did you mean 'category'?
2025-07-22T14:48:51.310112504Z server/services/inventory/service.ts(235,9): error TS2322: Type 'SQL<unknown> | undefined' is not assignable to type 'SQL<unknown>'.
2025-07-22T14:48:51.310118504Z   Type 'undefined' is not assignable to type 'SQL<unknown>'.
2025-07-22T14:48:51.310121704Z server/services/inventory/service.ts(239,34): error TS2339: Property 'sku' does not exist on type 'PgTableWithColumns<{ name: "products"; schema: undefined; columns: { id: PgColumn<{ name: "id"; tableName: "products"; dataType: "number"; columnType: "PgSerial"; data: number; driverParam: number; notNull: true; hasDefault: true; ... 6 more ...; generated: undefined; }, {}, {}>; ... 10 more ...; updatedAt: PgColumn...'.
2025-07-22T14:48:51.310128774Z server/services/inventory/service.ts(245,9): error TS2322: Type 'SQL<unknown> | undefined' is not assignable to type 'SQL<unknown>'.
2025-07-22T14:48:51.310131744Z   Type 'undefined' is not assignable to type 'SQL<unknown>'.
2025-07-22T14:48:51.310134494Z server/services/inventory/service.ts(247,30): error TS2551: Property 'categoryId' does not exist on type 'PgTableWithColumns<{ name: "products"; schema: undefined; columns: { id: PgColumn<{ name: "id"; tableName: "products"; dataType: "number"; columnType: "PgSerial"; data: number; driverParam: number; notNull: true; hasDefault: true; ... 6 more ...; generated: undefined; }, {}, {}>; ... 10 more ...; updatedAt: PgColumn...'. Did you mean 'category'?
2025-07-22T14:48:51.310136264Z server/services/inventory/service.ts(252,9): error TS2322: Type 'SQL<unknown> | undefined' is not assignable to type 'SQL<unknown>'.
2025-07-22T14:48:51.310138074Z   Type 'undefined' is not assignable to type 'SQL<unknown>'.
2025-07-22T14:48:51.310142884Z server/services/inventory/service.ts(254,34): error TS2339: Property 'availableQuantity' does not exist on type 'PgTableWithColumns<{ name: "inventory"; schema: undefined; columns: { id: PgColumn<{ name: "id"; tableName: "inventory"; dataType: "number"; columnType: "PgSerial"; data: number; driverParam: number; notNull: true; hasDefault: true; ... 6 more ...; generated: undefined; }, {}, {}>; ... 6 more ...; updatedAt: PgColum...'.
2025-07-22T14:48:51.310153384Z server/services/inventory/service.ts(254,75): error TS2339: Property 'minimumLevel' does not exist on type 'PgTableWithColumns<{ name: "inventory"; schema: undefined; columns: { id: PgColumn<{ name: "id"; tableName: "inventory"; dataType: "number"; columnType: "PgSerial"; data: number; driverParam: number; notNull: true; hasDefault: true; ... 6 more ...; generated: undefined; }, {}, {}>; ... 6 more ...; updatedAt: PgColum...'.
2025-07-22T14:48:51.310159774Z server/services/inventory/service.ts(259,9): error TS2322: Type 'SQL<unknown> | undefined' is not assignable to type 'SQL<unknown>'.
2025-07-22T14:48:51.310162785Z   Type 'undefined' is not assignable to type 'SQL<unknown>'.
2025-07-22T14:48:51.310165885Z server/services/inventory/service.ts(261,31): error TS2339: Property 'availableQuantity' does not exist on type 'PgTableWithColumns<{ name: "inventory"; schema: undefined; columns: { id: PgColumn<{ name: "id"; tableName: "inventory"; dataType: "number"; columnType: "PgSerial"; data: number; driverParam: number; notNull: true; hasDefault: true; ... 6 more ...; generated: undefined; }, {}, {}>; ... 6 more ...; updatedAt: PgColum...'.
2025-07-22T14:48:51.310179195Z server/services/inventory/service.ts(266,9): error TS2322: Type 'SQL<unknown> | undefined' is not assignable to type 'SQL<unknown>'.
2025-07-22T14:48:51.310181125Z   Type 'undefined' is not assignable to type 'SQL<unknown>'.
2025-07-22T14:48:51.310182865Z server/services/inventory/service.ts(268,31): error TS2339: Property 'batchTracking' does not exist on type 'PgTableWithColumns<{ name: "inventory"; schema: undefined; columns: { id: PgColumn<{ name: "id"; tableName: "inventory"; dataType: "number"; columnType: "PgSerial"; data: number; driverParam: number; notNull: true; hasDefault: true; ... 6 more ...; generated: undefined; }, {}, {}>; ... 6 more ...; updatedAt: PgColum...'.
2025-07-22T14:48:51.310222396Z server/services/inventory/service.ts(294,36): error TS2339: Property 'availableQuantity' does not exist on type 'PgTableWithColumns<{ name: "inventory"; schema: undefined; columns: { id: PgColumn<{ name: "id"; tableName: "inventory"; dataType: "number"; columnType: "PgSerial"; data: number; driverParam: number; notNull: true; hasDefault: true; ... 6 more ...; generated: undefined; }, {}, {}>; ... 6 more ...; updatedAt: PgColum...'.
2025-07-22T14:48:51.310224806Z server/services/inventory/service.ts(295,37): error TS2339: Property 'availableQuantity' does not exist on type 'PgTableWithColumns<{ name: "inventory"; schema: undefined; columns: { id: PgColumn<{ name: "id"; tableName: "inventory"; dataType: "number"; columnType: "PgSerial"; data: number; driverParam: number; notNull: true; hasDefault: true; ... 6 more ...; generated: undefined; }, {}, {}>; ... 6 more ...; updatedAt: PgColum...'.
2025-07-22T14:48:51.310226646Z server/services/inventory/service.ts(323,31): error TS2345: Argument of type 'unknown' is not assignable to parameter of type 'Error'.
2025-07-22T14:48:51.310235126Z server/services/inventory/service.ts(356,13): error TS2353: Object literal may only specify known properties, and 'totalQuantity' does not exist in type '{ storeId?: number | SQL<unknown> | PgColumn<ColumnBaseConfig<ColumnDataType, string>, {}, {}> | undefined; productId?: number | SQL<...> | PgColumn<...> | undefined; ... 5 more ...; lastRestocked?: Date | ... 3 more ... | undefined; }'.
2025-07-22T14:48:51.310237116Z server/services/inventory/service.ts(363,32): error TS2551: Property 'inventoryLogs' does not exist on type 'typeof import("/opt/render/project/src/shared/schema")'. Did you mean 'inventory'?
2025-07-22T14:48:51.310259876Z server/services/inventory/service.ts(381,30): error TS2339: Property 'inventoryBatches' does not exist on type 'typeof import("/opt/render/project/src/shared/schema")'.
2025-07-22T14:48:51.310268216Z server/services/inventory/service.ts(394,34): error TS2339: Property 'inventoryBatches' does not exist on type 'typeof import("/opt/render/project/src/shared/schema")'.
2025-07-22T14:48:51.310288157Z server/services/inventory/service.ts(399,30): error TS2339: Property 'inventoryBatches' does not exist on type 'typeof import("/opt/render/project/src/shared/schema")'.
2025-07-22T14:48:51.310297657Z server/services/inventory/service.ts(408,31): error TS2345: Argument of type 'unknown' is not assignable to parameter of type 'Error'.
2025-07-22T14:48:51.310302467Z server/services/inventory/service.ts(415,73): error TS2694: Namespace '"/opt/render/project/src/shared/schema"' has no exported member 'InventoryBatch'.
2025-07-22T14:48:51.310391499Z server/services/inventory/service.ts(461,49): error TS2339: Property 'batch' does not exist on type '{ insert: (data: unknown) => unknown; update: (data: unknown) => unknown; adjustment: (data: unknown) => unknown; itemInsert: (data: unknown) => unknown; itemUpdate: (data: unknown) => unknown; }'.
2025-07-22T14:48:51.310401279Z server/services/inventory/service.ts(466,48): error TS2339: Property 'inventoryBatches' does not exist on type 'typeof import("/opt/render/project/src/shared/schema")'.
2025-07-22T14:48:51.310411319Z server/services/inventory/service.ts(489,31): error TS2345: Argument of type 'unknown' is not assignable to parameter of type 'Error'.
2025-07-22T14:48:51.310427309Z server/services/inventory/service.ts(496,64): error TS2694: Namespace '"/opt/render/project/src/shared/schema"' has no exported member 'InventoryBatch'.
2025-07-22T14:48:51.31046712Z server/services/inventory/service.ts(499,26): error TS2339: Property 'inventoryBatches' does not exist on type 'typeof import("/opt/render/project/src/shared/schema")'.
2025-07-22T14:48:51.310473Z server/services/inventory/service.ts(500,31): error TS2339: Property 'inventoryBatches' does not exist on type 'typeof import("/opt/render/project/src/shared/schema")'.
2025-07-22T14:48:51.31048662Z server/services/inventory/service.ts(505,31): error TS2345: Argument of type 'unknown' is not assignable to parameter of type 'Error'.
2025-07-22T14:48:51.31049142Z server/services/inventory/service.ts(512,79): error TS2724: '"/opt/render/project/src/shared/schema"' has no exported member named 'Inventory'. Did you mean 'inventory'?
2025-07-22T14:48:51.310522361Z server/services/inventory/service.ts(527,34): error TS2339: Property 'availableQuantity' does not exist on type 'PgTableWithColumns<{ name: "inventory"; schema: undefined; columns: { id: PgColumn<{ name: "id"; tableName: "inventory"; dataType: "number"; columnType: "PgSerial"; data: number; driverParam: number; notNull: true; hasDefault: true; ... 6 more ...; generated: undefined; }, {}, {}>; ... 6 more ...; updatedAt: PgColum...'.
2025-07-22T14:48:51.310660154Z server/services/inventory/service.ts(527,75): error TS2339: Property 'minimumLevel' does not exist on type 'PgTableWithColumns<{ name: "inventory"; schema: undefined; columns: { id: PgColumn<{ name: "id"; tableName: "inventory"; dataType: "number"; columnType: "PgSerial"; data: number; driverParam: number; notNull: true; hasDefault: true; ... 6 more ...; generated: undefined; }, {}, {}>; ... 6 more ...; updatedAt: PgColum...'.
2025-07-22T14:48:51.310664834Z server/services/inventory/service.ts(528,31): error TS2339: Property 'minimumLevel' does not exist on type 'PgTableWithColumns<{ name: "inventory"; schema: undefined; columns: { id: PgColumn<{ name: "id"; tableName: "inventory"; dataType: "number"; columnType: "PgSerial"; data: number; driverParam: number; notNull: true; hasDefault: true; ... 6 more ...; generated: undefined; }, {}, {}>; ... 6 more ...; updatedAt: PgColum...'.
2025-07-22T14:48:51.310667714Z server/services/inventory/service.ts(531,40): error TS2339: Property 'availableQuantity' does not exist on type 'PgTableWithColumns<{ name: "inventory"; schema: undefined; columns: { id: PgColumn<{ name: "id"; tableName: "inventory"; dataType: "number"; columnType: "PgSerial"; data: number; driverParam: number; notNull: true; hasDefault: true; ... 6 more ...; generated: undefined; }, {}, {}>; ... 6 more ...; updatedAt: PgColum...'.
2025-07-22T14:48:51.310678554Z server/services/inventory/service.ts(539,31): error TS2345: Argument of type 'unknown' is not assignable to parameter of type 'Error'.
2025-07-22T14:48:51.310681884Z server/services/inventory/service.ts(591,18): error TS2339: Property 'batchTracking' does not exist on type '{ id: number; storeId: number; updatedAt: Date | null; productId: number; quantity: number | null; minStock: number | null; maxStock: number | null; lastRestocked: Date | null; product: any; batches: any; }'.
2025-07-22T14:48:51.310685014Z server/services/inventory/service.ts(600,28): error TS2339: Property 'availableQuantity' does not exist on type '{ id: number; storeId: number; updatedAt: Date | null; productId: number; quantity: number | null; minStock: number | null; maxStock: number | null; lastRestocked: Date | null; product: any; batches: any; }'.
2025-07-22T14:48:51.310688134Z server/services/inventory/service.ts(634,31): error TS2345: Argument of type 'unknown' is not assignable to parameter of type 'Error'.
2025-07-22T14:48:51.310691224Z server/services/inventory/types.ts(9,32): error TS2724: '"/opt/render/project/src/shared/schema"' has no exported member named 'Inventory'. Did you mean 'inventory'?
2025-07-22T14:48:51.310694224Z server/services/inventory/types.ts(158,66): error TS2724: '"/opt/render/project/src/shared/schema"' has no exported member named 'Inventory'. Did you mean 'inventory'?
2025-07-22T14:48:51.310696954Z server/services/inventory/types.ts(159,87): error TS2724: '"/opt/render/project/src/shared/schema"' has no exported member named 'Inventory'. Did you mean 'inventory'?
2025-07-22T14:48:51.310699534Z server/services/inventory/types.ts(160,60): error TS2724: '"/opt/render/project/src/shared/schema"' has no exported member named 'Inventory'. Did you mean 'inventory'?
2025-07-22T14:48:51.310702115Z server/services/inventory/types.ts(162,23): error TS2724: '"/opt/render/project/src/shared/schema"' has no exported member named 'Inventory'. Did you mean 'inventory'?
2025-07-22T14:48:51.310704644Z server/services/inventory/types.ts(168,23): error TS2724: '"/opt/render/project/src/shared/schema"' has no exported member named 'Inventory'. Did you mean 'inventory'?
2025-07-22T14:48:51.310707775Z server/services/inventory/types.ts(174,67): error TS2694: Namespace '"/opt/render/project/src/shared/schema"' has no exported member 'InventoryBatch'.
2025-07-22T14:48:51.310710355Z server/services/inventory/types.ts(175,58): error TS2694: Namespace '"/opt/render/project/src/shared/schema"' has no exported member 'InventoryBatch'.
2025-07-22T14:48:51.310712995Z server/services/inventory/types.ts(176,69): error TS2724: '"/opt/render/project/src/shared/schema"' has no exported member named 'Inventory'. Did you mean 'inventory'?
2025-07-22T14:48:51.310715775Z server/services/loyalty.ts(15,50): error TS2694: Namespace '"/opt/render/project/src/shared/schema"' has no exported member 'LoyaltyProgram'.
2025-07-22T14:48:51.310769586Z server/services/loyalty.ts(21,22): error TS2339: Property 'loyaltyPrograms' does not exist on type 'typeof import("/opt/render/project/src/shared/schema")'.
2025-07-22T14:48:51.310774206Z server/services/loyalty.ts(42,22): error TS2339: Property 'loyaltyMembers' does not exist on type 'typeof import("/opt/render/project/src/shared/schema")'.
2025-07-22T14:48:51.310776886Z server/services/loyalty.ts(73,22): error TS2339: Property 'loyaltyMembers' does not exist on type 'typeof import("/opt/render/project/src/shared/schema")'.
2025-07-22T14:48:51.310779616Z server/services/loyalty.ts(75,24): error TS2339: Property 'loyaltyMembers' does not exist on type 'typeof import("/opt/render/project/src/shared/schema")'.
2025-07-22T14:48:51.310789656Z server/services/loyalty.ts(86,12): error TS1378: Top-level 'await' expressions are only allowed when the 'module' option is set to 'es2022', 'esnext', 'system', 'node16', 'node18', 'nodenext', or 'preserve', and the 'target' option is set to 'es2017' or higher.
2025-07-22T14:48:51.310792276Z server/services/loyalty.ts(113,22): error TS2339: Property 'loyaltyMembers' does not exist on type 'typeof import("/opt/render/project/src/shared/schema")'.
2025-07-22T14:48:51.310794666Z server/services/loyalty.ts(120,24): error TS2339: Property 'loyaltyMembers' does not exist on type 'typeof import("/opt/render/project/src/shared/schema")'.
2025-07-22T14:48:51.310803576Z server/services/loyalty.ts(130,107): error TS2694: Namespace '"/opt/render/project/src/shared/schema"' has no exported member 'LoyaltyMember'.
2025-07-22T14:48:51.310808446Z server/services/loyalty.ts(133,22): error TS2339: Property 'loyaltyMembers' does not exist on type 'typeof import("/opt/render/project/src/shared/schema")'.
2025-07-22T14:48:51.310810977Z server/services/loyalty.ts(142,54): error TS2339: Property 'loyaltyMembers' does not exist on type 'typeof import("/opt/render/project/src/shared/schema")'.
2025-07-22T14:48:51.310813377Z server/services/loyalty.ts(148,26): error TS2339: Property 'loyaltyMembers' does not exist on type 'typeof import("/opt/render/project/src/shared/schema")'.
2025-07-22T14:48:51.310842847Z server/services/loyalty.ts(159,17): error TS2339: Property 'loyaltyPrograms' does not exist on type 'typeof import("/opt/render/project/src/shared/schema")'.
2025-07-22T14:48:51.310845597Z server/services/loyalty.ts(160,17): error TS2339: Property 'loyaltyPrograms' does not exist on type 'typeof import("/opt/render/project/src/shared/schema")'.
2025-07-22T14:48:51.310847827Z server/services/loyalty.ts(166,49): error TS2339: Property 'loyaltyPrograms' does not exist on type 'typeof import("/opt/render/project/src/shared/schema")'.
2025-07-22T14:48:51.310850237Z server/services/loyalty.ts(183,43): error TS2339: Property 'loyaltyMembers' does not exist on type 'typeof import("/opt/render/project/src/shared/schema")'.
2025-07-22T14:48:51.310876878Z server/services/loyalty.ts(199,26): error TS2339: Property 'loyaltyTransactions' does not exist on type 'typeof import("/opt/render/project/src/shared/schema")'.
2025-07-22T14:48:51.310880798Z server/services/loyalty.ts(221,17): error TS2339: Property 'loyaltyPrograms' does not exist on type 'typeof import("/opt/render/project/src/shared/schema")'.
2025-07-22T14:48:51.310898378Z server/services/loyalty.ts(222,17): error TS2339: Property 'loyaltyPrograms' does not exist on type 'typeof import("/opt/render/project/src/shared/schema")'.
2025-07-22T14:48:51.310904368Z server/services/loyalty.ts(296,24): error TS2339: Property 'loyaltyMembers' does not exist on type 'typeof import("/opt/render/project/src/shared/schema")'.
2025-07-22T14:48:51.310936649Z server/services/loyalty.ts(324,26): error TS2339: Property 'loyaltyTiers' does not exist on type 'typeof import("/opt/render/project/src/shared/schema")'.
2025-07-22T14:48:51.310940109Z server/services/loyalty.ts(342,24): error TS2339: Property 'loyaltyMembers' does not exist on type 'typeof import("/opt/render/project/src/shared/schema")'.
2025-07-22T14:48:51.310942459Z server/services/loyalty.ts(349,26): error TS2339: Property 'loyaltyMembers' does not exist on type 'typeof import("/opt/render/project/src/shared/schema")'.
2025-07-22T14:48:51.310950859Z server/services/loyalty.ts(353,24): error TS2339: Property 'loyaltyTransactions' does not exist on type 'typeof import("/opt/render/project/src/shared/schema")'.
2025-07-22T14:48:51.310953339Z server/services/loyalty.ts(371,31): error TS2694: Namespace '"/opt/render/project/src/shared/schema"' has no exported member 'LoyaltyTransaction'.
2025-07-22T14:48:51.310965309Z server/services/loyalty.ts(395,77): error TS2694: Namespace '"/opt/render/project/src/shared/schema"' has no exported member 'LoyaltyReward'.
2025-07-22T14:48:51.31100849Z server/services/loyalty.ts(405,22): error TS2339: Property 'loyaltyMembers' does not exist on type 'typeof import("/opt/render/project/src/shared/schema")'.
2025-07-22T14:48:51.31101146Z server/services/loyalty.ts(420,22): error TS2339: Property 'customers' does not exist on type 'typeof import("/opt/render/project/src/shared/schema")'.
2025-07-22T14:48:51.31101573Z server/services/loyalty.ts(429,22): error TS2339: Property 'loyaltyPrograms' does not exist on type 'typeof import("/opt/render/project/src/shared/schema")'.
2025-07-22T14:48:51.31102122Z server/services/loyalty.ts(442,17): error TS2339: Property 'loyaltyRewards' does not exist on type 'typeof import("/opt/render/project/src/shared/schema")'.
2025-07-22T14:48:51.31102377Z server/services/loyalty.ts(443,17): error TS2339: Property 'loyaltyRewards' does not exist on type 'typeof import("/opt/render/project/src/shared/schema")'.
2025-07-22T14:48:51.311041711Z server/services/loyalty.ts(444,17): error TS2339: Property 'loyaltyRewards' does not exist on type 'typeof import("/opt/render/project/src/shared/schema")'.
2025-07-22T14:48:51.311044261Z server/services/loyalty.ts(445,21): error TS2339: Property 'loyaltyRewards' does not exist on type 'typeof import("/opt/render/project/src/shared/schema")'.
2025-07-22T14:48:51.311049301Z server/services/loyalty.ts(445,67): error TS2339: Property 'loyaltyRewards' does not exist on type 'typeof import("/opt/render/project/src/shared/schema")'.
2025-07-22T14:48:51.311056261Z server/services/loyalty.ts(446,21): error TS2339: Property 'loyaltyRewards' does not exist on type 'typeof import("/opt/render/project/src/shared/schema")'.
2025-07-22T14:48:51.311062491Z server/services/loyalty.ts(446,65): error TS2339: Property 'loyaltyRewards' does not exist on type 'typeof import("/opt/render/project/src/shared/schema")'.
2025-07-22T14:48:51.311072421Z server/services/loyalty.ts(466,26): error TS2694: Namespace '"/opt/render/project/src/shared/schema"' has no exported member 'LoyaltyProgram'.
2025-07-22T14:48:51.311117472Z server/services/loyalty.ts(468,29): error TS2694: Namespace '"/opt/render/project/src/shared/schema"' has no exported member 'LoyaltyTransaction'.
2025-07-22T14:48:51.311123462Z server/services/loyalty.ts(491,17): error TS2339: Property 'loyaltyMembers' does not exist on type 'typeof import("/opt/render/project/src/shared/schema")'.
2025-07-22T14:48:51.311135322Z server/services/loyalty.ts(534,45): error TS2694: Namespace '"/opt/render/project/src/shared/schema"' has no exported member 'LoyaltyTransaction'.
2025-07-22T14:48:51.311139163Z server/services/loyalty.ts(542,17): error TS2339: Property 'loyaltyTransactions' does not exist on type 'typeof import("/opt/render/project/src/shared/schema")'.
2025-07-22T14:48:51.311154183Z server/services/loyalty.ts(543,17): error TS2339: Property 'loyaltyTransactions' does not exist on type 'typeof import("/opt/render/project/src/shared/schema")'.
2025-07-22T14:48:51.311159733Z server/services/loyalty.ts(543,79): error TS2339: Property 'loyaltyMembers' does not exist on type 'typeof import("/opt/render/project/src/shared/schema")'.
2025-07-22T14:48:51.311162353Z server/services/loyalty.ts(545,27): error TS2339: Property 'loyaltyTransactions' does not exist on type 'typeof import("/opt/render/project/src/shared/schema")'.
2025-07-22T14:48:51.311206694Z server/services/loyalty.ts(574,22): error TS2339: Property 'loyaltyPrograms' does not exist on type 'typeof import("/opt/render/project/src/shared/schema")'.
2025-07-22T14:48:51.311211864Z server/services/loyalty.ts(586,21): error TS2339: Property 'loyaltyTransactions' does not exist on type 'typeof import("/opt/render/project/src/shared/schema")'.
2025-07-22T14:48:51.311224154Z server/services/loyalty.ts(587,21): error TS2339: Property 'loyaltyTransactions' does not exist on type 'typeof import("/opt/render/project/src/shared/schema")'.
2025-07-22T14:48:51.311228564Z server/services/loyalty.ts(622,57): error TS2694: Namespace '"/opt/render/project/src/shared/schema"' has no exported member 'LoyaltyTransaction'.
2025-07-22T14:48:51.311359016Z server/services/loyalty/enhanced-service.ts(14,33): error TS2307: Cannot find module './interface' or its corresponding type declarations.
2025-07-22T14:48:51.311366407Z server/services/loyalty/enhanced-service.ts(16,3): error TS2305: Module '"./types"' has no exported member 'CreateLoyaltyProgramParams'.
2025-07-22T14:48:51.311371577Z server/services/loyalty/enhanced-service.ts(17,3): error TS2305: Module '"./types"' has no exported member 'UpdateLoyaltyProgramParams'.
2025-07-22T14:48:51.311373967Z server/services/loyalty/enhanced-service.ts(21,3): error TS2305: Module '"./types"' has no exported member 'CreateLoyaltyMemberParams'.
2025-07-22T14:48:51.311377187Z server/services/loyalty/enhanced-service.ts(22,3): error TS2305: Module '"./types"' has no exported member 'UpdateLoyaltyMemberParams'.
2025-07-22T14:48:51.311404757Z server/services/loyalty/enhanced-service.ts(23,3): error TS2724: '"./types"' has no exported member named 'LoyaltyTransactionParams'. Did you mean 'LoyaltyTransaction'?
2025-07-22T14:48:51.311412057Z server/services/loyalty/enhanced-service.ts(26,38): error TS2307: Cannot find module './errors' or its corresponding type declarations.
2025-07-22T14:48:51.311415068Z server/services/loyalty/enhanced-service.ts(28,20): error TS2307: Cannot find module '@server/db' or its corresponding type declarations.
2025-07-22T14:48:51.311424118Z server/services/loyalty/enhanced-service.ts(60,57): error TS2693: 'LoyaltyProgramStatus' only refers to a type, but is being used as a value here.
2025-07-22T14:48:51.311427298Z server/services/loyalty/enhanced-service.ts(67,34): error TS2693: 'LoyaltyProgramStatus' only refers to a type, but is being used as a value here.
2025-07-22T14:48:51.311473918Z server/services/loyalty/enhanced-service.ts(74,47): error TS2339: Property 'programInsert' does not exist on type '{ member: { insert: (data: unknown) => unknown; update: (data: unknown) => unknown; }; earnPoints: (data: unknown) => unknown; redeemPoints: (data: unknown) => unknown; }'.
2025-07-22T14:48:51.311478159Z server/services/loyalty/enhanced-service.ts(113,47): error TS2339: Property 'programUpdate' does not exist on type '{ member: { insert: (data: unknown) => unknown; update: (data: unknown) => unknown; }; earnPoints: (data: unknown) => unknown; redeemPoints: (data: unknown) => unknown; }'.
2025-07-22T14:48:51.311484899Z server/services/loyalty/enhanced-service.ts(231,47): error TS2339: Property 'memberInsert' does not exist on type '{ member: { insert: (data: unknown) => unknown; update: (data: unknown) => unknown; }; earnPoints: (data: unknown) => unknown; redeemPoints: (data: unknown) => unknown; }'.
2025-07-22T14:48:51.311488049Z server/services/loyalty/enhanced-service.ts(271,47): error TS2339: Property 'memberUpdate' does not exist on type '{ member: { insert: (data: unknown) => unknown; update: (data: unknown) => unknown; }; earnPoints: (data: unknown) => unknown; redeemPoints: (data: unknown) => unknown; }'.
2025-07-22T14:48:51.311493789Z server/services/loyalty/enhanced-service.ts(392,47): error TS2339: Property 'transactionInsert' does not exist on type '{ member: { insert: (data: unknown) => unknown; update: (data: unknown) => unknown; }; earnPoints: (data: unknown) => unknown; redeemPoints: (data: unknown) => unknown; }'.
2025-07-22T14:48:51.311499409Z server/services/loyalty/refactored-service.ts(16,14): error TS2420: Class 'LoyaltyService' incorrectly implements interface 'ILoyaltyService'.
2025-07-22T14:48:51.311510139Z   Type 'LoyaltyService' is missing the following properties from type 'ILoyaltyService': calculatePointsForTransaction, recordPointsEarned, getAvailableRewards, applyReward, and 9 more.
2025-07-22T14:48:51.311516749Z server/services/loyalty/refactored-service.ts(29,26): error TS2339: Property 'loyaltyMembers' does not exist on type 'typeof import("/opt/render/project/src/shared/schema")'.
2025-07-22T14:48:51.31152287Z server/services/loyalty/refactored-service.ts(35,28): error TS2339: Property 'loyaltyMembers' does not exist on type 'typeof import("/opt/render/project/src/shared/schema")'.
2025-07-22T14:48:51.311526179Z server/services/loyalty/refactored-service.ts(41,24): error TS2345: Argument of type 'unknown' is not assignable to parameter of type 'Error'.
2025-07-22T14:48:51.31156597Z server/services/loyalty/refactored-service.ts(52,21): error TS2694: Namespace '"/opt/render/project/src/shared/schema"' has no exported member 'LoyaltyMember'.
2025-07-22T14:48:51.31157049Z server/services/loyalty/refactored-service.ts(56,26): error TS2339: Property 'loyaltyMembers' does not exist on type 'typeof import("/opt/render/project/src/shared/schema")'.
2025-07-22T14:48:51.311581031Z server/services/loyalty/refactored-service.ts(65,26): error TS2339: Property 'loyaltyPrograms' does not exist on type 'typeof import("/opt/render/project/src/shared/schema")'.
2025-07-22T14:48:51.31158338Z server/services/loyalty/refactored-service.ts(78,21): error TS2339: Property 'loyaltyTiers' does not exist on type 'typeof import("/opt/render/project/src/shared/schema")'.
2025-07-22T14:48:51.311598551Z server/services/loyalty/refactored-service.ts(79,21): error TS2339: Property 'loyaltyTiers' does not exist on type 'typeof import("/opt/render/project/src/shared/schema")'.
2025-07-22T14:48:51.311607501Z server/services/loyalty/refactored-service.ts(81,29): error TS2339: Property 'loyaltyTiers' does not exist on type 'typeof import("/opt/render/project/src/shared/schema")'.
2025-07-22T14:48:51.311610411Z server/services/loyalty/refactored-service.ts(102,47): error TS2339: Property 'loyaltyMembers' does not exist on type 'typeof import("/opt/render/project/src/shared/schema")'.
2025-07-22T14:48:51.311613411Z server/services/loyalty/refactored-service.ts(103,17): error TS2769: No overload matches this call.
2025-07-22T14:48:51.311615991Z   Overload 1 of 2, '(value: { [x: string]: any; }): PgInsertBase<any, NeonQueryResultHKT, undefined, false, never>', gave the following error.
2025-07-22T14:48:51.311620751Z     Argument of type 'unknown' is not assignable to parameter of type '{ [x: string]: any; }'.
2025-07-22T14:48:51.311623551Z   Overload 2 of 2, '(values: { [x: string]: any; }[]): PgInsertBase<any, NeonQueryResultHKT, undefined, false, never>', gave the following error.
2025-07-22T14:48:51.311626211Z     Argument of type 'unknown' is not assignable to parameter of type '{ [x: string]: any; }[]'.
2025-07-22T14:48:51.311632021Z server/services/loyalty/refactored-service.ts(112,24): error TS2345: Argument of type 'unknown' is not assignable to parameter of type 'Error'.
2025-07-22T14:48:51.311635052Z server/services/loyalty/refactored-service.ts(136,26): error TS2339: Property 'loyaltyMembers' does not exist on type 'typeof import("/opt/render/project/src/shared/schema")'.
2025-07-22T14:48:51.311637732Z server/services/loyalty/refactored-service.ts(157,30): error TS2339: Property 'loyaltyTransactions' does not exist on type 'typeof import("/opt/render/project/src/shared/schema")'.
2025-07-22T14:48:51.311679352Z server/services/loyalty/refactored-service.ts(167,30): error TS2339: Property 'loyaltyMembers' does not exist on type 'typeof import("/opt/render/project/src/shared/schema")'.
2025-07-22T14:48:51.311683742Z server/services/loyalty/refactored-service.ts(174,26): error TS2339: Property 'loyaltyMembers' does not exist on type 'typeof import("/opt/render/project/src/shared/schema")'.
2025-07-22T14:48:51.311699103Z server/services/loyalty/refactored-service.ts(184,24): error TS2345: Argument of type 'unknown' is not assignable to parameter of type 'Error'.
2025-07-22T14:48:51.311703333Z server/services/loyalty/refactored-service.ts(194,26): error TS2339: Property 'loyaltyMembers' does not exist on type 'typeof import("/opt/render/project/src/shared/schema")'.
2025-07-22T14:48:51.311709063Z server/services/loyalty/refactored-service.ts(202,26): error TS2339: Property 'loyaltyTiers' does not exist on type 'typeof import("/opt/render/project/src/shared/schema")'.
2025-07-22T14:48:51.311711623Z server/services/loyalty/refactored-service.ts(208,21): error TS2339: Property 'loyaltyTiers' does not exist on type 'typeof import("/opt/render/project/src/shared/schema")'.
2025-07-22T14:48:51.311746034Z server/services/loyalty/refactored-service.ts(209,21): error TS2339: Property 'loyaltyTiers' does not exist on type 'typeof import("/opt/render/project/src/shared/schema")'.
2025-07-22T14:48:51.311748763Z server/services/loyalty/refactored-service.ts(210,21): error TS2339: Property 'loyaltyTiers' does not exist on type 'typeof import("/opt/render/project/src/shared/schema")'.
2025-07-22T14:48:51.311752764Z server/services/loyalty/refactored-service.ts(212,29): error TS2339: Property 'loyaltyTiers' does not exist on type 'typeof import("/opt/render/project/src/shared/schema")'.
2025-07-22T14:48:51.311756524Z server/services/loyalty/refactored-service.ts(217,32): error TS2339: Property 'loyaltyMembers' does not exist on type 'typeof import("/opt/render/project/src/shared/schema")'.
2025-07-22T14:48:51.311776324Z server/services/loyalty/refactored-service.ts(222,28): error TS2339: Property 'loyaltyMembers' does not exist on type 'typeof import("/opt/render/project/src/shared/schema")'.
2025-07-22T14:48:51.311806285Z server/services/loyalty/refactored-service.ts(229,24): error TS2345: Argument of type 'unknown' is not assignable to parameter of type 'Error'.
2025-07-22T14:48:51.311816225Z server/services/loyalty/refactored-service.ts(242,28): error TS2694: Namespace '"/opt/render/project/src/shared/schema"' has no exported member 'LoyaltyProgram'.
2025-07-22T14:48:51.311819305Z server/services/loyalty/refactored-service.ts(251,65): error TS2339: Property 'loyaltyMembers' does not exist on type 'typeof import("/opt/render/project/src/shared/schema")'.
2025-07-22T14:48:51.311821945Z server/services/loyalty/refactored-service.ts(253,24): error TS2339: Property 'loyaltyMembers' does not exist on type 'typeof import("/opt/render/project/src/shared/schema")'.
2025-07-22T14:48:51.311906226Z server/services/loyalty/refactored-service.ts(254,28): error TS2339: Property 'loyaltyMembers' does not exist on type 'typeof import("/opt/render/project/src/shared/schema")'.
2025-07-22T14:48:51.311910157Z server/services/loyalty/refactored-service.ts(259,55): error TS2339: Property 'loyaltyTransactions' does not exist on type 'typeof import("/opt/render/project/src/shared/schema")'.
2025-07-22T14:48:51.311925307Z server/services/loyalty/refactored-service.ts(262,24): error TS2339: Property 'loyaltyMembers' does not exist on type 'typeof import("/opt/render/project/src/shared/schema")'.
2025-07-22T14:48:51.311928577Z server/services/loyalty/refactored-service.ts(263,28): error TS2339: Property 'loyaltyMembers' does not exist on type 'typeof import("/opt/render/project/src/shared/schema")'.
2025-07-22T14:48:51.311937947Z server/services/loyalty/refactored-service.ts(264,28): error TS2339: Property 'loyaltyTransactions' does not exist on type 'typeof import("/opt/render/project/src/shared/schema")'.
2025-07-22T14:48:51.311939807Z server/services/loyalty/refactored-service.ts(264,59): error TS2339: Property 'loyaltyTransactions' does not exist on type 'typeof import("/opt/render/project/src/shared/schema")'.
2025-07-22T14:48:51.311941467Z server/services/loyalty/refactored-service.ts(264,96): error TS2339: Property 'loyaltyMembers' does not exist on type 'typeof import("/opt/render/project/src/shared/schema")'.
2025-07-22T14:48:51.311948567Z server/services/loyalty/refactored-service.ts(268,28): error TS2339: Property 'loyaltyPrograms' does not exist on type 'typeof import("/opt/render/project/src/shared/schema")'.
2025-07-22T14:48:51.311950417Z server/services/loyalty/refactored-service.ts(274,26): error TS2339: Property 'loyaltyRewards' does not exist on type 'typeof import("/opt/render/project/src/shared/schema")'.
2025-07-22T14:48:51.311952107Z server/services/loyalty/refactored-service.ts(277,24): error TS2339: Property 'loyaltyRewards' does not exist on type 'typeof import("/opt/render/project/src/shared/schema")'.
2025-07-22T14:48:51.311953737Z server/services/loyalty/refactored-service.ts(278,28): error TS2339: Property 'loyaltyRewards' does not exist on type 'typeof import("/opt/render/project/src/shared/schema")'.
2025-07-22T14:48:51.311955457Z server/services/loyalty/refactored-service.ts(299,24): error TS2345: Argument of type 'unknown' is not assignable to parameter of type 'Error'.
2025-07-22T14:48:51.311963467Z server/services/loyalty/service.ts(24,26): error TS2339: Property 'loyaltyMembers' does not exist on type 'typeof import("/opt/render/project/src/shared/schema")'.
2025-07-22T14:48:51.311965247Z server/services/loyalty/service.ts(30,28): error TS2339: Property 'loyaltyMembers' does not exist on type 'typeof import("/opt/render/project/src/shared/schema")'.
2025-07-22T14:48:51.311966978Z server/services/loyalty/service.ts(36,24): error TS2345: Argument of type 'unknown' is not assignable to parameter of type 'Error'.
2025-07-22T14:48:51.311970578Z server/services/loyalty/service.ts(44,21): error TS2694: Namespace '"/opt/render/project/src/shared/schema"' has no exported member 'LoyaltyMember'.
2025-07-22T14:48:51.311972838Z server/services/loyalty/service.ts(47,26): error TS2339: Property 'loyaltyMembers' does not exist on type 'typeof import("/opt/render/project/src/shared/schema")'.
2025-07-22T14:48:51.311975638Z server/services/loyalty/service.ts(55,45): error TS2339: Property 'loyaltyMembers' does not exist on type 'typeof import("/opt/render/project/src/shared/schema")'.
2025-07-22T14:48:51.311979858Z server/services/loyalty/service.ts(67,24): error TS2345: Argument of type 'unknown' is not assignable to parameter of type 'Error'.
2025-07-22T14:48:51.311986908Z server/services/loyalty/service.ts(87,24): error TS2345: Argument of type 'unknown' is not assignable to parameter of type 'Error'.
2025-07-22T14:48:51.311991858Z server/services/loyalty/service.ts(96,55): error TS2694: Namespace '"/opt/render/project/src/shared/schema"' has no exported member 'LoyaltyTransaction'.
2025-07-22T14:48:51.311994598Z server/services/loyalty/service.ts(100,49): error TS2339: Property 'loyaltyTransactions' does not exist on type 'typeof import("/opt/render/project/src/shared/schema")'.
2025-07-22T14:48:51.312000408Z server/services/loyalty/service.ts(111,32): error TS2339: Property 'loyaltyMembers' does not exist on type 'typeof import("/opt/render/project/src/shared/schema")'.
2025-07-22T14:48:51.312003038Z server/services/loyalty/service.ts(113,42): error TS2339: Property 'loyaltyMembers' does not exist on type 'typeof import("/opt/render/project/src/shared/schema")'.
2025-07-22T14:48:51.312019739Z server/services/loyalty/service.ts(117,28): error TS2339: Property 'loyaltyMembers' does not exist on type 'typeof import("/opt/render/project/src/shared/schema")'.
2025-07-22T14:48:51.312023808Z server/services/loyalty/service.ts(130,24): error TS2345: Argument of type 'unknown' is not assignable to parameter of type 'Error'.
2025-07-22T14:48:51.312029439Z server/services/loyalty/service.ts(134,63): error TS2694: Namespace '"/opt/render/project/src/shared/schema"' has no exported member 'LoyaltyReward'.
2025-07-22T14:48:51.312055709Z server/services/loyalty/service.ts(137,26): error TS2339: Property 'loyaltyMembers' does not exist on type 'typeof import("/opt/render/project/src/shared/schema")'.
2025-07-22T14:48:51.312065579Z server/services/loyalty/service.ts(146,22): error TS2339: Property 'loyaltyRewards' does not exist on type 'typeof import("/opt/render/project/src/shared/schema")'.
2025-07-22T14:48:51.312133061Z server/services/loyalty/service.ts(149,23): error TS2339: Property 'loyaltyRewards' does not exist on type 'typeof import("/opt/render/project/src/shared/schema")'.
2025-07-22T14:48:51.312137761Z server/services/loyalty/service.ts(150,13): error TS2304: Cannot find name 'gte'.
2025-07-22T14:48:51.312140641Z server/services/loyalty/service.ts(150,24): error TS2339: Property 'loyaltyRewards' does not exist on type 'typeof import("/opt/render/project/src/shared/schema")'.
2025-07-22T14:48:51.312144761Z server/services/loyalty/service.ts(153,29): error TS2339: Property 'loyaltyRewards' does not exist on type 'typeof import("/opt/render/project/src/shared/schema")'.
2025-07-22T14:48:51.312197802Z server/services/loyalty/service.ts(155,24): error TS2345: Argument of type 'unknown' is not assignable to parameter of type 'Error'.
2025-07-22T14:48:51.312204572Z server/services/loyalty/service.ts(173,28): error TS2339: Property 'loyaltyMembers' does not exist on type 'typeof import("/opt/render/project/src/shared/schema")'.
2025-07-22T14:48:51.312207562Z server/services/loyalty/service.ts(181,28): error TS2339: Property 'loyaltyRewards' does not exist on type 'typeof import("/opt/render/project/src/shared/schema")'.
2025-07-22T14:48:51.312210202Z server/services/loyalty/service.ts(193,51): error TS2339: Property 'loyaltyRewardRedemptions' does not exist on type 'typeof import("/opt/render/project/src/shared/schema")'.
2025-07-22T14:48:51.312212562Z server/services/loyalty/service.ts(204,32): error TS2339: Property 'loyaltyMembers' does not exist on type 'typeof import("/opt/render/project/src/shared/schema")'.
2025-07-22T14:48:51.312215122Z server/services/loyalty/service.ts(206,42): error TS2339: Property 'loyaltyMembers' does not exist on type 'typeof import("/opt/render/project/src/shared/schema")'.
2025-07-22T14:48:51.312227482Z server/services/loyalty/service.ts(210,28): error TS2339: Property 'loyaltyMembers' does not exist on type 'typeof import("/opt/render/project/src/shared/schema")'.
2025-07-22T14:48:51.312233622Z server/services/loyalty/service.ts(222,24): error TS2345: Argument of type 'unknown' is not assignable to parameter of type 'Error'.
2025-07-22T14:48:51.312236563Z server/services/loyalty/service.ts(226,71): error TS2694: Namespace '"/opt/render/project/src/shared/schema"' has no exported member 'LoyaltyMember'.
2025-07-22T14:48:51.312238823Z server/services/loyalty/service.ts(230,28): error TS2339: Property 'loyaltyMembers' does not exist on type 'typeof import("/opt/render/project/src/shared/schema")'.
2025-07-22T14:48:51.312244612Z server/services/loyalty/service.ts(235,26): error TS2339: Property 'loyaltyMembers' does not exist on type 'typeof import("/opt/render/project/src/shared/schema")'.
2025-07-22T14:48:51.312247193Z server/services/loyalty/service.ts(238,24): error TS2345: Argument of type 'unknown' is not assignable to parameter of type 'Error'.
2025-07-22T14:48:51.312251993Z server/services/loyalty/service.ts(242,74): error TS2694: Namespace '"/opt/render/project/src/shared/schema"' has no exported member 'LoyaltyMember'.
2025-07-22T14:48:51.312282133Z server/services/loyalty/service.ts(245,26): error TS2339: Property 'loyaltyMembers' does not exist on type 'typeof import("/opt/render/project/src/shared/schema")'.
2025-07-22T14:48:51.312287773Z server/services/loyalty/service.ts(248,24): error TS2345: Argument of type 'unknown' is not assignable to parameter of type 'Error'.
2025-07-22T14:48:51.312327584Z server/services/loyalty/service.ts(256,21): error TS2694: Namespace '"/opt/render/project/src/shared/schema"' has no exported member 'LoyaltyTransaction'.
2025-07-22T14:48:51.312353754Z server/services/loyalty/service.ts(260,22): error TS2339: Property 'loyaltyTransactions' does not exist on type 'typeof import("/opt/render/project/src/shared/schema")'.
2025-07-22T14:48:51.312368495Z server/services/loyalty/service.ts(261,26): error TS2339: Property 'loyaltyTransactions' does not exist on type 'typeof import("/opt/render/project/src/shared/schema")'.
2025-07-22T14:48:51.312392585Z server/services/loyalty/service.ts(262,30): error TS2339: Property 'loyaltyTransactions' does not exist on type 'typeof import("/opt/render/project/src/shared/schema")'.
2025-07-22T14:48:51.312395995Z server/services/loyalty/service.ts(266,24): error TS2345: Argument of type 'unknown' is not assignable to parameter of type 'Error'.
2025-07-22T14:48:51.312422286Z server/services/loyalty/service.ts(270,60): error TS2694: Namespace '"/opt/render/project/src/shared/schema"' has no exported member 'LoyaltyProgram'.
2025-07-22T14:48:51.312425256Z server/services/loyalty/service.ts(273,26): error TS2339: Property 'loyaltyPrograms' does not exist on type 'typeof import("/opt/render/project/src/shared/schema")'.
2025-07-22T14:48:51.312462236Z server/services/loyalty/service.ts(276,24): error TS2345: Argument of type 'unknown' is not assignable to parameter of type 'Error'.
2025-07-22T14:48:51.312465396Z server/services/loyalty/service.ts(282,33): error TS2694: Namespace '"/opt/render/project/src/shared/schema"' has no exported member 'LoyaltyProgramInsert'.
2025-07-22T14:48:51.312492227Z server/services/loyalty/service.ts(283,21): error TS2694: Namespace '"/opt/render/project/src/shared/schema"' has no exported member 'LoyaltyProgram'.
2025-07-22T14:48:51.312495017Z server/services/loyalty/service.ts(286,26): error TS2339: Property 'loyaltyPrograms' does not exist on type 'typeof import("/opt/render/project/src/shared/schema")'.
2025-07-22T14:48:51.312515068Z server/services/loyalty/service.ts(290,39): error TS2339: Property 'loyaltyPrograms' does not exist on type 'typeof import("/opt/render/project/src/shared/schema")'.
2025-07-22T14:48:51.312517728Z server/services/loyalty/service.ts(292,28): error TS2339: Property 'loyaltyPrograms' does not exist on type 'typeof import("/opt/render/project/src/shared/schema")'.
2025-07-22T14:48:51.312522668Z server/services/loyalty/service.ts(297,37): error TS2339: Property 'loyaltyPrograms' does not exist on type 'typeof import("/opt/render/project/src/shared/schema")'.
2025-07-22T14:48:51.312525188Z server/services/loyalty/service.ts(305,24): error TS2345: Argument of type 'unknown' is not assignable to parameter of type 'Error'.
2025-07-22T14:48:51.312537618Z server/services/loyalty/service.ts(309,44): error TS2694: Namespace '"/opt/render/project/src/shared/schema"' has no exported member 'LoyaltyTierInsert'.
2025-07-22T14:48:51.312545958Z server/services/loyalty/service.ts(309,79): error TS2694: Namespace '"/opt/render/project/src/shared/schema"' has no exported member 'LoyaltyTier'.
2025-07-22T14:48:51.312548878Z server/services/loyalty/service.ts(311,37): error TS2339: Property 'loyaltyTiers' does not exist on type 'typeof import("/opt/render/project/src/shared/schema")'.
2025-07-22T14:48:51.312554898Z server/services/loyalty/service.ts(316,24): error TS2345: Argument of type 'unknown' is not assignable to parameter of type 'Error'.
2025-07-22T14:48:51.312583909Z server/services/loyalty/service.ts(321,24): error TS2694: Namespace '"/opt/render/project/src/shared/schema"' has no exported member 'LoyaltyRewardInsert'.
2025-07-22T14:48:51.312617599Z server/services/loyalty/service.ts(322,21): error TS2694: Namespace '"/opt/render/project/src/shared/schema"' has no exported member 'LoyaltyReward'.
2025-07-22T14:48:51.312626059Z server/services/loyalty/service.ts(324,37): error TS2339: Property 'loyaltyRewards' does not exist on type 'typeof import("/opt/render/project/src/shared/schema")'.
2025-07-22T14:48:51.31263168Z server/services/loyalty/service.ts(329,24): error TS2345: Argument of type 'unknown' is not assignable to parameter of type 'Error'.
2025-07-22T14:48:51.31263427Z server/services/loyalty/service.ts(340,44): error TS2339: Property 'loyaltyTransactions' does not exist on type 'typeof import("/opt/render/project/src/shared/schema")'.
2025-07-22T14:48:51.312739661Z server/services/loyalty/service.ts(342,22): error TS2339: Property 'loyaltyTransactions' does not exist on type 'typeof import("/opt/render/project/src/shared/schema")'.
2025-07-22T14:48:51.312746242Z server/services/loyalty/service.ts(345,23): error TS2339: Property 'loyaltyTransactions' does not exist on type 'typeof import("/opt/render/project/src/shared/schema")'.
2025-07-22T14:48:51.312749052Z server/services/loyalty/service.ts(346,23): error TS2339: Property 'loyaltyTransactions' does not exist on type 'typeof import("/opt/render/project/src/shared/schema")'.
2025-07-22T14:48:51.312751642Z server/services/loyalty/service.ts(351,32): error TS2339: Property 'loyaltyTransactions' does not exist on type 'typeof import("/opt/render/project/src/shared/schema")'.
2025-07-22T14:48:51.312754172Z server/services/loyalty/service.ts(359,25): error TS2339: Property 'loyaltyTransactions' does not exist on type 'typeof import("/opt/render/project/src/shared/schema")'.
2025-07-22T14:48:51.312756572Z server/services/loyalty/service.ts(360,25): error TS2339: Property 'loyaltyTransactions' does not exist on type 'typeof import("/opt/render/project/src/shared/schema")'.
2025-07-22T14:48:51.312759232Z server/services/loyalty/service.ts(367,24): error TS2345: Argument of type 'unknown' is not assignable to parameter of type 'Error'.
2025-07-22T14:48:51.312761842Z server/services/loyalty/service.ts(374,26): error TS2339: Property 'loyaltyMembers' does not exist on type 'typeof import("/opt/render/project/src/shared/schema")'.
2025-07-22T14:48:51.312764422Z server/services/loyalty/service.ts(387,26): error TS2339: Property 'loyaltyTiers' does not exist on type 'typeof import("/opt/render/project/src/shared/schema")'.
2025-07-22T14:48:51.312767072Z server/services/loyalty/service.ts(393,21): error TS2339: Property 'loyaltyTiers' does not exist on type 'typeof import("/opt/render/project/src/shared/schema")'.
2025-07-22T14:48:51.312769622Z server/services/loyalty/service.ts(394,21): error TS2339: Property 'loyaltyTiers' does not exist on type 'typeof import("/opt/render/project/src/shared/schema")'.
2025-07-22T14:48:51.312772032Z server/services/loyalty/service.ts(395,21): error TS2339: Property 'loyaltyTiers' does not exist on type 'typeof import("/opt/render/project/src/shared/schema")'.
2025-07-22T14:48:51.312774332Z server/services/loyalty/service.ts(397,29): error TS2339: Property 'loyaltyTiers' does not exist on type 'typeof import("/opt/render/project/src/shared/schema")'.
2025-07-22T14:48:51.312786262Z server/services/loyalty/service.ts(404,32): error TS2339: Property 'loyaltyMembers' does not exist on type 'typeof import("/opt/render/project/src/shared/schema")'.
2025-07-22T14:48:51.312788902Z server/services/loyalty/service.ts(410,28): error TS2339: Property 'loyaltyMembers' does not exist on type 'typeof import("/opt/render/project/src/shared/schema")'.
2025-07-22T14:48:51.312791542Z server/services/loyalty/service.ts(417,24): error TS2345: Argument of type 'unknown' is not assignable to parameter of type 'Error'.
2025-07-22T14:48:51.312801893Z server/services/loyalty/service.ts(427,28): error TS2694: Namespace '"/opt/render/project/src/shared/schema"' has no exported member 'LoyaltyProgram'.
2025-07-22T14:48:51.312804613Z server/services/loyalty/service.ts(435,65): error TS2339: Property 'loyaltyMembers' does not exist on type 'typeof import("/opt/render/project/src/shared/schema")'.
2025-07-22T14:48:51.312817023Z server/services/loyalty/service.ts(437,24): error TS2339: Property 'loyaltyMembers' does not exist on type 'typeof import("/opt/render/project/src/shared/schema")'.
2025-07-22T14:48:51.312829033Z server/services/loyalty/service.ts(438,28): error TS2339: Property 'loyaltyMembers' does not exist on type 'typeof import("/opt/render/project/src/shared/schema")'.
2025-07-22T14:48:51.312833953Z server/services/loyalty/service.ts(446,55): error TS2339: Property 'loyaltyTransactions' does not exist on type 'typeof import("/opt/render/project/src/shared/schema")'.
2025-07-22T14:48:51.312836683Z server/services/loyalty/service.ts(450,24): error TS2339: Property 'loyaltyMembers' does not exist on type 'typeof import("/opt/render/project/src/shared/schema")'.
2025-07-22T14:48:51.312859074Z server/services/loyalty/service.ts(451,28): error TS2339: Property 'loyaltyMembers' does not exist on type 'typeof import("/opt/render/project/src/shared/schema")'.
2025-07-22T14:48:51.312867934Z server/services/loyalty/service.ts(452,28): error TS2339: Property 'loyaltyTransactions' does not exist on type 'typeof import("/opt/render/project/src/shared/schema")'.
2025-07-22T14:48:51.312902884Z server/services/loyalty/service.ts(452,59): error TS2339: Property 'loyaltyTransactions' does not exist on type 'typeof import("/opt/render/project/src/shared/schema")'.
2025-07-22T14:48:51.312906144Z server/services/loyalty/service.ts(452,96): error TS2339: Property 'loyaltyMembers' does not exist on type 'typeof import("/opt/render/project/src/shared/schema")'.
2025-07-22T14:48:51.312908595Z server/services/loyalty/service.ts(455,28): error TS2339: Property 'loyaltyPrograms' does not exist on type 'typeof import("/opt/render/project/src/shared/schema")'.
2025-07-22T14:48:51.312913915Z server/services/loyalty/service.ts(460,26): error TS2339: Property 'loyaltyRewards' does not exist on type 'typeof import("/opt/render/project/src/shared/schema")'.
2025-07-22T14:48:51.312916445Z server/services/loyalty/service.ts(463,24): error TS2339: Property 'loyaltyRewardRedemptions' does not exist on type 'typeof import("/opt/render/project/src/shared/schema")'.
2025-07-22T14:48:51.312940365Z server/services/loyalty/service.ts(464,28): error TS2339: Property 'loyaltyRewardRedemptions' does not exist on type 'typeof import("/opt/render/project/src/shared/schema")'.
2025-07-22T14:48:51.312943285Z server/services/loyalty/service.ts(465,28): error TS2339: Property 'loyaltyRewards' does not exist on type 'typeof import("/opt/render/project/src/shared/schema")'.
2025-07-22T14:48:51.312945575Z server/services/loyalty/service.ts(465,54): error TS2339: Property 'loyaltyRewards' does not exist on type 'typeof import("/opt/render/project/src/shared/schema")'.
2025-07-22T14:48:51.312948095Z server/services/loyalty/service.ts(465,80): error TS2339: Property 'loyaltyRewardRedemptions' does not exist on type 'typeof import("/opt/render/project/src/shared/schema")'.
2025-07-22T14:48:51.312972246Z server/services/loyalty/service.ts(466,27): error TS2339: Property 'loyaltyRewards' does not exist on type 'typeof import("/opt/render/project/src/shared/schema")'.
2025-07-22T14:48:51.312975516Z server/services/loyalty/service.ts(486,24): error TS2345: Argument of type 'unknown' is not assignable to parameter of type 'Error'.
2025-07-22T14:48:51.313004286Z server/services/loyalty/types.ts(4,37): error TS2694: Namespace '"/opt/render/project/src/shared/schema"' has no exported member 'LoyaltyProgram'.
2025-07-22T14:48:51.313007366Z server/services/loyalty/types.ts(5,36): error TS2694: Namespace '"/opt/render/project/src/shared/schema"' has no exported member 'LoyaltyMember'.
2025-07-22T14:48:51.313009826Z server/services/loyalty/types.ts(6,41): error TS2694: Namespace '"/opt/render/project/src/shared/schema"' has no exported member 'LoyaltyTransaction'.
2025-07-22T14:48:51.313025177Z server/services/loyalty/types.ts(15,21): error TS2694: Namespace '"/opt/render/project/src/shared/schema"' has no exported member 'LoyaltyMember'.
2025-07-22T14:48:51.313030627Z server/services/loyalty/types.ts(32,26): error TS2694: Namespace '"/opt/render/project/src/shared/schema"' has no exported member 'LoyaltyTransaction'.
2025-07-22T14:48:51.313033407Z server/services/loyalty/types.ts(34,57): error TS2694: Namespace '"/opt/render/project/src/shared/schema"' has no exported member 'LoyaltyReward'.
2025-07-22T14:48:51.313039437Z server/services/loyalty/types.ts(46,65): error TS2694: Namespace '"/opt/render/project/src/shared/schema"' has no exported member 'LoyaltyMember'.
2025-07-22T14:48:51.313060878Z server/services/loyalty/types.ts(47,68): error TS2694: Namespace '"/opt/render/project/src/shared/schema"' has no exported member 'LoyaltyMember'.
2025-07-22T14:48:51.313063547Z server/services/loyalty/types.ts(52,21): error TS2694: Namespace '"/opt/render/project/src/shared/schema"' has no exported member 'LoyaltyTransaction'.
2025-07-22T14:48:51.313068438Z server/services/loyalty/types.ts(53,54): error TS2694: Namespace '"/opt/render/project/src/shared/schema"' has no exported member 'LoyaltyProgram'.
2025-07-22T14:48:51.313073198Z server/services/loyalty/types.ts(56,33): error TS2694: Namespace '"/opt/render/project/src/shared/schema"' has no exported member 'LoyaltyProgramInsert'.
2025-07-22T14:48:51.313093348Z server/services/loyalty/types.ts(57,21): error TS2694: Namespace '"/opt/render/project/src/shared/schema"' has no exported member 'LoyaltyProgram'.
2025-07-22T14:48:51.313097748Z server/services/loyalty/types.ts(58,38): error TS2694: Namespace '"/opt/render/project/src/shared/schema"' has no exported member 'LoyaltyTierInsert'.
2025-07-22T14:48:51.313100558Z server/services/loyalty/types.ts(58,73): error TS2694: Namespace '"/opt/render/project/src/shared/schema"' has no exported member 'LoyaltyTier'.
2025-07-22T14:48:51.313106228Z server/services/loyalty/types.ts(60,24): error TS2694: Namespace '"/opt/render/project/src/shared/schema"' has no exported member 'LoyaltyRewardInsert'.
2025-07-22T14:48:51.313108878Z server/services/loyalty/types.ts(61,21): error TS2694: Namespace '"/opt/render/project/src/shared/schema"' has no exported member 'LoyaltyReward'.
2025-07-22T14:48:51.313118268Z server/services/loyalty/types.ts(70,28): error TS2694: Namespace '"/opt/render/project/src/shared/schema"' has no exported member 'LoyaltyProgram'.
2025-07-22T14:48:51.313124488Z server/services/loyalty/types.ts(79,23): error TS2304: Cannot find name 'ServiceError'.
2025-07-22T14:48:51.313129979Z server/services/loyalty/types.ts(80,21): error TS2304: Cannot find name 'ServiceError'.
2025-07-22T14:48:51.313154939Z server/services/loyalty/types.ts(81,24): error TS2304: Cannot find name 'ServiceError'.
2025-07-22T14:48:51.313158129Z server/services/loyalty/types.ts(82,19): error TS2304: Cannot find name 'ServiceError'.
2025-07-22T14:48:51.313160869Z server/services/loyalty/types.ts(83,22): error TS2304: Cannot find name 'ServiceError'.
2025-07-22T14:48:51.313172669Z server/services/loyalty/types.ts(84,19): error TS2304: Cannot find name 'ServiceError'.
2025-07-22T14:48:51.313178169Z server/services/loyalty/types.ts(85,21): error TS2304: Cannot find name 'ServiceError'.
2025-07-22T14:48:51.313180909Z server/services/loyalty/types.ts(86,23): error TS2304: Cannot find name 'ServiceError'.
2025-07-22T14:48:51.31318986Z server/services/loyalty/types.ts(90,27): error TS2304: Cannot find name 'ServiceError'.
2025-07-22T14:48:51.31321855Z server/services/loyalty/types.ts(95,25): error TS2304: Cannot find name 'ServiceError'.
2025-07-22T14:48:51.31322236Z server/services/loyalty/types.ts(100,28): error TS2304: Cannot find name 'ServiceError'.
2025-07-22T14:48:51.31323423Z server/services/loyalty/types.ts(105,23): error TS2304: Cannot find name 'ServiceError'.
2025-07-22T14:48:51.313236821Z server/services/loyalty/types.ts(110,26): error TS2304: Cannot find name 'ServiceError'.
2025-07-22T14:48:51.313245551Z server/services/loyalty/types.ts(115,23): error TS2304: Cannot find name 'ServiceError'.
2025-07-22T14:48:51.313258101Z server/services/loyalty/types.ts(120,25): error TS2304: Cannot find name 'ServiceError'.
2025-07-22T14:48:51.313263301Z server/services/loyalty/types.ts(125,27): error TS2304: Cannot find name 'ServiceError'.
2025-07-22T14:48:51.313418144Z server/services/payment.ts(253,19): error TS2724: '"/opt/render/project/src/shared/schema"' has no exported member named 'Subscription'. Did you mean 'subscriptions'?
2025-07-22T14:48:51.313427964Z server/services/payment/clean-payment.ts(251,150): error TS18046: 'error' is of type 'unknown'.
2025-07-22T14:48:51.313444574Z server/services/payment/clean-payment.ts(314,9): error TS2322: Type 'unknown' is not assignable to type 'Error | null'.
2025-07-22T14:48:51.313454194Z server/services/payment/enhanced-payment.ts(356,150): error TS18046: 'error' is of type 'unknown'.
2025-07-22T14:48:51.313457015Z server/services/payment/enhanced-payment.ts(414,9): error TS2322: Type 'unknown' is not assignable to type 'Error | null'.
2025-07-22T14:48:51.313491275Z server/services/payment/fixed-payment.ts(251,150): error TS18046: 'error' is of type 'unknown'.
2025-07-22T14:48:51.313494645Z server/services/payment/fixed-payment.ts(314,9): error TS2322: Type 'unknown' is not assignable to type 'Error | null'.
2025-07-22T14:48:51.313541336Z server/services/payment/payment-service.ts(11,28): error TS2740: Type 'typeof ConsoleLogger' is missing the following properties from type 'Logger': setLevel, getLevel, trace, debug, and 6 more.
2025-07-22T14:48:51.313544756Z server/services/payment/payment-service.ts(15,19): error TS2740: Type 'typeof ConsoleLogger' is missing the following properties from type 'Logger': setLevel, getLevel, trace, debug, and 6 more.
2025-07-22T14:48:51.313547696Z server/services/payment/payment-service.ts(35,11): error TS2554: Expected 2 arguments, but got 1.
2025-07-22T14:48:51.313550116Z server/services/payment/payment-service.ts(94,56): error TS2769: No overload matches this call.
2025-07-22T14:48:51.313552576Z   Overload 1 of 2, '(message: string, meta?: LogMeta | undefined): void', gave the following error.
2025-07-22T14:48:51.313554986Z     Argument of type 'unknown' is not assignable to parameter of type 'LogMeta | undefined'.
2025-07-22T14:48:51.313557936Z   Overload 2 of 2, '(message: string, error: LoggableError | Error, meta?: LogMeta | undefined): void', gave the following error.
2025-07-22T14:48:51.313560516Z     Argument of type 'unknown' is not assignable to parameter of type 'LoggableError | Error'.
2025-07-22T14:48:51.313562936Z server/services/payment/payment-service.ts(118,53): error TS2769: No overload matches this call.
2025-07-22T14:48:51.313565427Z   Overload 1 of 2, '(message: string, meta?: LogMeta | undefined): void', gave the following error.
2025-07-22T14:48:51.313567817Z     Argument of type 'unknown' is not assignable to parameter of type 'LogMeta | undefined'.
2025-07-22T14:48:51.313570177Z   Overload 2 of 2, '(message: string, error: LoggableError | Error, meta?: LogMeta | undefined): void', gave the following error.
2025-07-22T14:48:51.313572627Z     Argument of type 'unknown' is not assignable to parameter of type 'LoggableError | Error'.
2025-07-22T14:48:51.313582767Z server/services/payment/payment-service.ts(140,66): error TS2769: No overload matches this call.
2025-07-22T14:48:51.316721144Z server/services/transaction/service.ts(526,82): error TS2339: Property 'type' does not exist on type 'PgTableWithColumns<{ name: "transactions"; schema: undefined; columns: { id: PgColumn<{ name: "id"; tableName: "transactions"; dataType: "number"; columnType: "PgSerial"; data: number; driverParam: number; notNull: true; ... 7 more ...; generated: undefined; }, {}, {}>; ... 10 more ...; createdAt: PgColumn<...>; }; ...'.
2025-07-22T14:48:51.316725024Z server/services/transaction/service.ts(527,72): error TS2339: Property 'type' does not exist on type 'PgTableWithColumns<{ name: "transactions"; schema: undefined; columns: { id: PgColumn<{ name: "id"; tableName: "transactions"; dataType: "number"; columnType: "PgSerial"; data: number; driverParam: number; notNull: true; ... 7 more ...; generated: undefined; }, {}, {}>; ... 10 more ...; createdAt: PgColumn<...>; }; ...'.
2025-07-22T14:48:51.316749455Z server/services/transaction/service.ts(528,74): error TS2339: Property 'type' does not exist on type 'PgTableWithColumns<{ name: "transactions"; schema: undefined; columns: { id: PgColumn<{ name: "id"; tableName: "transactions"; dataType: "number"; columnType: "PgSerial"; data: number; driverParam: number; notNull: true; ... 7 more ...; generated: undefined; }, {}, {}>; ... 10 more ...; createdAt: PgColumn<...>; }; ...'.
2025-07-22T14:48:51.316754105Z server/services/transaction/service.ts(554,34): error TS2339: Property 'type' does not exist on type 'PgTableWithColumns<{ name: "transactions"; schema: undefined; columns: { id: PgColumn<{ name: "id"; tableName: "transactions"; dataType: "number"; columnType: "PgSerial"; data: number; driverParam: number; notNull: true; ... 7 more ...; generated: undefined; }, {}, {}>; ... 10 more ...; createdAt: PgColumn<...>; }; ...'.
2025-07-22T14:48:51.316760395Z server/services/transaction/service.ts(568,34): error TS2339: Property 'type' does not exist on type 'PgTableWithColumns<{ name: "transactions"; schema: undefined; columns: { id: PgColumn<{ name: "id"; tableName: "transactions"; dataType: "number"; columnType: "PgSerial"; data: number; driverParam: number; notNull: true; ... 7 more ...; generated: undefined; }, {}, {}>; ... 10 more ...; createdAt: PgColumn<...>; }; ...'.
2025-07-22T14:48:51.316763305Z server/services/transaction/service.ts(583,34): error TS2339: Property 'type' does not exist on type 'PgTableWithColumns<{ name: "transactions"; schema: undefined; columns: { id: PgColumn<{ name: "id"; tableName: "transactions"; dataType: "number"; columnType: "PgSerial"; data: number; driverParam: number; notNull: true; ... 7 more ...; generated: undefined; }, {}, {}>; ... 10 more ...; createdAt: PgColumn<...>; }; ...'.
2025-07-22T14:48:51.316780755Z server/services/transaction/service.ts(595,9): error TS2322: Type '{ method: "card" | "cash" | "mobile"; amount: string; count: number; }[]' is not assignable to type '{ method: PaymentMethod; amount: string; count: number; }[]'.
2025-07-22T14:48:51.316784145Z   Type '{ method: "card" | "cash" | "mobile"; amount: string; count: number; }' is not assignable to type '{ method: PaymentMethod; amount: string; count: number; }'.
2025-07-22T14:48:51.316788545Z     Types of property 'method' are incompatible.
2025-07-22T14:48:51.316790505Z       Type '"card" | "cash" | "mobile"' is not assignable to type 'PaymentMethod'.
2025-07-22T14:48:51.316792866Z         Type '"card"' is not assignable to type 'PaymentMethod'.
2025-07-22T14:48:51.316796015Z server/services/transaction/service.ts(600,31): error TS2345: Argument of type 'unknown' is not assignable to parameter of type 'Error'.
2025-07-22T14:48:51.316811146Z server/services/transaction/types.ts(144,70): error TS2724: '"/opt/render/project/src/shared/schema"' has no exported member named 'Transaction'. Did you mean 'transactions'?
2025-07-22T14:48:51.316813956Z server/services/transaction/types.ts(145,93): error TS2724: '"/opt/render/project/src/shared/schema"' has no exported member named 'Transaction'. Did you mean 'transactions'?
2025-07-22T14:48:51.316819086Z server/services/transaction/types.ts(146,61): error TS2724: '"/opt/render/project/src/shared/schema"' has no exported member named 'Transaction'. Did you mean 'transactions'?
2025-07-22T14:48:51.316825836Z server/services/transaction/types.ts(148,26): error TS2724: '"/opt/render/project/src/shared/schema"' has no exported member named 'Transaction'. Did you mean 'transactions'?
2025-07-22T14:48:51.316831406Z server/services/transaction/types.ts(154,26): error TS2724: '"/opt/render/project/src/shared/schema"' has no exported member named 'Transaction'. Did you mean 'transactions'?
2025-07-22T14:48:51.316836346Z server/services/transaction/types.ts(160,26): error TS2724: '"/opt/render/project/src/shared/schema"' has no exported member named 'Transaction'. Did you mean 'transactions'?
2025-07-22T14:48:51.316841926Z server/services/transaction/types.ts(165,55): error TS2694: Namespace '"/opt/render/project/src/shared/schema"' has no exported member 'Return'.
2025-07-22T14:48:51.316888837Z server/services/user/enhanced-service.ts(23,62): error TS2724: '"/opt/render/project/src/shared/schema"' has no exported member named 'User'. Did you mean 'users'?
2025-07-22T14:48:51.316893757Z server/services/user/enhanced-service.ts(26,88): error TS2339: Property 'username' does not exist on type 'PgTableWithColumns<{ name: "users"; schema: undefined; columns: { id: PgColumn<{ name: "id"; tableName: "users"; dataType: "number"; columnType: "PgSerial"; data: number; driverParam: number; notNull: true; hasDefault: true; ... 6 more ...; generated: undefined; }, {}, {}>; ... 7 more ...; updatedAt: PgColumn<...>; ...'.
2025-07-22T14:48:51.316896437Z server/services/user/enhanced-service.ts(55,78): error TS2724: '"/opt/render/project/src/shared/schema"' has no exported member named 'User'. Did you mean 'users'?
2025-07-22T14:48:51.316904877Z server/services/user/enhanced-service.ts(60,90): error TS2339: Property 'username' does not exist on type 'PgTableWithColumns<{ name: "users"; schema: undefined; columns: { id: PgColumn<{ name: "id"; tableName: "users"; dataType: "number"; columnType: "PgSerial"; data: number; driverParam: number; notNull: true; hasDefault: true; ... 6 more ...; generated: undefined; }, {}, {}>; ... 7 more ...; updatedAt: PgColumn<...>; ...'.
2025-07-22T14:48:51.316909048Z server/services/user/enhanced-service.ts(89,53): error TS2724: '"/opt/render/project/src/shared/schema"' has no exported member named 'User'. Did you mean 'users'?
2025-07-22T14:48:51.316911697Z server/services/user/enhanced-service.ts(98,61): error TS2724: '"/opt/render/project/src/shared/schema"' has no exported member named 'User'. Did you mean 'users'?
2025-07-22T14:48:51.316922038Z server/services/user/enhanced-service.ts(103,55): error TS2724: '"/opt/render/project/src/shared/schema"' has no exported member named 'User'. Did you mean 'users'?
2025-07-22T14:48:51.316932728Z server/services/user/enhanced-service.ts(108,81): error TS2724: '"/opt/render/project/src/shared/schema"' has no exported member named 'User'. Did you mean 'users'?
2025-07-22T14:48:51.31701327Z server/services/user/service.ts(24,62): error TS2724: '"/opt/render/project/src/shared/schema"' has no exported member named 'User'. Did you mean 'users'?
2025-07-22T14:48:51.317018879Z server/services/user/service.ts(28,32): error TS2339: Property 'username' does not exist on type 'PgTableWithColumns<{ name: "users"; schema: undefined; columns: { id: PgColumn<{ name: "id"; tableName: "users"; dataType: "number"; columnType: "PgSerial"; data: number; driverParam: number; notNull: true; hasDefault: true; ... 6 more ...; generated: undefined; }, {}, {}>; ... 7 more ...; updatedAt: PgColumn<...>; ...'.
2025-07-22T14:48:51.31703221Z server/services/user/service.ts(65,17): error TS2769: No overload matches this call.
2025-07-22T14:48:51.31703432Z   Overload 1 of 2, '(value: { email: string | SQL<unknown> | Placeholder<string, any>; password: string | SQL<unknown> | Placeholder<string, any>; name: string | SQL<unknown> | Placeholder<...>; ... 5 more ...; updatedAt?: Date | ... 3 more ... | undefined; }): PgInsertBase<...>', gave the following error.
2025-07-22T14:48:51.31703601Z     Argument of type 'unknown' is not assignable to parameter of type '{ email: string | SQL<unknown> | Placeholder<string, any>; password: string | SQL<unknown> | Placeholder<string, any>; name: string | SQL<unknown> | Placeholder<string, any>; ... 5 more ...; updatedAt?: Date | ... 3 more ... | undefined; }'.
2025-07-22T14:48:51.31703942Z   Overload 2 of 2, '(values: { email: string | SQL<unknown> | Placeholder<string, any>; password: string | SQL<unknown> | Placeholder<string, any>; name: string | SQL<unknown> | Placeholder<...>; ... 5 more ...; updatedAt?: Date | ... 3 more ... | undefined; }[]): PgInsertBase<...>', gave the following error.
2025-07-22T14:48:51.31704264Z     Argument of type 'unknown' is not assignable to parameter of type '{ email: string | SQL<unknown> | Placeholder<string, any>; password: string | SQL<unknown> | Placeholder<string, any>; name: string | SQL<unknown> | Placeholder<string, any>; ... 5 more ...; updatedAt?: Date | ... 3 more ... | undefined; }[]'.
2025-07-22T14:48:51.31704561Z server/services/user/service.ts(73,31): error TS2345: Argument of type 'unknown' is not assignable to parameter of type 'Error'.
2025-07-22T14:48:51.3170485Z server/services/user/service.ts(80,78): error TS2724: '"/opt/render/project/src/shared/schema"' has no exported member named 'User'. Did you mean 'users'?
2025-07-22T14:48:51.31705124Z server/services/user/service.ts(92,63): error TS2339: Property 'username' does not exist on type '{ email: string; password: string; name: string; id: number; role: "admin" | "manager" | "cashier" | null; storeId: number | null; isActive: boolean | null; createdAt: Date | null; updatedAt: Date | null; }'.
2025-07-22T14:48:51.31705724Z server/services/user/service.ts(94,34): error TS2339: Property 'username' does not exist on type 'PgTableWithColumns<{ name: "users"; schema: undefined; columns: { id: PgColumn<{ name: "id"; tableName: "users"; dataType: "number"; columnType: "PgSerial"; data: number; driverParam: number; notNull: true; hasDefault: true; ... 6 more ...; generated: undefined; }, {}, {}>; ... 7 more ...; updatedAt: PgColumn<...>; ...'.
2025-07-22T14:48:51.31706031Z server/services/user/service.ts(124,14): error TS2345: Argument of type 'unknown' is not assignable to parameter of type '{ email?: string | SQL<unknown> | PgColumn<ColumnBaseConfig<ColumnDataType, string>, {}, {}> | undefined; password?: string | SQL<unknown> | PgColumn<...> | undefined; ... 6 more ...; updatedAt?: Date | ... 3 more ... | undefined; }'.
2025-07-22T14:48:51.317063Z server/services/user/service.ts(133,31): error TS2345: Argument of type 'unknown' is not assignable to parameter of type 'Error'.
2025-07-22T14:48:51.317075371Z server/services/user/service.ts(152,31): error TS2345: Argument of type 'unknown' is not assignable to parameter of type 'Error'.
2025-07-22T14:48:51.317079191Z server/services/user/service.ts(159,53): error TS2724: '"/opt/render/project/src/shared/schema"' has no exported member named 'User'. Did you mean 'users'?
2025-07-22T14:48:51.317081841Z server/services/user/service.ts(170,31): error TS2345: Argument of type 'unknown' is not assignable to parameter of type 'Error'.
2025-07-22T14:48:51.317086891Z server/services/user/service.ts(177,61): error TS2724: '"/opt/render/project/src/shared/schema"' has no exported member named 'User'. Did you mean 'users'?
2025-07-22T14:48:51.317095711Z server/services/user/service.ts(180,32): error TS2339: Property 'username' does not exist on type 'PgTableWithColumns<{ name: "users"; schema: undefined; columns: { id: PgColumn<{ name: "id"; tableName: "users"; dataType: "number"; columnType: "PgSerial"; data: number; driverParam: number; notNull: true; hasDefault: true; ... 6 more ...; generated: undefined; }, {}, {}>; ... 7 more ...; updatedAt: PgColumn<...>; ...'.
2025-07-22T14:48:51.317368276Z server/services/user/service.ts(188,31): error TS2345: Argument of type 'unknown' is not assignable to parameter of type 'Error'.
2025-07-22T14:48:51.317377186Z server/services/user/service.ts(195,55): error TS2724: '"/opt/render/project/src/shared/schema"' has no exported member named 'User'. Did you mean 'users'?
2025-07-22T14:48:51.317380716Z server/services/user/service.ts(206,31): error TS2345: Argument of type 'unknown' is not assignable to parameter of type 'Error'.
2025-07-22T14:48:51.317383566Z server/services/user/service.ts(213,81): error TS2724: '"/opt/render/project/src/shared/schema"' has no exported member named 'User'. Did you mean 'users'?
2025-07-22T14:48:51.317386546Z server/services/user/service.ts(229,16): error TS2353: Object literal may only specify known properties, and 'lastLogin' does not exist in type '{ email?: string | SQL<unknown> | PgColumn<ColumnBaseConfig<ColumnDataType, string>, {}, {}> | undefined; password?: string | SQL<unknown> | PgColumn<...> | undefined; ... 6 more ...; updatedAt?: Date | ... 3 more ... | undefined; }'.
2025-07-22T14:48:51.317389296Z server/services/user/service.ts(234,31): error TS2345: Argument of type 'unknown' is not assignable to parameter of type 'Error'.
2025-07-22T14:48:51.317393156Z server/services/user/service.ts(279,31): error TS2345: Argument of type 'unknown' is not assignable to parameter of type 'Error'.
2025-07-22T14:48:51.317396316Z server/services/user/service.ts(302,30): error TS2339: Property 'passwordResetTokens' does not exist on type 'typeof import("/opt/render/project/src/shared/schema")'.
2025-07-22T14:48:51.317399106Z server/services/user/service.ts(313,31): error TS2345: Argument of type 'unknown' is not assignable to parameter of type 'Error'.
2025-07-22T14:48:51.317401926Z server/services/user/service.ts(324,26): error TS2339: Property 'passwordResetTokens' does not exist on type 'typeof import("/opt/render/project/src/shared/schema")'.
2025-07-22T14:48:51.317404526Z server/services/user/service.ts(360,30): error TS2339: Property 'passwordResetTokens' does not exist on type 'typeof import("/opt/render/project/src/shared/schema")'.
2025-07-22T14:48:51.317407566Z server/services/user/service.ts(362,26): error TS2339: Property 'passwordResetTokens' does not exist on type 'typeof import("/opt/render/project/src/shared/schema")'.
2025-07-22T14:48:51.317410357Z server/services/user/service.ts(369,31): error TS2345: Argument of type 'unknown' is not assignable to parameter of type 'Error'.
2025-07-22T14:48:51.317413287Z server/services/user/types.ts(54,56): error TS2724: '"/opt/render/project/src/shared/schema"' has no exported member named 'User'. Did you mean 'users'?
2025-07-22T14:48:51.317416027Z server/services/user/types.ts(55,72): error TS2724: '"/opt/render/project/src/shared/schema"' has no exported member named 'User'. Did you mean 'users'?
2025-07-22T14:48:51.317418897Z server/services/user/types.ts(57,47): error TS2724: '"/opt/render/project/src/shared/schema"' has no exported member named 'User'. Did you mean 'users'?
2025-07-22T14:48:51.317421647Z server/services/user/types.ts(58,55): error TS2724: '"/opt/render/project/src/shared/schema"' has no exported member named 'User'. Did you mean 'users'?
2025-07-22T14:48:51.317424397Z server/services/user/types.ts(59,49): error TS2724: '"/opt/render/project/src/shared/schema"' has no exported member named 'User'. Did you mean 'users'?
2025-07-22T14:48:51.317439957Z server/services/user/types.ts(60,75): error TS2724: '"/opt/render/project/src/shared/schema"' has no exported member named 'User'. Did you mean 'users'?
2025-07-22T14:48:51.317443317Z server/services/webhook.ts(75,30): error TS2339: Property 'referenceId' does not exist on type 'PgTableWithColumns<{ name: "transactions"; schema: undefined; columns: { id: PgColumn<{ name: "id"; tableName: "transactions"; dataType: "number"; columnType: "PgSerial"; data: number; driverParam: number; notNull: true; ... 7 more ...; generated: undefined; }, {}, {}>; ... 10 more ...; createdAt: PgColumn<...>; }; ...'.
2025-07-22T14:48:51.317446747Z server/services/webhook.ts(89,15): error TS2339: Property 'paymentStatus' does not exist on type '{ status: "pending" | "completed" | "cancelled" | null; id: number; storeId: number; createdAt: Date | null; userId: number; customerId: number | null; total: string; subtotal: string; tax: string | null; discount: string | null; paymentMethod: "card" | ... 1 more ... | "mobile"; items: unknown; }'.
2025-07-22T14:48:51.317458978Z server/services/webhook.ts(101,9): error TS2353: Object literal may only specify known properties, and 'paymentStatus' does not exist in type '{ storeId?: number | SQL<unknown> | PgColumn<ColumnBaseConfig<ColumnDataType, string>, {}, {}> | undefined; userId?: number | SQL<unknown> | PgColumn<...> | undefined; ... 9 more ...; items?: unknown; }'.
2025-07-22T14:48:51.317462358Z server/services/webhook.ts(176,30): error TS2339: Property 'referenceId' does not exist on type 'PgTableWithColumns<{ name: "transactions"; schema: undefined; columns: { id: PgColumn<{ name: "id"; tableName: "transactions"; dataType: "number"; columnType: "PgSerial"; data: number; driverParam: number; notNull: true; ... 7 more ...; generated: undefined; }, {}, {}>; ... 10 more ...; createdAt: PgColumn<...>; }; ...'.
2025-07-22T14:48:51.317465398Z server/services/webhook.ts(190,15): error TS2339: Property 'paymentStatus' does not exist on type '{ status: "pending" | "completed" | "cancelled" | null; id: number; storeId: number; createdAt: Date | null; userId: number; customerId: number | null; total: string; subtotal: string; tax: string | null; discount: string | null; paymentMethod: "card" | ... 1 more ... | "mobile"; items: unknown; }'.
2025-07-22T14:48:51.317468378Z server/services/webhook.ts(202,9): error TS2353: Object literal may only specify known properties, and 'paymentStatus' does not exist in type '{ storeId?: number | SQL<unknown> | PgColumn<ColumnBaseConfig<ColumnDataType, string>, {}, {}> | undefined; userId?: number | SQL<unknown> | PgColumn<...> | undefined; ... 9 more ...; items?: unknown; }'.
2025-07-22T14:48:51.317471338Z server/services/webhook/service.ts(49,24): error TS2345: Argument of type 'unknown' is not assignable to parameter of type 'Error'.
2025-07-22T14:48:51.317473198Z server/services/webhook/service.ts(91,24): error TS2345: Argument of type 'unknown' is not assignable to parameter of type 'Error'.
2025-07-22T14:48:51.317476438Z server/services/webhook/service.ts(105,18): error TS2304: Cannot find name 'eq'.
2025-07-22T14:48:51.317478278Z server/services/webhook/service.ts(105,34): error TS2339: Property 'referenceId' does not exist on type 'PgTableWithColumns<{ name: "transactions"; schema: undefined; columns: { id: PgColumn<{ name: "id"; tableName: "transactions"; dataType: "number"; columnType: "PgSerial"; data: number; driverParam: number; notNull: true; ... 7 more ...; generated: undefined; }, {}, {}>; ... 10 more ...; createdAt: PgColumn<...>; }; ...'.
2025-07-22T14:48:51.317480058Z server/services/webhook/service.ts(112,62): error TS2769: No overload matches this call.
2025-07-22T14:48:51.317481848Z   Overload 1 of 2, '(value: { storeId: number | SQL<unknown> | Placeholder<string, any>; userId: number | SQL<unknown> | Placeholder<string, any>; total: string | SQL<unknown> | Placeholder<...>; ... 8 more ...; items?: unknown; }): PgInsertBase<...>', gave the following error.
2025-07-22T14:48:51.317488288Z     Type '"paystack"' is not assignable to type '"card" | SQL<unknown> | "cash" | "mobile" | Placeholder<string, any>'.
2025-07-22T14:48:51.317490218Z   Overload 2 of 2, '(values: { storeId: number | SQL<unknown> | Placeholder<string, any>; userId: number | SQL<unknown> | Placeholder<string, any>; total: string | SQL<unknown> | Placeholder<...>; ... 8 more ...; items?: unknown; }[]): PgInsertBase<...>', gave the following error.
2025-07-22T14:48:51.317492128Z     Object literal may only specify known properties, and 'reference' does not exist in type '{ storeId: number | SQL<unknown> | Placeholder<string, any>; userId: number | SQL<unknown> | Placeholder<string, any>; total: string | SQL<unknown> | Placeholder<...>; ... 8 more ...; items?: unknown; }[]'.
2025-07-22T14:48:51.317494258Z server/services/webhook/service.ts(128,32): error TS2339: Property 'reference' does not exist on type '{ status: "pending" | "completed" | "cancelled" | null; id: number; storeId: number; createdAt: Date | null; userId: number; customerId: number | null; total: string; subtotal: string; tax: string | null; discount: string | null; paymentMethod: "card" | ... 1 more ... | "mobile"; items: unknown; }'.
2025-07-22T14:48:51.317510019Z server/services/webhook/service.ts(129,29): error TS2339: Property 'amount' does not exist on type '{ status: "pending" | "completed" | "cancelled" | null; id: number; storeId: number; createdAt: Date | null; userId: number; customerId: number | null; total: string; subtotal: string; tax: string | null; discount: string | null; paymentMethod: "card" | ... 1 more ... | "mobile"; items: unknown; }'.
2025-07-22T14:48:51.317516459Z server/services/webhook/service.ts(132,24): error TS2345: Argument of type 'unknown' is not assignable to parameter of type 'Error'.
2025-07-22T14:48:51.317519179Z server/services/webhook/service.ts(146,18): error TS2304: Cannot find name 'eq'.
2025-07-22T14:48:51.317521849Z server/services/webhook/service.ts(146,34): error TS2339: Property 'referenceId' does not exist on type 'PgTableWithColumns<{ name: "transactions"; schema: undefined; columns: { id: PgColumn<{ name: "id"; tableName: "transactions"; dataType: "number"; columnType: "PgSerial"; data: number; driverParam: number; notNull: true; ... 7 more ...; generated: undefined; }, {}, {}>; ... 10 more ...; createdAt: PgColumn<...>; }; ...'.
2025-07-22T14:48:51.317537359Z server/services/webhook/service.ts(153,62): error TS2769: No overload matches this call.
2025-07-22T14:48:51.317544009Z   Overload 1 of 2, '(value: { storeId: number | SQL<unknown> | Placeholder<string, any>; userId: number | SQL<unknown> | Placeholder<string, any>; total: string | SQL<unknown> | Placeholder<...>; ... 8 more ...; items?: unknown; }): PgInsertBase<...>', gave the following error.
2025-07-22T14:48:51.317547139Z     Type '"paystack"' is not assignable to type '"card" | SQL<unknown> | "cash" | "mobile" | Placeholder<string, any>'.
2025-07-22T14:48:51.317550009Z   Overload 2 of 2, '(values: { storeId: number | SQL<unknown> | Placeholder<string, any>; userId: number | SQL<unknown> | Placeholder<string, any>; total: string | SQL<unknown> | Placeholder<...>; ... 8 more ...; items?: unknown; }[]): PgInsertBase<...>', gave the following error.
2025-07-22T14:48:51.317553009Z     Object literal may only specify known properties, and 'reference' does not exist in type '{ storeId: number | SQL<unknown> | Placeholder<string, any>; userId: number | SQL<unknown> | Placeholder<string, any>; total: string | SQL<unknown> | Placeholder<...>; ... 8 more ...; items?: unknown; }[]'.
2025-07-22T14:48:51.317568089Z server/services/webhook/service.ts(170,32): error TS2339: Property 'reference' does not exist on type '{ status: "pending" | "completed" | "cancelled" | null; id: number; storeId: number; createdAt: Date | null; userId: number; customerId: number | null; total: string; subtotal: string; tax: string | null; discount: string | null; paymentMethod: "card" | ... 1 more ... | "mobile"; items: unknown; }'.
2025-07-22T14:48:51.31758672Z server/services/webhook/service.ts(171,29): error TS2339: Property 'amount' does not exist on type '{ status: "pending" | "completed" | "cancelled" | null; id: number; storeId: number; createdAt: Date | null; userId: number; customerId: number | null; total: string; subtotal: string; tax: string | null; discount: string | null; paymentMethod: "card" | ... 1 more ... | "mobile"; items: unknown; }'.
2025-07-22T14:48:51.31759003Z server/services/webhook/service.ts(174,24): error TS2345: Argument of type 'unknown' is not assignable to parameter of type 'Error'.
2025-07-22T14:48:51.31760081Z server/services/webhook/service.ts(188,18): error TS2304: Cannot find name 'eq'.
2025-07-22T14:48:51.31761128Z server/services/webhook/service.ts(188,34): error TS2339: Property 'referenceId' does not exist on type 'PgTableWithColumns<{ name: "transactions"; schema: undefined; columns: { id: PgColumn<{ name: "id"; tableName: "transactions"; dataType: "number"; columnType: "PgSerial"; data: number; driverParam: number; notNull: true; ... 7 more ...; generated: undefined; }, {}, {}>; ... 10 more ...; createdAt: PgColumn<...>; }; ...'.
2025-07-22T14:48:51.31762135Z server/services/webhook/service.ts(195,62): error TS2769: No overload matches this call.
2025-07-22T14:48:51.317624481Z   Overload 1 of 2, '(value: { storeId: number | SQL<unknown> | Placeholder<string, any>; userId: number | SQL<unknown> | Placeholder<string, any>; total: string | SQL<unknown> | Placeholder<...>; ... 8 more ...; items?: unknown; }): PgInsertBase<...>', gave the following error.
2025-07-22T14:48:52.850662513Z Server test completed